[3.062s] DEBUG:colcon:Command line arguments: ['/usr/bin/colcon', 'build']
[3.063s] DEBUG:colcon:Parsed command line arguments: Namespace(log_base=None, log_level=None, verb_name='build', build_base='build', install_base='install', merge_install=False, symlink_install=False, test_result_base=None, continue_on_error=False, executor='parallel', parallel_workers=2, event_handlers=None, ignore_user_meta=False, metas=['./colcon.meta'], base_paths=['.'], packages_ignore=None, packages_ignore_regex=None, paths=None, packages_up_to=None, packages_up_to_regex=None, packages_above=None, packages_above_and_dependencies=None, packages_above_depth=None, packages_select_by_dep=None, packages_skip_by_dep=None, packages_skip_up_to=None, packages_select_build_failed=False, packages_skip_build_finished=False, packages_select_test_failures=False, packages_skip_test_passed=False, packages_select=None, packages_skip=None, packages_select_regex=None, packages_skip_regex=None, packages_start=None, packages_end=None, allow_overriding=[], cmake_args=None, cmake_target=None, cmake_target_skip_unavailable=False, cmake_clean_cache=False, cmake_clean_first=False, cmake_force_configure=False, ament_cmake_args=None, catkin_cmake_args=None, catkin_skip_building_tests=False, mixin_files=None, mixin=None, verb_parser=<colcon_mixin.mixin.mixin_argument.MixinArgumentDecorator object at 0x713c875980d0>, verb_extension=<colcon_core.verb.build.BuildVerb object at 0x713c87698e20>, main=<bound method BuildVerb.main of <colcon_core.verb.build.BuildVerb object at 0x713c87698e20>>, mixin_verb=('build',))
[11.933s] Level 1:colcon.colcon_core.package_discovery:discover_packages(colcon_meta) check parameters
[11.934s] Level 1:colcon.colcon_core.package_discovery:discover_packages(recursive) check parameters
[11.934s] Level 1:colcon.colcon_core.package_discovery:discover_packages(ignore) check parameters
[11.934s] Level 1:colcon.colcon_core.package_discovery:discover_packages(path) check parameters
[11.935s] Level 1:colcon.colcon_core.package_discovery:discover_packages(colcon_meta) discover
[11.936s] Level 1:colcon.colcon_core.package_discovery:discover_packages(recursive) discover
[11.938s] INFO:colcon.colcon_core.package_discovery:Crawling recursively for packages in '/home/rafael/ROS2Dev/robot_examen2025_ws'
[11.947s] Level 1:colcon.colcon_core.package_identification:_identify(.) by extensions ['ignore', 'ignore_ament_install']
[11.948s] Level 1:colcon.colcon_core.package_identification:_identify(.) by extension 'ignore'
[11.948s] Level 1:colcon.colcon_core.package_identification:_identify(.) by extension 'ignore_ament_install'
[11.948s] Level 1:colcon.colcon_core.package_identification:_identify(.) by extensions ['colcon_pkg']
[11.949s] Level 1:colcon.colcon_core.package_identification:_identify(.) by extension 'colcon_pkg'
[11.950s] Level 1:colcon.colcon_core.package_identification:_identify(.) by extensions ['colcon_meta']
[11.951s] Level 1:colcon.colcon_core.package_identification:_identify(.) by extension 'colcon_meta'
[11.952s] Level 1:colcon.colcon_core.package_identification:_identify(.) by extensions ['ros']
[11.952s] Level 1:colcon.colcon_core.package_identification:_identify(.) by extension 'ros'
[12.254s] Level 1:colcon.colcon_core.package_identification:_identify(.) by extensions ['cmake', 'python']
[12.254s] Level 1:colcon.colcon_core.package_identification:_identify(.) by extension 'cmake'
[12.255s] Level 1:colcon.colcon_core.package_identification:_identify(.) by extension 'python'
[12.255s] Level 1:colcon.colcon_core.package_identification:_identify(.) by extensions ['python_setup_py']
[12.255s] Level 1:colcon.colcon_core.package_identification:_identify(.) by extension 'python_setup_py'
[12.297s] Level 1:colcon.colcon_core.package_identification:_identify(build) by extensions ['ignore', 'ignore_ament_install']
[12.297s] Level 1:colcon.colcon_core.package_identification:_identify(build) by extension 'ignore'
[12.298s] Level 1:colcon.colcon_core.package_identification:_identify(build) ignored
[12.299s] Level 1:colcon.colcon_core.package_identification:_identify(install) by extensions ['ignore', 'ignore_ament_install']
[12.300s] Level 1:colcon.colcon_core.package_identification:_identify(install) by extension 'ignore'
[12.300s] Level 1:colcon.colcon_core.package_identification:_identify(install) ignored
[12.302s] Level 1:colcon.colcon_core.package_identification:_identify(log) by extensions ['ignore', 'ignore_ament_install']
[12.302s] Level 1:colcon.colcon_core.package_identification:_identify(log) by extension 'ignore'
[12.303s] Level 1:colcon.colcon_core.package_identification:_identify(log) ignored
[12.303s] Level 1:colcon.colcon_core.package_identification:_identify(src) by extensions ['ignore', 'ignore_ament_install']
[12.305s] Level 1:colcon.colcon_core.package_identification:_identify(src) by extension 'ignore'
[12.305s] Level 1:colcon.colcon_core.package_identification:_identify(src) by extension 'ignore_ament_install'
[12.305s] Level 1:colcon.colcon_core.package_identification:_identify(src) by extensions ['colcon_pkg']
[12.305s] Level 1:colcon.colcon_core.package_identification:_identify(src) by extension 'colcon_pkg'
[12.306s] Level 1:colcon.colcon_core.package_identification:_identify(src) by extensions ['colcon_meta']
[12.306s] Level 1:colcon.colcon_core.package_identification:_identify(src) by extension 'colcon_meta'
[12.306s] Level 1:colcon.colcon_core.package_identification:_identify(src) by extensions ['ros']
[12.306s] Level 1:colcon.colcon_core.package_identification:_identify(src) by extension 'ros'
[12.307s] Level 1:colcon.colcon_core.package_identification:_identify(src) by extensions ['cmake', 'python']
[12.308s] Level 1:colcon.colcon_core.package_identification:_identify(src) by extension 'cmake'
[12.308s] Level 1:colcon.colcon_core.package_identification:_identify(src) by extension 'python'
[12.309s] Level 1:colcon.colcon_core.package_identification:_identify(src) by extensions ['python_setup_py']
[12.309s] Level 1:colcon.colcon_core.package_identification:_identify(src) by extension 'python_setup_py'
[12.310s] Level 1:colcon.colcon_core.package_identification:_identify(src/scorbot_bringup) by extensions ['ignore', 'ignore_ament_install']
[12.311s] Level 1:colcon.colcon_core.package_identification:_identify(src/scorbot_bringup) by extension 'ignore'
[12.312s] Level 1:colcon.colcon_core.package_identification:_identify(src/scorbot_bringup) by extension 'ignore_ament_install'
[12.313s] Level 1:colcon.colcon_core.package_identification:_identify(src/scorbot_bringup) by extensions ['colcon_pkg']
[12.313s] Level 1:colcon.colcon_core.package_identification:_identify(src/scorbot_bringup) by extension 'colcon_pkg'
[12.313s] Level 1:colcon.colcon_core.package_identification:_identify(src/scorbot_bringup) by extensions ['colcon_meta']
[12.313s] Level 1:colcon.colcon_core.package_identification:_identify(src/scorbot_bringup) by extension 'colcon_meta'
[12.314s] Level 1:colcon.colcon_core.package_identification:_identify(src/scorbot_bringup) by extensions ['ros']
[12.314s] Level 1:colcon.colcon_core.package_identification:_identify(src/scorbot_bringup) by extension 'ros'
[12.330s] DEBUG:colcon.colcon_core.package_identification:Package 'src/scorbot_bringup' with type 'ros.ament_cmake' and name 'scorbot_bringup'
[12.332s] Level 1:colcon.colcon_core.package_identification:_identify(src/scorbot_description) by extensions ['ignore', 'ignore_ament_install']
[12.333s] Level 1:colcon.colcon_core.package_identification:_identify(src/scorbot_description) by extension 'ignore'
[12.333s] Level 1:colcon.colcon_core.package_identification:_identify(src/scorbot_description) by extension 'ignore_ament_install'
[12.334s] Level 1:colcon.colcon_core.package_identification:_identify(src/scorbot_description) by extensions ['colcon_pkg']
[12.334s] Level 1:colcon.colcon_core.package_identification:_identify(src/scorbot_description) by extension 'colcon_pkg'
[12.334s] Level 1:colcon.colcon_core.package_identification:_identify(src/scorbot_description) by extensions ['colcon_meta']
[12.334s] Level 1:colcon.colcon_core.package_identification:_identify(src/scorbot_description) by extension 'colcon_meta'
[12.335s] Level 1:colcon.colcon_core.package_identification:_identify(src/scorbot_description) by extensions ['ros']
[12.335s] Level 1:colcon.colcon_core.package_identification:_identify(src/scorbot_description) by extension 'ros'
[12.357s] DEBUG:colcon.colcon_core.package_identification:Package 'src/scorbot_description' with type 'ros.ament_cmake' and name 'scorbot_description'
[12.357s] Level 1:colcon.colcon_core.package_discovery:discover_packages(recursive) using defaults
[12.358s] Level 1:colcon.colcon_core.package_discovery:discover_packages(ignore) discover
[12.358s] Level 1:colcon.colcon_core.package_discovery:discover_packages(ignore) using defaults
[12.358s] Level 1:colcon.colcon_core.package_discovery:discover_packages(path) discover
[12.358s] Level 1:colcon.colcon_core.package_discovery:discover_packages(path) using defaults
[12.761s] Level 1:colcon.colcon_core.package_discovery:discover_packages(prefix_path) check parameters
[12.761s] Level 1:colcon.colcon_core.package_discovery:discover_packages(prefix_path) discover
[12.863s] DEBUG:colcon.colcon_installed_package_information.package_discovery:Found 7 installed packages in /home/rafael/ROS2Dev/robot_2025_ws/install
[12.881s] DEBUG:colcon.colcon_installed_package_information.package_discovery:Found 333 installed packages in /opt/ros/humble
[12.900s] Level 1:colcon.colcon_core.package_discovery:discover_packages(prefix_path) using defaults
[15.249s] Level 5:colcon.colcon_core.verb:set package 'scorbot_bringup' build argument 'cmake_args' from command line to 'None'
[15.249s] Level 5:colcon.colcon_core.verb:set package 'scorbot_bringup' build argument 'cmake_target' from command line to 'None'
[15.250s] Level 5:colcon.colcon_core.verb:set package 'scorbot_bringup' build argument 'cmake_target_skip_unavailable' from command line to 'False'
[15.250s] Level 5:colcon.colcon_core.verb:set package 'scorbot_bringup' build argument 'cmake_clean_cache' from command line to 'False'
[15.250s] Level 5:colcon.colcon_core.verb:set package 'scorbot_bringup' build argument 'cmake_clean_first' from command line to 'False'
[15.250s] Level 5:colcon.colcon_core.verb:set package 'scorbot_bringup' build argument 'cmake_force_configure' from command line to 'False'
[15.250s] Level 5:colcon.colcon_core.verb:set package 'scorbot_bringup' build argument 'ament_cmake_args' from command line to 'None'
[15.252s] Level 5:colcon.colcon_core.verb:set package 'scorbot_bringup' build argument 'catkin_cmake_args' from command line to 'None'
[15.252s] Level 5:colcon.colcon_core.verb:set package 'scorbot_bringup' build argument 'catkin_skip_building_tests' from command line to 'False'
[15.252s] DEBUG:colcon.colcon_core.verb:Building package 'scorbot_bringup' with the following arguments: {'ament_cmake_args': None, 'build_base': '/home/rafael/ROS2Dev/robot_examen2025_ws/build/scorbot_bringup', 'catkin_cmake_args': None, 'catkin_skip_building_tests': False, 'cmake_args': None, 'cmake_clean_cache': False, 'cmake_clean_first': False, 'cmake_force_configure': False, 'cmake_target': None, 'cmake_target_skip_unavailable': False, 'install_base': '/home/rafael/ROS2Dev/robot_examen2025_ws/install/scorbot_bringup', 'merge_install': False, 'path': '/home/rafael/ROS2Dev/robot_examen2025_ws/src/scorbot_bringup', 'symlink_install': False, 'test_result_base': None}
[15.254s] Level 5:colcon.colcon_core.verb:set package 'scorbot_description' build argument 'cmake_args' from command line to 'None'
[15.255s] Level 5:colcon.colcon_core.verb:set package 'scorbot_description' build argument 'cmake_target' from command line to 'None'
[15.255s] Level 5:colcon.colcon_core.verb:set package 'scorbot_description' build argument 'cmake_target_skip_unavailable' from command line to 'False'
[15.255s] Level 5:colcon.colcon_core.verb:set package 'scorbot_description' build argument 'cmake_clean_cache' from command line to 'False'
[15.255s] Level 5:colcon.colcon_core.verb:set package 'scorbot_description' build argument 'cmake_clean_first' from command line to 'False'
[15.255s] Level 5:colcon.colcon_core.verb:set package 'scorbot_description' build argument 'cmake_force_configure' from command line to 'False'
[15.255s] Level 5:colcon.colcon_core.verb:set package 'scorbot_description' build argument 'ament_cmake_args' from command line to 'None'
[15.256s] Level 5:colcon.colcon_core.verb:set package 'scorbot_description' build argument 'catkin_cmake_args' from command line to 'None'
[15.257s] Level 5:colcon.colcon_core.verb:set package 'scorbot_description' build argument 'catkin_skip_building_tests' from command line to 'False'
[15.257s] DEBUG:colcon.colcon_core.verb:Building package 'scorbot_description' with the following arguments: {'ament_cmake_args': None, 'build_base': '/home/rafael/ROS2Dev/robot_examen2025_ws/build/scorbot_description', 'catkin_cmake_args': None, 'catkin_skip_building_tests': False, 'cmake_args': None, 'cmake_clean_cache': False, 'cmake_clean_first': False, 'cmake_force_configure': False, 'cmake_target': None, 'cmake_target_skip_unavailable': False, 'install_base': '/home/rafael/ROS2Dev/robot_examen2025_ws/install/scorbot_description', 'merge_install': False, 'path': '/home/rafael/ROS2Dev/robot_examen2025_ws/src/scorbot_description', 'symlink_install': False, 'test_result_base': None}
[15.257s] INFO:colcon.colcon_core.executor:Executing jobs using 'parallel' executor
[15.264s] DEBUG:colcon.colcon_parallel_executor.executor.parallel:run_until_complete
[15.265s] INFO:colcon.colcon_ros.task.ament_cmake.build:Building ROS package in '/home/rafael/ROS2Dev/robot_examen2025_ws/src/scorbot_bringup' with build type 'ament_cmake'
[15.265s] INFO:colcon.colcon_cmake.task.cmake.build:Building CMake package in '/home/rafael/ROS2Dev/robot_examen2025_ws/src/scorbot_bringup'
[15.353s] INFO:colcon.colcon_core.plugin_system:Skipping extension 'colcon_core.shell.bat': Not used on non-Windows systems
[15.356s] INFO:colcon.colcon_core.shell:Skip shell extension 'powershell' for command environment: Not usable outside of PowerShell
[15.357s] DEBUG:colcon.colcon_core.shell:Skip shell extension 'dsv' for command environment
[15.416s] INFO:colcon.colcon_ros.task.ament_cmake.build:Building ROS package in '/home/rafael/ROS2Dev/robot_examen2025_ws/src/scorbot_description' with build type 'ament_cmake'
[15.417s] INFO:colcon.colcon_cmake.task.cmake.build:Building CMake package in '/home/rafael/ROS2Dev/robot_examen2025_ws/src/scorbot_description'
[15.418s] INFO:colcon.colcon_core.shell:Skip shell extension 'powershell' for command environment: Not usable outside of PowerShell
[15.419s] DEBUG:colcon.colcon_core.shell:Skip shell extension 'dsv' for command environment
[15.540s] DEBUG:colcon.colcon_core.event_handler.log_command:Invoking command in '/home/rafael/ROS2Dev/robot_examen2025_ws/build/scorbot_bringup': CMAKE_PREFIX_PATH=${CMAKE_PREFIX_PATH}:/opt/ros/humble /usr/bin/cmake --build /home/rafael/ROS2Dev/robot_examen2025_ws/build/scorbot_bringup -- -j2 -l2
[15.766s] DEBUG:colcon.colcon_core.event_handler.log_command:Invoking command in '/home/rafael/ROS2Dev/robot_examen2025_ws/build/scorbot_description': CMAKE_PREFIX_PATH=${CMAKE_PREFIX_PATH}:/opt/ros/humble /usr/bin/cmake --build /home/rafael/ROS2Dev/robot_examen2025_ws/build/scorbot_description -- -j2 -l2
[16.350s] DEBUG:colcon.colcon_core.event_handler.log_command:Invoked command in '/home/rafael/ROS2Dev/robot_examen2025_ws/build/scorbot_description' returned '0': CMAKE_PREFIX_PATH=${CMAKE_PREFIX_PATH}:/opt/ros/humble /usr/bin/cmake --build /home/rafael/ROS2Dev/robot_examen2025_ws/build/scorbot_description -- -j2 -l2
[16.675s] DEBUG:colcon.colcon_core.event_handler.log_command:Invoking command in '/home/rafael/ROS2Dev/robot_examen2025_ws/build/scorbot_description': CMAKE_PREFIX_PATH=${CMAKE_PREFIX_PATH}:/opt/ros/humble /usr/bin/cmake --install /home/rafael/ROS2Dev/robot_examen2025_ws/build/scorbot_description
[16.834s] Level 1:colcon.colcon_core.environment:create_environment_scripts_only(scorbot_description)
[16.844s] DEBUG:colcon.colcon_core.event_handler.log_command:Invoked command in '/home/rafael/ROS2Dev/robot_examen2025_ws/build/scorbot_description' returned '0': CMAKE_PREFIX_PATH=${CMAKE_PREFIX_PATH}:/opt/ros/humble /usr/bin/cmake --install /home/rafael/ROS2Dev/robot_examen2025_ws/build/scorbot_description
[16.937s] Level 1:colcon.colcon_core.environment:checking '/home/rafael/ROS2Dev/robot_examen2025_ws/install/scorbot_description' for CMake module files
[16.950s] Level 1:colcon.colcon_core.environment:checking '/home/rafael/ROS2Dev/robot_examen2025_ws/install/scorbot_description' for CMake config files
[16.967s] Level 1:colcon.colcon_core.shell:create_environment_hook('scorbot_description', 'cmake_prefix_path')
[16.969s] INFO:colcon.colcon_core.shell:Creating environment hook '/home/rafael/ROS2Dev/robot_examen2025_ws/install/scorbot_description/share/scorbot_description/hook/cmake_prefix_path.ps1'
[16.999s] INFO:colcon.colcon_core.shell:Creating environment descriptor '/home/rafael/ROS2Dev/robot_examen2025_ws/install/scorbot_description/share/scorbot_description/hook/cmake_prefix_path.dsv'
[17.016s] INFO:colcon.colcon_core.shell:Creating environment hook '/home/rafael/ROS2Dev/robot_examen2025_ws/install/scorbot_description/share/scorbot_description/hook/cmake_prefix_path.sh'
[17.030s] Level 1:colcon.colcon_core.environment:checking '/home/rafael/ROS2Dev/robot_examen2025_ws/install/scorbot_description/bin'
[17.030s] Level 1:colcon.colcon_core.environment:checking '/home/rafael/ROS2Dev/robot_examen2025_ws/install/scorbot_description/lib/pkgconfig/scorbot_description.pc'
[17.034s] Level 1:colcon.colcon_core.environment:checking '/home/rafael/ROS2Dev/robot_examen2025_ws/install/scorbot_description/lib/python3.10/site-packages'
[17.037s] Level 1:colcon.colcon_core.environment:checking '/home/rafael/ROS2Dev/robot_examen2025_ws/install/scorbot_description/bin'
[17.041s] INFO:colcon.colcon_core.shell:Creating package script '/home/rafael/ROS2Dev/robot_examen2025_ws/install/scorbot_description/share/scorbot_description/package.ps1'
[17.053s] INFO:colcon.colcon_core.shell:Creating package descriptor '/home/rafael/ROS2Dev/robot_examen2025_ws/install/scorbot_description/share/scorbot_description/package.dsv'
[17.059s] INFO:colcon.colcon_core.shell:Creating package script '/home/rafael/ROS2Dev/robot_examen2025_ws/install/scorbot_description/share/scorbot_description/package.sh'
[17.071s] INFO:colcon.colcon_core.shell:Creating package script '/home/rafael/ROS2Dev/robot_examen2025_ws/install/scorbot_description/share/scorbot_description/package.bash'
[17.102s] INFO:colcon.colcon_core.shell:Creating package script '/home/rafael/ROS2Dev/robot_examen2025_ws/install/scorbot_description/share/scorbot_description/package.zsh'
[17.125s] Level 1:colcon.colcon_core.environment:create_file_with_runtime_dependencies(/home/rafael/ROS2Dev/robot_examen2025_ws/install/scorbot_description/share/colcon-core/packages/scorbot_description)
[17.347s] Level 1:colcon.colcon_core.environment:create_environment_scripts_only(scorbot_description)
[17.352s] Level 1:colcon.colcon_core.environment:checking '/home/rafael/ROS2Dev/robot_examen2025_ws/install/scorbot_description' for CMake module files
[17.367s] Level 1:colcon.colcon_core.environment:checking '/home/rafael/ROS2Dev/robot_examen2025_ws/install/scorbot_description' for CMake config files
[17.368s] Level 1:colcon.colcon_core.shell:create_environment_hook('scorbot_description', 'cmake_prefix_path')
[17.374s] INFO:colcon.colcon_core.shell:Creating environment hook '/home/rafael/ROS2Dev/robot_examen2025_ws/install/scorbot_description/share/scorbot_description/hook/cmake_prefix_path.ps1'
[17.377s] INFO:colcon.colcon_core.shell:Creating environment descriptor '/home/rafael/ROS2Dev/robot_examen2025_ws/install/scorbot_description/share/scorbot_description/hook/cmake_prefix_path.dsv'
[17.386s] INFO:colcon.colcon_core.shell:Creating environment hook '/home/rafael/ROS2Dev/robot_examen2025_ws/install/scorbot_description/share/scorbot_description/hook/cmake_prefix_path.sh'
[17.391s] Level 1:colcon.colcon_core.environment:checking '/home/rafael/ROS2Dev/robot_examen2025_ws/install/scorbot_description/bin'
[17.395s] Level 1:colcon.colcon_core.environment:checking '/home/rafael/ROS2Dev/robot_examen2025_ws/install/scorbot_description/lib/pkgconfig/scorbot_description.pc'
[17.396s] Level 1:colcon.colcon_core.environment:checking '/home/rafael/ROS2Dev/robot_examen2025_ws/install/scorbot_description/lib/python3.10/site-packages'
[17.400s] Level 1:colcon.colcon_core.environment:checking '/home/rafael/ROS2Dev/robot_examen2025_ws/install/scorbot_description/bin'
[17.404s] INFO:colcon.colcon_core.shell:Creating package script '/home/rafael/ROS2Dev/robot_examen2025_ws/install/scorbot_description/share/scorbot_description/package.ps1'
[17.410s] INFO:colcon.colcon_core.shell:Creating package descriptor '/home/rafael/ROS2Dev/robot_examen2025_ws/install/scorbot_description/share/scorbot_description/package.dsv'
[17.415s] INFO:colcon.colcon_core.shell:Creating package script '/home/rafael/ROS2Dev/robot_examen2025_ws/install/scorbot_description/share/scorbot_description/package.sh'
[17.422s] INFO:colcon.colcon_core.shell:Creating package script '/home/rafael/ROS2Dev/robot_examen2025_ws/install/scorbot_description/share/scorbot_description/package.bash'
[17.427s] INFO:colcon.colcon_core.shell:Creating package script '/home/rafael/ROS2Dev/robot_examen2025_ws/install/scorbot_description/share/scorbot_description/package.zsh'
[17.432s] Level 1:colcon.colcon_core.environment:create_file_with_runtime_dependencies(/home/rafael/ROS2Dev/robot_examen2025_ws/install/scorbot_description/share/colcon-core/packages/scorbot_description)
[19.535s] DEBUG:colcon.colcon_core.event_handler.log_command:Invoked command in '/home/rafael/ROS2Dev/robot_examen2025_ws/build/scorbot_bringup' returned '0': CMAKE_PREFIX_PATH=${CMAKE_PREFIX_PATH}:/opt/ros/humble /usr/bin/cmake --build /home/rafael/ROS2Dev/robot_examen2025_ws/build/scorbot_bringup -- -j2 -l2
[19.702s] DEBUG:colcon.colcon_core.event_handler.log_command:Invoking command in '/home/rafael/ROS2Dev/robot_examen2025_ws/build/scorbot_bringup': CMAKE_PREFIX_PATH=${CMAKE_PREFIX_PATH}:/opt/ros/humble /usr/bin/cmake --install /home/rafael/ROS2Dev/robot_examen2025_ws/build/scorbot_bringup
[20.249s] Level 1:colcon.colcon_core.environment:create_environment_scripts_only(scorbot_bringup)
[20.252s] Level 1:colcon.colcon_core.environment:checking '/home/rafael/ROS2Dev/robot_examen2025_ws/install/scorbot_bringup' for CMake module files
[20.258s] DEBUG:colcon.colcon_core.event_handler.log_command:Invoked command in '/home/rafael/ROS2Dev/robot_examen2025_ws/build/scorbot_bringup' returned '0': CMAKE_PREFIX_PATH=${CMAKE_PREFIX_PATH}:/opt/ros/humble /usr/bin/cmake --install /home/rafael/ROS2Dev/robot_examen2025_ws/build/scorbot_bringup
[20.269s] Level 1:colcon.colcon_core.environment:checking '/home/rafael/ROS2Dev/robot_examen2025_ws/install/scorbot_bringup' for CMake config files
[20.272s] Level 1:colcon.colcon_core.shell:create_environment_hook('scorbot_bringup', 'cmake_prefix_path')
[20.273s] INFO:colcon.colcon_core.shell:Creating environment hook '/home/rafael/ROS2Dev/robot_examen2025_ws/install/scorbot_bringup/share/scorbot_bringup/hook/cmake_prefix_path.ps1'
[20.278s] INFO:colcon.colcon_core.shell:Creating environment descriptor '/home/rafael/ROS2Dev/robot_examen2025_ws/install/scorbot_bringup/share/scorbot_bringup/hook/cmake_prefix_path.dsv'
[20.281s] INFO:colcon.colcon_core.shell:Creating environment hook '/home/rafael/ROS2Dev/robot_examen2025_ws/install/scorbot_bringup/share/scorbot_bringup/hook/cmake_prefix_path.sh'
[20.286s] Level 1:colcon.colcon_core.environment:checking '/home/rafael/ROS2Dev/robot_examen2025_ws/install/scorbot_bringup/lib'
[20.300s] Level 1:colcon.colcon_core.environment:checking '/home/rafael/ROS2Dev/robot_examen2025_ws/install/scorbot_bringup/bin'
[20.301s] Level 1:colcon.colcon_core.environment:checking '/home/rafael/ROS2Dev/robot_examen2025_ws/install/scorbot_bringup/lib/pkgconfig/scorbot_bringup.pc'
[20.303s] Level 1:colcon.colcon_core.environment:checking '/home/rafael/ROS2Dev/robot_examen2025_ws/install/scorbot_bringup/lib/python3.10/site-packages'
[20.304s] Level 1:colcon.colcon_core.environment:checking '/home/rafael/ROS2Dev/robot_examen2025_ws/install/scorbot_bringup/bin'
[20.309s] INFO:colcon.colcon_core.shell:Creating package script '/home/rafael/ROS2Dev/robot_examen2025_ws/install/scorbot_bringup/share/scorbot_bringup/package.ps1'
[20.313s] INFO:colcon.colcon_core.shell:Creating package descriptor '/home/rafael/ROS2Dev/robot_examen2025_ws/install/scorbot_bringup/share/scorbot_bringup/package.dsv'
[20.315s] INFO:colcon.colcon_core.shell:Creating package script '/home/rafael/ROS2Dev/robot_examen2025_ws/install/scorbot_bringup/share/scorbot_bringup/package.sh'
[20.320s] INFO:colcon.colcon_core.shell:Creating package script '/home/rafael/ROS2Dev/robot_examen2025_ws/install/scorbot_bringup/share/scorbot_bringup/package.bash'
[20.322s] INFO:colcon.colcon_core.shell:Creating package script '/home/rafael/ROS2Dev/robot_examen2025_ws/install/scorbot_bringup/share/scorbot_bringup/package.zsh'
[20.325s] Level 1:colcon.colcon_core.environment:create_file_with_runtime_dependencies(/home/rafael/ROS2Dev/robot_examen2025_ws/install/scorbot_bringup/share/colcon-core/packages/scorbot_bringup)
[20.542s] Level 1:colcon.colcon_core.environment:create_environment_scripts_only(scorbot_bringup)
[20.545s] Level 1:colcon.colcon_core.environment:checking '/home/rafael/ROS2Dev/robot_examen2025_ws/install/scorbot_bringup' for CMake module files
[20.570s] Level 1:colcon.colcon_core.environment:checking '/home/rafael/ROS2Dev/robot_examen2025_ws/install/scorbot_bringup' for CMake config files
[20.572s] Level 1:colcon.colcon_core.shell:create_environment_hook('scorbot_bringup', 'cmake_prefix_path')
[20.574s] INFO:colcon.colcon_core.shell:Creating environment hook '/home/rafael/ROS2Dev/robot_examen2025_ws/install/scorbot_bringup/share/scorbot_bringup/hook/cmake_prefix_path.ps1'
[20.580s] INFO:colcon.colcon_core.shell:Creating environment descriptor '/home/rafael/ROS2Dev/robot_examen2025_ws/install/scorbot_bringup/share/scorbot_bringup/hook/cmake_prefix_path.dsv'
[20.582s] INFO:colcon.colcon_core.shell:Creating environment hook '/home/rafael/ROS2Dev/robot_examen2025_ws/install/scorbot_bringup/share/scorbot_bringup/hook/cmake_prefix_path.sh'
[20.588s] Level 1:colcon.colcon_core.environment:checking '/home/rafael/ROS2Dev/robot_examen2025_ws/install/scorbot_bringup/lib'
[20.589s] Level 1:colcon.colcon_core.environment:checking '/home/rafael/ROS2Dev/robot_examen2025_ws/install/scorbot_bringup/bin'
[20.589s] Level 1:colcon.colcon_core.environment:checking '/home/rafael/ROS2Dev/robot_examen2025_ws/install/scorbot_bringup/lib/pkgconfig/scorbot_bringup.pc'
[20.592s] Level 1:colcon.colcon_core.environment:checking '/home/rafael/ROS2Dev/robot_examen2025_ws/install/scorbot_bringup/lib/python3.10/site-packages'
[20.593s] Level 1:colcon.colcon_core.environment:checking '/home/rafael/ROS2Dev/robot_examen2025_ws/install/scorbot_bringup/bin'
[20.595s] INFO:colcon.colcon_core.shell:Creating package script '/home/rafael/ROS2Dev/robot_examen2025_ws/install/scorbot_bringup/share/scorbot_bringup/package.ps1'
[20.598s] INFO:colcon.colcon_core.shell:Creating package descriptor '/home/rafael/ROS2Dev/robot_examen2025_ws/install/scorbot_bringup/share/scorbot_bringup/package.dsv'
[20.603s] INFO:colcon.colcon_core.shell:Creating package script '/home/rafael/ROS2Dev/robot_examen2025_ws/install/scorbot_bringup/share/scorbot_bringup/package.sh'
[20.608s] INFO:colcon.colcon_core.shell:Creating package script '/home/rafael/ROS2Dev/robot_examen2025_ws/install/scorbot_bringup/share/scorbot_bringup/package.bash'
[20.611s] INFO:colcon.colcon_core.shell:Creating package script '/home/rafael/ROS2Dev/robot_examen2025_ws/install/scorbot_bringup/share/scorbot_bringup/package.zsh'
[20.615s] Level 1:colcon.colcon_core.environment:create_file_with_runtime_dependencies(/home/rafael/ROS2Dev/robot_examen2025_ws/install/scorbot_bringup/share/colcon-core/packages/scorbot_bringup)
[20.616s] DEBUG:colcon.colcon_parallel_executor.executor.parallel:closing loop
[20.619s] DEBUG:colcon.colcon_parallel_executor.executor.parallel:loop closed
[20.619s] DEBUG:colcon.colcon_parallel_executor.executor.parallel:run_until_complete finished with '0'
[20.619s] DEBUG:colcon.colcon_core.event_reactor:joining thread
[20.828s] INFO:colcon.colcon_core.plugin_system:Skipping extension 'colcon_notification.desktop_notification.terminal_notifier': Not used on non-Darwin systems
[20.828s] INFO:colcon.colcon_core.plugin_system:Skipping extension 'colcon_notification.desktop_notification.win32': Not used on non-Windows systems
[20.828s] INFO:colcon.colcon_notification.desktop_notification:Sending desktop notification using 'notify2'
[20.982s] DEBUG:colcon.colcon_core.event_reactor:joined thread
[20.984s] INFO:colcon.colcon_core.shell:Creating prefix script '/home/rafael/ROS2Dev/robot_examen2025_ws/install/local_setup.ps1'
[21.010s] INFO:colcon.colcon_core.shell:Creating prefix util module '/home/rafael/ROS2Dev/robot_examen2025_ws/install/_local_setup_util_ps1.py'
[21.027s] INFO:colcon.colcon_core.shell:Creating prefix chain script '/home/rafael/ROS2Dev/robot_examen2025_ws/install/setup.ps1'
[21.038s] INFO:colcon.colcon_core.shell:Creating prefix script '/home/rafael/ROS2Dev/robot_examen2025_ws/install/local_setup.sh'
[21.041s] INFO:colcon.colcon_core.shell:Creating prefix util module '/home/rafael/ROS2Dev/robot_examen2025_ws/install/_local_setup_util_sh.py'
[21.045s] INFO:colcon.colcon_core.shell:Creating prefix chain script '/home/rafael/ROS2Dev/robot_examen2025_ws/install/setup.sh'
[21.055s] INFO:colcon.colcon_core.shell:Creating prefix script '/home/rafael/ROS2Dev/robot_examen2025_ws/install/local_setup.bash'
[21.076s] INFO:colcon.colcon_core.shell:Creating prefix chain script '/home/rafael/ROS2Dev/robot_examen2025_ws/install/setup.bash'
[21.085s] INFO:colcon.colcon_core.shell:Creating prefix script '/home/rafael/ROS2Dev/robot_examen2025_ws/install/local_setup.zsh'
[21.091s] INFO:colcon.colcon_core.shell:Creating prefix chain script '/home/rafael/ROS2Dev/robot_examen2025_ws/install/setup.zsh'
