[0.171s] Invoking command in '/home/rafael/ROS2Dev/robot_examen2025_ws/build/scorbot_description': CMAKE_PREFIX_PATH=${CMAKE_PREFIX_PATH}:/opt/ros/humble /usr/bin/cmake --build /home/rafael/ROS2Dev/robot_examen2025_ws/build/scorbot_description -- -j2 -l2
[0.658s] Invoked command in '/home/rafael/ROS2Dev/robot_examen2025_ws/build/scorbot_description' returned '0': CMAKE_PREFIX_PATH=${CMAKE_PREFIX_PATH}:/opt/ros/humble /usr/bin/cmake --build /home/rafael/ROS2Dev/robot_examen2025_ws/build/scorbot_description -- -j2 -l2
[1.046s] Invoking command in '/home/rafael/ROS2Dev/robot_examen2025_ws/build/scorbot_description': CMAKE_PREFIX_PATH=${CMAKE_PREFIX_PATH}:/opt/ros/humble /usr/bin/cmake --install /home/rafael/ROS2Dev/robot_examen2025_ws/build/scorbot_description
[1.128s] -- Install configuration: ""
[1.133s] -- Up-to-date: /home/rafael/ROS2Dev/robot_examen2025_ws/install/scorbot_description/share/scorbot_description//urdf
[1.134s] -- Up-to-date: /home/rafael/ROS2Dev/robot_examen2025_ws/install/scorbot_description/share/scorbot_description//urdf/scorbot_position_controller.xacro
[1.136s] -- Up-to-date: /home/rafael/ROS2Dev/robot_examen2025_ws/install/scorbot_description/share/scorbot_description//urdf/scorbot_urdf.xacro
[1.136s] -- Up-to-date: /home/rafael/ROS2Dev/robot_examen2025_ws/install/scorbot_description/share/scorbot_description//urdf/trajectory_controller.xacro
[1.138s] -- Up-to-date: /home/rafael/ROS2Dev/robot_examen2025_ws/install/scorbot_description/share/scorbot_description//urdf/scorbot.urdf
[1.138s] -- Up-to-date: /home/rafael/ROS2Dev/robot_examen2025_ws/install/scorbot_description/share/scorbot_description//urdf/scorbot_gz_properties.xacro
[1.140s] -- Up-to-date: /home/rafael/ROS2Dev/robot_examen2025_ws/install/scorbot_description/share/scorbot_description//urdf/position_controller.xacro
[1.140s] -- Up-to-date: /home/rafael/ROS2Dev/robot_examen2025_ws/install/scorbot_description/share/scorbot_description//urdf/scorbot_trajectory_controller.xacro
[1.141s] -- Up-to-date: /home/rafael/ROS2Dev/robot_examen2025_ws/install/scorbot_description/share/scorbot_description//launch
[1.141s] -- Up-to-date: /home/rafael/ROS2Dev/robot_examen2025_ws/install/scorbot_description/share/scorbot_description//launch/scorbot_display.launch.xml
[1.143s] -- Up-to-date: /home/rafael/ROS2Dev/robot_examen2025_ws/install/scorbot_description/share/scorbot_description//rviz
[1.144s] -- Up-to-date: /home/rafael/ROS2Dev/robot_examen2025_ws/install/scorbot_description/share/scorbot_description//rviz/scorbot_rviz.rviz
[1.144s] -- Up-to-date: /home/rafael/ROS2Dev/robot_examen2025_ws/install/scorbot_description/share/scorbot_description//rviz/urdf.rviz
[1.144s] -- Up-to-date: /home/rafael/ROS2Dev/robot_examen2025_ws/install/scorbot_description/share/scorbot_description//config
[1.145s] -- Installing: /home/rafael/ROS2Dev/robot_examen2025_ws/install/scorbot_description/share/scorbot_description//config/scorbot_trajectory_controller.yaml
[1.172s] -- Up-to-date: /home/rafael/ROS2Dev/robot_examen2025_ws/install/scorbot_description/share/scorbot_description//config/scorbot_position_controller.yaml
[1.172s] -- Up-to-date: /home/rafael/ROS2Dev/robot_examen2025_ws/install/scorbot_description/share/scorbot_description//meshes
[1.172s] -- Up-to-date: /home/rafael/ROS2Dev/robot_examen2025_ws/install/scorbot_description/share/scorbot_description//meshes/Link_1.STL
[1.173s] -- Up-to-date: /home/rafael/ROS2Dev/robot_examen2025_ws/install/scorbot_description/share/scorbot_description//meshes/Link_2.STL
[1.173s] -- Up-to-date: /home/rafael/ROS2Dev/robot_examen2025_ws/install/scorbot_description/share/scorbot_description//meshes/Link_4.STL
[1.181s] -- Up-to-date: /home/rafael/ROS2Dev/robot_examen2025_ws/install/scorbot_description/share/scorbot_description//meshes/base_link.STL
[1.181s] -- Up-to-date: /home/rafael/ROS2Dev/robot_examen2025_ws/install/scorbot_description/share/scorbot_description//meshes/Link_3.STL
[1.185s] -- Up-to-date: /home/rafael/ROS2Dev/robot_examen2025_ws/install/scorbot_description/share/ament_index/resource_index/package_run_dependencies/scorbot_description
[1.190s] -- Up-to-date: /home/rafael/ROS2Dev/robot_examen2025_ws/install/scorbot_description/share/ament_index/resource_index/parent_prefix_path/scorbot_description
[1.190s] -- Up-to-date: /home/rafael/ROS2Dev/robot_examen2025_ws/install/scorbot_description/share/scorbot_description/environment/ament_prefix_path.sh
[1.190s] -- Up-to-date: /home/rafael/ROS2Dev/robot_examen2025_ws/install/scorbot_description/share/scorbot_description/environment/ament_prefix_path.dsv
[1.191s] -- Up-to-date: /home/rafael/ROS2Dev/robot_examen2025_ws/install/scorbot_description/share/scorbot_description/environment/path.sh
[1.191s] -- Up-to-date: /home/rafael/ROS2Dev/robot_examen2025_ws/install/scorbot_description/share/scorbot_description/environment/path.dsv
[1.197s] -- Up-to-date: /home/rafael/ROS2Dev/robot_examen2025_ws/install/scorbot_description/share/scorbot_description/local_setup.bash
[1.198s] -- Up-to-date: /home/rafael/ROS2Dev/robot_examen2025_ws/install/scorbot_description/share/scorbot_description/local_setup.sh
[1.198s] -- Up-to-date: /home/rafael/ROS2Dev/robot_examen2025_ws/install/scorbot_description/share/scorbot_description/local_setup.zsh
[1.198s] -- Up-to-date: /home/rafael/ROS2Dev/robot_examen2025_ws/install/scorbot_description/share/scorbot_description/local_setup.dsv
[1.199s] -- Installing: /home/rafael/ROS2Dev/robot_examen2025_ws/install/scorbot_description/share/scorbot_description/package.dsv
[1.199s] -- Up-to-date: /home/rafael/ROS2Dev/robot_examen2025_ws/install/scorbot_description/share/ament_index/resource_index/packages/scorbot_description
[1.208s] -- Up-to-date: /home/rafael/ROS2Dev/robot_examen2025_ws/install/scorbot_description/share/scorbot_description/cmake/scorbot_descriptionConfig.cmake
[1.209s] -- Up-to-date: /home/rafael/ROS2Dev/robot_examen2025_ws/install/scorbot_description/share/scorbot_description/cmake/scorbot_descriptionConfig-version.cmake
[1.209s] -- Up-to-date: /home/rafael/ROS2Dev/robot_examen2025_ws/install/scorbot_description/share/scorbot_description/package.xml
[1.219s] Invoked command in '/home/rafael/ROS2Dev/robot_examen2025_ws/build/scorbot_description' returned '0': CMAKE_PREFIX_PATH=${CMAKE_PREFIX_PATH}:/opt/ros/humble /usr/bin/cmake --install /home/rafael/ROS2Dev/robot_examen2025_ws/build/scorbot_description
