[0.256s] Invoking command in '/home/rafael/ROS2Dev/robot_examen2025_ws/build/scorbot_bringup': CMAKE_PREFIX_PATH=${CMAKE_PREFIX_PATH}:/opt/ros/humble /usr/bin/cmake --build /home/rafael/ROS2Dev/robot_examen2025_ws/build/scorbot_bringup -- -j2 -l2
[1.186s] Built target ament_cmake_python_copy_scorbot_bringup
[4.268s] running egg_info
[4.277s] writing scorbot_bringup.egg-info/PKG-INFO
[4.278s] writing dependency_links to scorbot_bringup.egg-info/dependency_links.txt
[4.284s] writing top-level names to scorbot_bringup.egg-info/top_level.txt
[4.331s] reading manifest file 'scorbot_bringup.egg-info/SOURCES.txt'
[4.337s] writing manifest file 'scorbot_bringup.egg-info/SOURCES.txt'
[4.564s] Built target ament_cmake_python_build_scorbot_bringup_egg
[4.641s] Invoked command in '/home/rafael/ROS2Dev/robot_examen2025_ws/build/scorbot_bringup' returned '0': CMAKE_PREFIX_PATH=${CMAKE_PREFIX_PATH}:/opt/ros/humble /usr/bin/cmake --build /home/rafael/ROS2Dev/robot_examen2025_ws/build/scorbot_bringup -- -j2 -l2
[4.862s] Invoking command in '/home/rafael/ROS2Dev/robot_examen2025_ws/build/scorbot_bringup': CMAKE_PREFIX_PATH=${CMAKE_PREFIX_PATH}:/opt/ros/humble /usr/bin/cmake --install /home/rafael/ROS2Dev/robot_examen2025_ws/build/scorbot_bringup
[4.936s] -- Install configuration: ""
[4.937s] -- Up-to-date: /home/rafael/ROS2Dev/robot_examen2025_ws/install/scorbot_bringup/share/scorbot_bringup//launch
[4.937s] -- Up-to-date: /home/rafael/ROS2Dev/robot_examen2025_ws/install/scorbot_bringup/share/scorbot_bringup//launch/position_controller_scorbot.launch.py
[4.940s] -- Up-to-date: /home/rafael/ROS2Dev/robot_examen2025_ws/install/scorbot_bringup/share/scorbot_bringup//launch/trajectory_controller_scorbot.launch.py
[4.940s] -- Up-to-date: /home/rafael/ROS2Dev/robot_examen2025_ws/install/scorbot_bringup/share/scorbot_bringup//rviz
[4.946s] -- Up-to-date: /home/rafael/ROS2Dev/robot_examen2025_ws/install/scorbot_bringup/share/scorbot_bringup//rviz/scorbot_trajectory_controller_rviz.rviz
[4.948s] -- Up-to-date: /home/rafael/ROS2Dev/robot_examen2025_ws/install/scorbot_bringup/share/scorbot_bringup//world
[4.951s] -- Up-to-date: /home/rafael/ROS2Dev/robot_examen2025_ws/install/scorbot_bringup/share/scorbot_bringup//src
[4.951s] -- Up-to-date: /home/rafael/ROS2Dev/robot_examen2025_ws/install/scorbot_bringup/share/scorbot_bringup//src/position_test.py
[4.952s] -- Up-to-date: /home/rafael/ROS2Dev/robot_examen2025_ws/install/scorbot_bringup/share/scorbot_bringup//src/trajectory_test.py
[4.952s] -- Up-to-date: /home/rafael/ROS2Dev/robot_examen2025_ws/install/scorbot_bringup/share/scorbot_bringup/environment/pythonpath.sh
[4.959s] -- Up-to-date: /home/rafael/ROS2Dev/robot_examen2025_ws/install/scorbot_bringup/share/scorbot_bringup/environment/pythonpath.dsv
[4.961s] -- Up-to-date: /home/rafael/ROS2Dev/robot_examen2025_ws/install/scorbot_bringup/local/lib/python3.10/dist-packages/scorbot_bringup-0.0.0-py3.10.egg-info
[4.961s] -- Installing: /home/rafael/ROS2Dev/robot_examen2025_ws/install/scorbot_bringup/local/lib/python3.10/dist-packages/scorbot_bringup-0.0.0-py3.10.egg-info/top_level.txt
[4.966s] -- Installing: /home/rafael/ROS2Dev/robot_examen2025_ws/install/scorbot_bringup/local/lib/python3.10/dist-packages/scorbot_bringup-0.0.0-py3.10.egg-info/PKG-INFO
[4.968s] -- Installing: /home/rafael/ROS2Dev/robot_examen2025_ws/install/scorbot_bringup/local/lib/python3.10/dist-packages/scorbot_bringup-0.0.0-py3.10.egg-info/dependency_links.txt
[4.974s] -- Installing: /home/rafael/ROS2Dev/robot_examen2025_ws/install/scorbot_bringup/local/lib/python3.10/dist-packages/scorbot_bringup-0.0.0-py3.10.egg-info/SOURCES.txt
[4.979s] -- Up-to-date: /home/rafael/ROS2Dev/robot_examen2025_ws/install/scorbot_bringup/local/lib/python3.10/dist-packages/scorbot_bringup
[4.979s] -- Up-to-date: /home/rafael/ROS2Dev/robot_examen2025_ws/install/scorbot_bringup/local/lib/python3.10/dist-packages/scorbot_bringup/__init__.py
[5.273s] Listing '/home/rafael/ROS2Dev/robot_examen2025_ws/install/scorbot_bringup/local/lib/python3.10/dist-packages/scorbot_bringup'...
[5.326s] -- Up-to-date: /home/rafael/ROS2Dev/robot_examen2025_ws/install/scorbot_bringup/lib/scorbot_bringup/position_test.py
[5.327s] -- Up-to-date: /home/rafael/ROS2Dev/robot_examen2025_ws/install/scorbot_bringup/lib/scorbot_bringup/trajectory_test.py
[5.328s] -- Up-to-date: /home/rafael/ROS2Dev/robot_examen2025_ws/install/scorbot_bringup/share/ament_index/resource_index/package_run_dependencies/scorbot_bringup
[5.330s] -- Up-to-date: /home/rafael/ROS2Dev/robot_examen2025_ws/install/scorbot_bringup/share/ament_index/resource_index/parent_prefix_path/scorbot_bringup
[5.330s] -- Up-to-date: /home/rafael/ROS2Dev/robot_examen2025_ws/install/scorbot_bringup/share/scorbot_bringup/environment/ament_prefix_path.sh
[5.331s] -- Up-to-date: /home/rafael/ROS2Dev/robot_examen2025_ws/install/scorbot_bringup/share/scorbot_bringup/environment/ament_prefix_path.dsv
[5.331s] -- Up-to-date: /home/rafael/ROS2Dev/robot_examen2025_ws/install/scorbot_bringup/share/scorbot_bringup/environment/path.sh
[5.332s] -- Up-to-date: /home/rafael/ROS2Dev/robot_examen2025_ws/install/scorbot_bringup/share/scorbot_bringup/environment/path.dsv
[5.332s] -- Up-to-date: /home/rafael/ROS2Dev/robot_examen2025_ws/install/scorbot_bringup/share/scorbot_bringup/local_setup.bash
[5.350s] -- Up-to-date: /home/rafael/ROS2Dev/robot_examen2025_ws/install/scorbot_bringup/share/scorbot_bringup/local_setup.sh
[5.351s] -- Up-to-date: /home/rafael/ROS2Dev/robot_examen2025_ws/install/scorbot_bringup/share/scorbot_bringup/local_setup.zsh
[5.354s] -- Up-to-date: /home/rafael/ROS2Dev/robot_examen2025_ws/install/scorbot_bringup/share/scorbot_bringup/local_setup.dsv
[5.357s] -- Installing: /home/rafael/ROS2Dev/robot_examen2025_ws/install/scorbot_bringup/share/scorbot_bringup/package.dsv
[5.363s] -- Up-to-date: /home/rafael/ROS2Dev/robot_examen2025_ws/install/scorbot_bringup/share/ament_index/resource_index/packages/scorbot_bringup
[5.385s] -- Up-to-date: /home/rafael/ROS2Dev/robot_examen2025_ws/install/scorbot_bringup/share/scorbot_bringup/cmake/scorbot_bringupConfig.cmake
[5.386s] -- Up-to-date: /home/rafael/ROS2Dev/robot_examen2025_ws/install/scorbot_bringup/share/scorbot_bringup/cmake/scorbot_bringupConfig-version.cmake
[5.386s] -- Up-to-date: /home/rafael/ROS2Dev/robot_examen2025_ws/install/scorbot_bringup/share/scorbot_bringup/package.xml
[5.399s] Invoked command in '/home/rafael/ROS2Dev/robot_examen2025_ws/build/scorbot_bringup' returned '0': CMAKE_PREFIX_PATH=${CMAKE_PREFIX_PATH}:/opt/ros/humble /usr/bin/cmake --install /home/rafael/ROS2Dev/robot_examen2025_ws/build/scorbot_bringup
