[0.094s] Invoking command in '/home/rafael/ROS2Dev/robot_examen2025_ws/build/scorbot_description': CMAKE_PREFIX_PATH=${CMAKE_PREFIX_PATH}:/opt/ros/humble /usr/bin/cmake --build /home/rafael/ROS2Dev/robot_examen2025_ws/build/scorbot_description -- -j2 -l2
[0.249s] Invoked command in '/home/rafael/ROS2Dev/robot_examen2025_ws/build/scorbot_description' returned '0': CMAKE_PREFIX_PATH=${CMAKE_PREFIX_PATH}:/opt/ros/humble /usr/bin/cmake --build /home/rafael/ROS2Dev/robot_examen2025_ws/build/scorbot_description -- -j2 -l2
[0.384s] Invoking command in '/home/rafael/ROS2Dev/robot_examen2025_ws/build/scorbot_description': CMAKE_PREFIX_PATH=${CMAKE_PREFIX_PATH}:/opt/ros/humble /usr/bin/cmake --install /home/rafael/ROS2Dev/robot_examen2025_ws/build/scorbot_description
[0.438s] -- Install configuration: ""
[0.438s] -- Up-to-date: /home/rafael/ROS2Dev/robot_examen2025_ws/install/scorbot_description/share/scorbot_description//urdf
[0.438s] -- Up-to-date: /home/rafael/ROS2Dev/robot_examen2025_ws/install/scorbot_description/share/scorbot_description//urdf/scorbot_position_controller.xacro
[0.439s] -- Up-to-date: /home/rafael/ROS2Dev/robot_examen2025_ws/install/scorbot_description/share/scorbot_description//urdf/scorbot_urdf.xacro
[0.439s] -- Up-to-date: /home/rafael/ROS2Dev/robot_examen2025_ws/install/scorbot_description/share/scorbot_description//urdf/scorbot.urdf
[0.439s] -- Up-to-date: /home/rafael/ROS2Dev/robot_examen2025_ws/install/scorbot_description/share/scorbot_description//urdf/scorbot_gz_properties.xacro
[0.440s] -- Up-to-date: /home/rafael/ROS2Dev/robot_examen2025_ws/install/scorbot_description/share/scorbot_description//urdf/position_controller.xacro
[0.443s] -- Up-to-date: /home/rafael/ROS2Dev/robot_examen2025_ws/install/scorbot_description/share/scorbot_description//launch
[0.444s] -- Up-to-date: /home/rafael/ROS2Dev/robot_examen2025_ws/install/scorbot_description/share/scorbot_description//launch/scorbot_display.launch.xml
[0.444s] -- Up-to-date: /home/rafael/ROS2Dev/robot_examen2025_ws/install/scorbot_description/share/scorbot_description//rviz
[0.445s] -- Up-to-date: /home/rafael/ROS2Dev/robot_examen2025_ws/install/scorbot_description/share/scorbot_description//rviz/scorbot_rviz.rviz
[0.445s] -- Up-to-date: /home/rafael/ROS2Dev/robot_examen2025_ws/install/scorbot_description/share/scorbot_description//rviz/urdf.rviz
[0.445s] -- Up-to-date: /home/rafael/ROS2Dev/robot_examen2025_ws/install/scorbot_description/share/scorbot_description//config
[0.446s] -- Up-to-date: /home/rafael/ROS2Dev/robot_examen2025_ws/install/scorbot_description/share/scorbot_description//config/scorbot_position_controller.yaml
[0.448s] -- Up-to-date: /home/rafael/ROS2Dev/robot_examen2025_ws/install/scorbot_description/share/ament_index/resource_index/package_run_dependencies/scorbot_description
[0.449s] -- Up-to-date: /home/rafael/ROS2Dev/robot_examen2025_ws/install/scorbot_description/share/ament_index/resource_index/parent_prefix_path/scorbot_description
[0.449s] -- Up-to-date: /home/rafael/ROS2Dev/robot_examen2025_ws/install/scorbot_description/share/scorbot_description/environment/ament_prefix_path.sh
[0.449s] -- Up-to-date: /home/rafael/ROS2Dev/robot_examen2025_ws/install/scorbot_description/share/scorbot_description/environment/ament_prefix_path.dsv
[0.450s] -- Up-to-date: /home/rafael/ROS2Dev/robot_examen2025_ws/install/scorbot_description/share/scorbot_description/environment/path.sh
[0.452s] -- Up-to-date: /home/rafael/ROS2Dev/robot_examen2025_ws/install/scorbot_description/share/scorbot_description/environment/path.dsv
[0.455s] -- Up-to-date: /home/rafael/ROS2Dev/robot_examen2025_ws/install/scorbot_description/share/scorbot_description/local_setup.bash
[0.455s] -- Up-to-date: /home/rafael/ROS2Dev/robot_examen2025_ws/install/scorbot_description/share/scorbot_description/local_setup.sh
[0.456s] -- Up-to-date: /home/rafael/ROS2Dev/robot_examen2025_ws/install/scorbot_description/share/scorbot_description/local_setup.zsh
[0.456s] -- Up-to-date: /home/rafael/ROS2Dev/robot_examen2025_ws/install/scorbot_description/share/scorbot_description/local_setup.dsv
[0.456s] -- Up-to-date: /home/rafael/ROS2Dev/robot_examen2025_ws/install/scorbot_description/share/scorbot_description/package.dsv
[0.457s] -- Up-to-date: /home/rafael/ROS2Dev/robot_examen2025_ws/install/scorbot_description/share/ament_index/resource_index/packages/scorbot_description
[0.459s] -- Up-to-date: /home/rafael/ROS2Dev/robot_examen2025_ws/install/scorbot_description/share/scorbot_description/cmake/scorbot_descriptionConfig.cmake
[0.459s] -- Up-to-date: /home/rafael/ROS2Dev/robot_examen2025_ws/install/scorbot_description/share/scorbot_description/cmake/scorbot_descriptionConfig-version.cmake
[0.460s] -- Up-to-date: /home/rafael/ROS2Dev/robot_examen2025_ws/install/scorbot_description/share/scorbot_description/package.xml
[0.460s] Invoked command in '/home/rafael/ROS2Dev/robot_examen2025_ws/build/scorbot_description' returned '0': CMAKE_PREFIX_PATH=${CMAKE_PREFIX_PATH}:/opt/ros/humble /usr/bin/cmake --install /home/rafael/ROS2Dev/robot_examen2025_ws/build/scorbot_description
