[1.214s] DEBUG:colcon:Command line arguments: ['/usr/bin/colcon', 'build']
[1.216s] DEBUG:colcon:Parsed command line arguments: Namespace(log_base=None, log_level=None, verb_name='build', build_base='build', install_base='install', merge_install=False, symlink_install=False, test_result_base=None, continue_on_error=False, executor='parallel', parallel_workers=2, event_handlers=None, ignore_user_meta=False, metas=['./colcon.meta'], base_paths=['.'], packages_ignore=None, packages_ignore_regex=None, paths=None, packages_up_to=None, packages_up_to_regex=None, packages_above=None, packages_above_and_dependencies=None, packages_above_depth=None, packages_select_by_dep=None, packages_skip_by_dep=None, packages_skip_up_to=None, packages_select_build_failed=False, packages_skip_build_finished=False, packages_select_test_failures=False, packages_skip_test_passed=False, packages_select=None, packages_skip=None, packages_select_regex=None, packages_skip_regex=None, packages_start=None, packages_end=None, allow_overriding=[], cmake_args=None, cmake_target=None, cmake_target_skip_unavailable=False, cmake_clean_cache=False, cmake_clean_first=False, cmake_force_configure=False, ament_cmake_args=None, catkin_cmake_args=None, catkin_skip_building_tests=False, mixin_files=None, mixin=None, verb_parser=<colcon_mixin.mixin.mixin_argument.MixinArgumentDecorator object at 0x7a7da35a40d0>, verb_extension=<colcon_core.verb.build.BuildVerb object at 0x7a7da36a4e20>, main=<bound method BuildVerb.main of <colcon_core.verb.build.BuildVerb object at 0x7a7da36a4e20>>, mixin_verb=('build',))
[5.917s] Level 1:colcon.colcon_core.package_discovery:discover_packages(colcon_meta) check parameters
[5.918s] Level 1:colcon.colcon_core.package_discovery:discover_packages(recursive) check parameters
[5.918s] Level 1:colcon.colcon_core.package_discovery:discover_packages(ignore) check parameters
[5.918s] Level 1:colcon.colcon_core.package_discovery:discover_packages(path) check parameters
[5.918s] Level 1:colcon.colcon_core.package_discovery:discover_packages(colcon_meta) discover
[5.920s] Level 1:colcon.colcon_core.package_discovery:discover_packages(recursive) discover
[5.920s] INFO:colcon.colcon_core.package_discovery:Crawling recursively for packages in '/home/rafael/ROS2Dev/robot_examen2025_ws'
[5.920s] Level 1:colcon.colcon_core.package_identification:_identify(.) by extensions ['ignore', 'ignore_ament_install']
[5.920s] Level 1:colcon.colcon_core.package_identification:_identify(.) by extension 'ignore'
[5.921s] Level 1:colcon.colcon_core.package_identification:_identify(.) by extension 'ignore_ament_install'
[5.922s] Level 1:colcon.colcon_core.package_identification:_identify(.) by extensions ['colcon_pkg']
[5.923s] Level 1:colcon.colcon_core.package_identification:_identify(.) by extension 'colcon_pkg'
[5.923s] Level 1:colcon.colcon_core.package_identification:_identify(.) by extensions ['colcon_meta']
[5.923s] Level 1:colcon.colcon_core.package_identification:_identify(.) by extension 'colcon_meta'
[5.923s] Level 1:colcon.colcon_core.package_identification:_identify(.) by extensions ['ros']
[5.923s] Level 1:colcon.colcon_core.package_identification:_identify(.) by extension 'ros'
[6.215s] Level 1:colcon.colcon_core.package_identification:_identify(.) by extensions ['cmake', 'python']
[6.215s] Level 1:colcon.colcon_core.package_identification:_identify(.) by extension 'cmake'
[6.215s] Level 1:colcon.colcon_core.package_identification:_identify(.) by extension 'python'
[6.215s] Level 1:colcon.colcon_core.package_identification:_identify(.) by extensions ['python_setup_py']
[6.215s] Level 1:colcon.colcon_core.package_identification:_identify(.) by extension 'python_setup_py'
[6.216s] Level 1:colcon.colcon_core.package_identification:_identify(build) by extensions ['ignore', 'ignore_ament_install']
[6.216s] Level 1:colcon.colcon_core.package_identification:_identify(build) by extension 'ignore'
[6.216s] Level 1:colcon.colcon_core.package_identification:_identify(build) ignored
[6.217s] Level 1:colcon.colcon_core.package_identification:_identify(install) by extensions ['ignore', 'ignore_ament_install']
[6.217s] Level 1:colcon.colcon_core.package_identification:_identify(install) by extension 'ignore'
[6.218s] Level 1:colcon.colcon_core.package_identification:_identify(install) ignored
[6.218s] Level 1:colcon.colcon_core.package_identification:_identify(log) by extensions ['ignore', 'ignore_ament_install']
[6.219s] Level 1:colcon.colcon_core.package_identification:_identify(log) by extension 'ignore'
[6.219s] Level 1:colcon.colcon_core.package_identification:_identify(log) ignored
[6.220s] Level 1:colcon.colcon_core.package_identification:_identify(src) by extensions ['ignore', 'ignore_ament_install']
[6.220s] Level 1:colcon.colcon_core.package_identification:_identify(src) by extension 'ignore'
[6.220s] Level 1:colcon.colcon_core.package_identification:_identify(src) by extension 'ignore_ament_install'
[6.221s] Level 1:colcon.colcon_core.package_identification:_identify(src) by extensions ['colcon_pkg']
[6.221s] Level 1:colcon.colcon_core.package_identification:_identify(src) by extension 'colcon_pkg'
[6.221s] Level 1:colcon.colcon_core.package_identification:_identify(src) by extensions ['colcon_meta']
[6.221s] Level 1:colcon.colcon_core.package_identification:_identify(src) by extension 'colcon_meta'
[6.221s] Level 1:colcon.colcon_core.package_identification:_identify(src) by extensions ['ros']
[6.221s] Level 1:colcon.colcon_core.package_identification:_identify(src) by extension 'ros'
[6.222s] Level 1:colcon.colcon_core.package_identification:_identify(src) by extensions ['cmake', 'python']
[6.222s] Level 1:colcon.colcon_core.package_identification:_identify(src) by extension 'cmake'
[6.222s] Level 1:colcon.colcon_core.package_identification:_identify(src) by extension 'python'
[6.223s] Level 1:colcon.colcon_core.package_identification:_identify(src) by extensions ['python_setup_py']
[6.223s] Level 1:colcon.colcon_core.package_identification:_identify(src) by extension 'python_setup_py'
[6.233s] Level 1:colcon.colcon_core.package_identification:_identify(src/scorbot_bringup) by extensions ['ignore', 'ignore_ament_install']
[6.233s] Level 1:colcon.colcon_core.package_identification:_identify(src/scorbot_bringup) by extension 'ignore'
[6.234s] Level 1:colcon.colcon_core.package_identification:_identify(src/scorbot_bringup) by extension 'ignore_ament_install'
[6.234s] Level 1:colcon.colcon_core.package_identification:_identify(src/scorbot_bringup) by extensions ['colcon_pkg']
[6.234s] Level 1:colcon.colcon_core.package_identification:_identify(src/scorbot_bringup) by extension 'colcon_pkg'
[6.234s] Level 1:colcon.colcon_core.package_identification:_identify(src/scorbot_bringup) by extensions ['colcon_meta']
[6.234s] Level 1:colcon.colcon_core.package_identification:_identify(src/scorbot_bringup) by extension 'colcon_meta'
[6.235s] Level 1:colcon.colcon_core.package_identification:_identify(src/scorbot_bringup) by extensions ['ros']
[6.235s] Level 1:colcon.colcon_core.package_identification:_identify(src/scorbot_bringup) by extension 'ros'
[6.267s] DEBUG:colcon.colcon_core.package_identification:Package 'src/scorbot_bringup' with type 'ros.ament_cmake' and name 'scorbot_bringup'
[6.269s] Level 1:colcon.colcon_core.package_identification:_identify(src/scorbot_description) by extensions ['ignore', 'ignore_ament_install']
[6.270s] Level 1:colcon.colcon_core.package_identification:_identify(src/scorbot_description) by extension 'ignore'
[6.271s] Level 1:colcon.colcon_core.package_identification:_identify(src/scorbot_description) by extension 'ignore_ament_install'
[6.271s] Level 1:colcon.colcon_core.package_identification:_identify(src/scorbot_description) by extensions ['colcon_pkg']
[6.271s] Level 1:colcon.colcon_core.package_identification:_identify(src/scorbot_description) by extension 'colcon_pkg'
[6.272s] Level 1:colcon.colcon_core.package_identification:_identify(src/scorbot_description) by extensions ['colcon_meta']
[6.272s] Level 1:colcon.colcon_core.package_identification:_identify(src/scorbot_description) by extension 'colcon_meta'
[6.272s] Level 1:colcon.colcon_core.package_identification:_identify(src/scorbot_description) by extensions ['ros']
[6.272s] Level 1:colcon.colcon_core.package_identification:_identify(src/scorbot_description) by extension 'ros'
[6.287s] DEBUG:colcon.colcon_core.package_identification:Package 'src/scorbot_description' with type 'ros.ament_cmake' and name 'scorbot_description'
[6.287s] Level 1:colcon.colcon_core.package_discovery:discover_packages(recursive) using defaults
[6.287s] Level 1:colcon.colcon_core.package_discovery:discover_packages(ignore) discover
[6.287s] Level 1:colcon.colcon_core.package_discovery:discover_packages(ignore) using defaults
[6.287s] Level 1:colcon.colcon_core.package_discovery:discover_packages(path) discover
[6.287s] Level 1:colcon.colcon_core.package_discovery:discover_packages(path) using defaults
[6.547s] Level 1:colcon.colcon_core.package_discovery:discover_packages(prefix_path) check parameters
[6.547s] Level 1:colcon.colcon_core.package_discovery:discover_packages(prefix_path) discover
[6.579s] DEBUG:colcon.colcon_installed_package_information.package_discovery:Found 7 installed packages in /home/rafael/ROS2Dev/robot_2025_ws/install
[6.592s] DEBUG:colcon.colcon_installed_package_information.package_discovery:Found 333 installed packages in /opt/ros/humble
[6.610s] Level 1:colcon.colcon_core.package_discovery:discover_packages(prefix_path) using defaults
[7.095s] Level 5:colcon.colcon_core.verb:set package 'scorbot_bringup' build argument 'cmake_args' from command line to 'None'
[7.095s] Level 5:colcon.colcon_core.verb:set package 'scorbot_bringup' build argument 'cmake_target' from command line to 'None'
[7.096s] Level 5:colcon.colcon_core.verb:set package 'scorbot_bringup' build argument 'cmake_target_skip_unavailable' from command line to 'False'
[7.096s] Level 5:colcon.colcon_core.verb:set package 'scorbot_bringup' build argument 'cmake_clean_cache' from command line to 'False'
[7.096s] Level 5:colcon.colcon_core.verb:set package 'scorbot_bringup' build argument 'cmake_clean_first' from command line to 'False'
[7.096s] Level 5:colcon.colcon_core.verb:set package 'scorbot_bringup' build argument 'cmake_force_configure' from command line to 'False'
[7.096s] Level 5:colcon.colcon_core.verb:set package 'scorbot_bringup' build argument 'ament_cmake_args' from command line to 'None'
[7.096s] Level 5:colcon.colcon_core.verb:set package 'scorbot_bringup' build argument 'catkin_cmake_args' from command line to 'None'
[7.097s] Level 5:colcon.colcon_core.verb:set package 'scorbot_bringup' build argument 'catkin_skip_building_tests' from command line to 'False'
[7.097s] DEBUG:colcon.colcon_core.verb:Building package 'scorbot_bringup' with the following arguments: {'ament_cmake_args': None, 'build_base': '/home/rafael/ROS2Dev/robot_examen2025_ws/build/scorbot_bringup', 'catkin_cmake_args': None, 'catkin_skip_building_tests': False, 'cmake_args': None, 'cmake_clean_cache': False, 'cmake_clean_first': False, 'cmake_force_configure': False, 'cmake_target': None, 'cmake_target_skip_unavailable': False, 'install_base': '/home/rafael/ROS2Dev/robot_examen2025_ws/install/scorbot_bringup', 'merge_install': False, 'path': '/home/rafael/ROS2Dev/robot_examen2025_ws/src/scorbot_bringup', 'symlink_install': False, 'test_result_base': None}
[7.100s] Level 5:colcon.colcon_core.verb:set package 'scorbot_description' build argument 'cmake_args' from command line to 'None'
[7.100s] Level 5:colcon.colcon_core.verb:set package 'scorbot_description' build argument 'cmake_target' from command line to 'None'
[7.100s] Level 5:colcon.colcon_core.verb:set package 'scorbot_description' build argument 'cmake_target_skip_unavailable' from command line to 'False'
[7.100s] Level 5:colcon.colcon_core.verb:set package 'scorbot_description' build argument 'cmake_clean_cache' from command line to 'False'
[7.100s] Level 5:colcon.colcon_core.verb:set package 'scorbot_description' build argument 'cmake_clean_first' from command line to 'False'
[7.100s] Level 5:colcon.colcon_core.verb:set package 'scorbot_description' build argument 'cmake_force_configure' from command line to 'False'
[7.101s] Level 5:colcon.colcon_core.verb:set package 'scorbot_description' build argument 'ament_cmake_args' from command line to 'None'
[7.101s] Level 5:colcon.colcon_core.verb:set package 'scorbot_description' build argument 'catkin_cmake_args' from command line to 'None'
[7.101s] Level 5:colcon.colcon_core.verb:set package 'scorbot_description' build argument 'catkin_skip_building_tests' from command line to 'False'
[7.101s] DEBUG:colcon.colcon_core.verb:Building package 'scorbot_description' with the following arguments: {'ament_cmake_args': None, 'build_base': '/home/rafael/ROS2Dev/robot_examen2025_ws/build/scorbot_description', 'catkin_cmake_args': None, 'catkin_skip_building_tests': False, 'cmake_args': None, 'cmake_clean_cache': False, 'cmake_clean_first': False, 'cmake_force_configure': False, 'cmake_target': None, 'cmake_target_skip_unavailable': False, 'install_base': '/home/rafael/ROS2Dev/robot_examen2025_ws/install/scorbot_description', 'merge_install': False, 'path': '/home/rafael/ROS2Dev/robot_examen2025_ws/src/scorbot_description', 'symlink_install': False, 'test_result_base': None}
[7.102s] INFO:colcon.colcon_core.executor:Executing jobs using 'parallel' executor
[7.107s] DEBUG:colcon.colcon_parallel_executor.executor.parallel:run_until_complete
[7.108s] INFO:colcon.colcon_ros.task.ament_cmake.build:Building ROS package in '/home/rafael/ROS2Dev/robot_examen2025_ws/src/scorbot_bringup' with build type 'ament_cmake'
[7.109s] INFO:colcon.colcon_cmake.task.cmake.build:Building CMake package in '/home/rafael/ROS2Dev/robot_examen2025_ws/src/scorbot_bringup'
[7.165s] INFO:colcon.colcon_core.plugin_system:Skipping extension 'colcon_core.shell.bat': Not used on non-Windows systems
[7.168s] INFO:colcon.colcon_core.shell:Skip shell extension 'powershell' for command environment: Not usable outside of PowerShell
[7.168s] DEBUG:colcon.colcon_core.shell:Skip shell extension 'dsv' for command environment
[7.213s] INFO:colcon.colcon_ros.task.ament_cmake.build:Building ROS package in '/home/rafael/ROS2Dev/robot_examen2025_ws/src/scorbot_description' with build type 'ament_cmake'
[7.214s] INFO:colcon.colcon_cmake.task.cmake.build:Building CMake package in '/home/rafael/ROS2Dev/robot_examen2025_ws/src/scorbot_description'
[7.215s] INFO:colcon.colcon_core.shell:Skip shell extension 'powershell' for command environment: Not usable outside of PowerShell
[7.217s] DEBUG:colcon.colcon_core.shell:Skip shell extension 'dsv' for command environment
[7.378s] DEBUG:colcon.colcon_core.event_handler.log_command:Invoking command in '/home/rafael/ROS2Dev/robot_examen2025_ws/build/scorbot_bringup': CMAKE_PREFIX_PATH=${CMAKE_PREFIX_PATH}:/opt/ros/humble /usr/bin/cmake --build /home/rafael/ROS2Dev/robot_examen2025_ws/build/scorbot_bringup -- -j2 -l2
[7.485s] DEBUG:colcon.colcon_core.event_handler.log_command:Invoking command in '/home/rafael/ROS2Dev/robot_examen2025_ws/build/scorbot_description': CMAKE_PREFIX_PATH=${CMAKE_PREFIX_PATH}:/opt/ros/humble /usr/bin/cmake --build /home/rafael/ROS2Dev/robot_examen2025_ws/build/scorbot_description -- -j2 -l2
[8.820s] DEBUG:colcon.colcon_core.event_handler.log_command:Invoked command in '/home/rafael/ROS2Dev/robot_examen2025_ws/build/scorbot_description' returned '0': CMAKE_PREFIX_PATH=${CMAKE_PREFIX_PATH}:/opt/ros/humble /usr/bin/cmake --build /home/rafael/ROS2Dev/robot_examen2025_ws/build/scorbot_description -- -j2 -l2
[9.262s] DEBUG:colcon.colcon_core.event_handler.log_command:Invoking command in '/home/rafael/ROS2Dev/robot_examen2025_ws/build/scorbot_description': CMAKE_PREFIX_PATH=${CMAKE_PREFIX_PATH}:/opt/ros/humble /usr/bin/cmake --install /home/rafael/ROS2Dev/robot_examen2025_ws/build/scorbot_description
[9.445s] Level 1:colcon.colcon_core.environment:create_environment_scripts_only(scorbot_description)
[9.448s] DEBUG:colcon.colcon_core.event_handler.log_command:Invoked command in '/home/rafael/ROS2Dev/robot_examen2025_ws/build/scorbot_description' returned '0': CMAKE_PREFIX_PATH=${CMAKE_PREFIX_PATH}:/opt/ros/humble /usr/bin/cmake --install /home/rafael/ROS2Dev/robot_examen2025_ws/build/scorbot_description
[9.526s] Level 1:colcon.colcon_core.environment:checking '/home/rafael/ROS2Dev/robot_examen2025_ws/install/scorbot_description' for CMake module files
[9.540s] Level 1:colcon.colcon_core.environment:checking '/home/rafael/ROS2Dev/robot_examen2025_ws/install/scorbot_description' for CMake config files
[9.565s] Level 1:colcon.colcon_core.shell:create_environment_hook('scorbot_description', 'cmake_prefix_path')
[9.566s] INFO:colcon.colcon_core.shell:Creating environment hook '/home/rafael/ROS2Dev/robot_examen2025_ws/install/scorbot_description/share/scorbot_description/hook/cmake_prefix_path.ps1'
[9.584s] INFO:colcon.colcon_core.shell:Creating environment descriptor '/home/rafael/ROS2Dev/robot_examen2025_ws/install/scorbot_description/share/scorbot_description/hook/cmake_prefix_path.dsv'
[9.595s] INFO:colcon.colcon_core.shell:Creating environment hook '/home/rafael/ROS2Dev/robot_examen2025_ws/install/scorbot_description/share/scorbot_description/hook/cmake_prefix_path.sh'
[9.607s] Level 1:colcon.colcon_core.environment:checking '/home/rafael/ROS2Dev/robot_examen2025_ws/install/scorbot_description/bin'
[9.607s] Level 1:colcon.colcon_core.environment:checking '/home/rafael/ROS2Dev/robot_examen2025_ws/install/scorbot_description/lib/pkgconfig/scorbot_description.pc'
[9.612s] Level 1:colcon.colcon_core.environment:checking '/home/rafael/ROS2Dev/robot_examen2025_ws/install/scorbot_description/lib/python3.10/site-packages'
[9.615s] Level 1:colcon.colcon_core.environment:checking '/home/rafael/ROS2Dev/robot_examen2025_ws/install/scorbot_description/bin'
[9.619s] INFO:colcon.colcon_core.shell:Creating package script '/home/rafael/ROS2Dev/robot_examen2025_ws/install/scorbot_description/share/scorbot_description/package.ps1'
[9.631s] INFO:colcon.colcon_core.shell:Creating package descriptor '/home/rafael/ROS2Dev/robot_examen2025_ws/install/scorbot_description/share/scorbot_description/package.dsv'
[9.640s] INFO:colcon.colcon_core.shell:Creating package script '/home/rafael/ROS2Dev/robot_examen2025_ws/install/scorbot_description/share/scorbot_description/package.sh'
[9.651s] INFO:colcon.colcon_core.shell:Creating package script '/home/rafael/ROS2Dev/robot_examen2025_ws/install/scorbot_description/share/scorbot_description/package.bash'
[9.688s] INFO:colcon.colcon_core.shell:Creating package script '/home/rafael/ROS2Dev/robot_examen2025_ws/install/scorbot_description/share/scorbot_description/package.zsh'
[9.706s] Level 1:colcon.colcon_core.environment:create_file_with_runtime_dependencies(/home/rafael/ROS2Dev/robot_examen2025_ws/install/scorbot_description/share/colcon-core/packages/scorbot_description)
[9.966s] Level 1:colcon.colcon_core.environment:create_environment_scripts_only(scorbot_description)
[9.972s] Level 1:colcon.colcon_core.environment:checking '/home/rafael/ROS2Dev/robot_examen2025_ws/install/scorbot_description' for CMake module files
[9.980s] Level 1:colcon.colcon_core.environment:checking '/home/rafael/ROS2Dev/robot_examen2025_ws/install/scorbot_description' for CMake config files
[9.988s] Level 1:colcon.colcon_core.shell:create_environment_hook('scorbot_description', 'cmake_prefix_path')
[9.993s] INFO:colcon.colcon_core.shell:Creating environment hook '/home/rafael/ROS2Dev/robot_examen2025_ws/install/scorbot_description/share/scorbot_description/hook/cmake_prefix_path.ps1'
[9.999s] INFO:colcon.colcon_core.shell:Creating environment descriptor '/home/rafael/ROS2Dev/robot_examen2025_ws/install/scorbot_description/share/scorbot_description/hook/cmake_prefix_path.dsv'
[10.003s] INFO:colcon.colcon_core.shell:Creating environment hook '/home/rafael/ROS2Dev/robot_examen2025_ws/install/scorbot_description/share/scorbot_description/hook/cmake_prefix_path.sh'
[10.013s] Level 1:colcon.colcon_core.environment:checking '/home/rafael/ROS2Dev/robot_examen2025_ws/install/scorbot_description/bin'
[10.014s] Level 1:colcon.colcon_core.environment:checking '/home/rafael/ROS2Dev/robot_examen2025_ws/install/scorbot_description/lib/pkgconfig/scorbot_description.pc'
[10.017s] Level 1:colcon.colcon_core.environment:checking '/home/rafael/ROS2Dev/robot_examen2025_ws/install/scorbot_description/lib/python3.10/site-packages'
[10.020s] Level 1:colcon.colcon_core.environment:checking '/home/rafael/ROS2Dev/robot_examen2025_ws/install/scorbot_description/bin'
[10.026s] INFO:colcon.colcon_core.shell:Creating package script '/home/rafael/ROS2Dev/robot_examen2025_ws/install/scorbot_description/share/scorbot_description/package.ps1'
[10.033s] INFO:colcon.colcon_core.shell:Creating package descriptor '/home/rafael/ROS2Dev/robot_examen2025_ws/install/scorbot_description/share/scorbot_description/package.dsv'
[10.040s] INFO:colcon.colcon_core.shell:Creating package script '/home/rafael/ROS2Dev/robot_examen2025_ws/install/scorbot_description/share/scorbot_description/package.sh'
[10.048s] INFO:colcon.colcon_core.shell:Creating package script '/home/rafael/ROS2Dev/robot_examen2025_ws/install/scorbot_description/share/scorbot_description/package.bash'
[10.054s] INFO:colcon.colcon_core.shell:Creating package script '/home/rafael/ROS2Dev/robot_examen2025_ws/install/scorbot_description/share/scorbot_description/package.zsh'
[10.060s] Level 1:colcon.colcon_core.environment:create_file_with_runtime_dependencies(/home/rafael/ROS2Dev/robot_examen2025_ws/install/scorbot_description/share/colcon-core/packages/scorbot_description)
[11.812s] DEBUG:colcon.colcon_core.event_handler.log_command:Invoked command in '/home/rafael/ROS2Dev/robot_examen2025_ws/build/scorbot_bringup' returned '0': CMAKE_PREFIX_PATH=${CMAKE_PREFIX_PATH}:/opt/ros/humble /usr/bin/cmake --build /home/rafael/ROS2Dev/robot_examen2025_ws/build/scorbot_bringup -- -j2 -l2
[11.984s] DEBUG:colcon.colcon_core.event_handler.log_command:Invoking command in '/home/rafael/ROS2Dev/robot_examen2025_ws/build/scorbot_bringup': CMAKE_PREFIX_PATH=${CMAKE_PREFIX_PATH}:/opt/ros/humble /usr/bin/cmake --install /home/rafael/ROS2Dev/robot_examen2025_ws/build/scorbot_bringup
[12.518s] Level 1:colcon.colcon_core.environment:create_environment_scripts_only(scorbot_bringup)
[12.520s] Level 1:colcon.colcon_core.environment:checking '/home/rafael/ROS2Dev/robot_examen2025_ws/install/scorbot_bringup' for CMake module files
[12.521s] DEBUG:colcon.colcon_core.event_handler.log_command:Invoked command in '/home/rafael/ROS2Dev/robot_examen2025_ws/build/scorbot_bringup' returned '0': CMAKE_PREFIX_PATH=${CMAKE_PREFIX_PATH}:/opt/ros/humble /usr/bin/cmake --install /home/rafael/ROS2Dev/robot_examen2025_ws/build/scorbot_bringup
[12.560s] Level 1:colcon.colcon_core.environment:checking '/home/rafael/ROS2Dev/robot_examen2025_ws/install/scorbot_bringup' for CMake config files
[12.564s] Level 1:colcon.colcon_core.shell:create_environment_hook('scorbot_bringup', 'cmake_prefix_path')
[12.565s] INFO:colcon.colcon_core.shell:Creating environment hook '/home/rafael/ROS2Dev/robot_examen2025_ws/install/scorbot_bringup/share/scorbot_bringup/hook/cmake_prefix_path.ps1'
[12.572s] INFO:colcon.colcon_core.shell:Creating environment descriptor '/home/rafael/ROS2Dev/robot_examen2025_ws/install/scorbot_bringup/share/scorbot_bringup/hook/cmake_prefix_path.dsv'
[12.576s] INFO:colcon.colcon_core.shell:Creating environment hook '/home/rafael/ROS2Dev/robot_examen2025_ws/install/scorbot_bringup/share/scorbot_bringup/hook/cmake_prefix_path.sh'
[12.580s] Level 1:colcon.colcon_core.environment:checking '/home/rafael/ROS2Dev/robot_examen2025_ws/install/scorbot_bringup/lib'
[12.581s] Level 1:colcon.colcon_core.environment:checking '/home/rafael/ROS2Dev/robot_examen2025_ws/install/scorbot_bringup/bin'
[12.582s] Level 1:colcon.colcon_core.environment:checking '/home/rafael/ROS2Dev/robot_examen2025_ws/install/scorbot_bringup/lib/pkgconfig/scorbot_bringup.pc'
[12.583s] Level 1:colcon.colcon_core.environment:checking '/home/rafael/ROS2Dev/robot_examen2025_ws/install/scorbot_bringup/lib/python3.10/site-packages'
[12.585s] Level 1:colcon.colcon_core.environment:checking '/home/rafael/ROS2Dev/robot_examen2025_ws/install/scorbot_bringup/bin'
[12.587s] INFO:colcon.colcon_core.shell:Creating package script '/home/rafael/ROS2Dev/robot_examen2025_ws/install/scorbot_bringup/share/scorbot_bringup/package.ps1'
[12.592s] INFO:colcon.colcon_core.shell:Creating package descriptor '/home/rafael/ROS2Dev/robot_examen2025_ws/install/scorbot_bringup/share/scorbot_bringup/package.dsv'
[12.595s] INFO:colcon.colcon_core.shell:Creating package script '/home/rafael/ROS2Dev/robot_examen2025_ws/install/scorbot_bringup/share/scorbot_bringup/package.sh'
[12.598s] INFO:colcon.colcon_core.shell:Creating package script '/home/rafael/ROS2Dev/robot_examen2025_ws/install/scorbot_bringup/share/scorbot_bringup/package.bash'
[12.601s] INFO:colcon.colcon_core.shell:Creating package script '/home/rafael/ROS2Dev/robot_examen2025_ws/install/scorbot_bringup/share/scorbot_bringup/package.zsh'
[12.604s] Level 1:colcon.colcon_core.environment:create_file_with_runtime_dependencies(/home/rafael/ROS2Dev/robot_examen2025_ws/install/scorbot_bringup/share/colcon-core/packages/scorbot_bringup)
[12.818s] Level 1:colcon.colcon_core.environment:create_environment_scripts_only(scorbot_bringup)
[12.821s] Level 1:colcon.colcon_core.environment:checking '/home/rafael/ROS2Dev/robot_examen2025_ws/install/scorbot_bringup' for CMake module files
[12.827s] Level 1:colcon.colcon_core.environment:checking '/home/rafael/ROS2Dev/robot_examen2025_ws/install/scorbot_bringup' for CMake config files
[12.831s] Level 1:colcon.colcon_core.shell:create_environment_hook('scorbot_bringup', 'cmake_prefix_path')
[12.832s] INFO:colcon.colcon_core.shell:Creating environment hook '/home/rafael/ROS2Dev/robot_examen2025_ws/install/scorbot_bringup/share/scorbot_bringup/hook/cmake_prefix_path.ps1'
[12.834s] INFO:colcon.colcon_core.shell:Creating environment descriptor '/home/rafael/ROS2Dev/robot_examen2025_ws/install/scorbot_bringup/share/scorbot_bringup/hook/cmake_prefix_path.dsv'
[12.837s] INFO:colcon.colcon_core.shell:Creating environment hook '/home/rafael/ROS2Dev/robot_examen2025_ws/install/scorbot_bringup/share/scorbot_bringup/hook/cmake_prefix_path.sh'
[12.841s] Level 1:colcon.colcon_core.environment:checking '/home/rafael/ROS2Dev/robot_examen2025_ws/install/scorbot_bringup/lib'
[12.841s] Level 1:colcon.colcon_core.environment:checking '/home/rafael/ROS2Dev/robot_examen2025_ws/install/scorbot_bringup/bin'
[12.842s] Level 1:colcon.colcon_core.environment:checking '/home/rafael/ROS2Dev/robot_examen2025_ws/install/scorbot_bringup/lib/pkgconfig/scorbot_bringup.pc'
[12.844s] Level 1:colcon.colcon_core.environment:checking '/home/rafael/ROS2Dev/robot_examen2025_ws/install/scorbot_bringup/lib/python3.10/site-packages'
[12.848s] Level 1:colcon.colcon_core.environment:checking '/home/rafael/ROS2Dev/robot_examen2025_ws/install/scorbot_bringup/bin'
[12.850s] INFO:colcon.colcon_core.shell:Creating package script '/home/rafael/ROS2Dev/robot_examen2025_ws/install/scorbot_bringup/share/scorbot_bringup/package.ps1'
[12.854s] INFO:colcon.colcon_core.shell:Creating package descriptor '/home/rafael/ROS2Dev/robot_examen2025_ws/install/scorbot_bringup/share/scorbot_bringup/package.dsv'
[12.857s] INFO:colcon.colcon_core.shell:Creating package script '/home/rafael/ROS2Dev/robot_examen2025_ws/install/scorbot_bringup/share/scorbot_bringup/package.sh'
[12.861s] INFO:colcon.colcon_core.shell:Creating package script '/home/rafael/ROS2Dev/robot_examen2025_ws/install/scorbot_bringup/share/scorbot_bringup/package.bash'
[12.865s] INFO:colcon.colcon_core.shell:Creating package script '/home/rafael/ROS2Dev/robot_examen2025_ws/install/scorbot_bringup/share/scorbot_bringup/package.zsh'
[12.868s] Level 1:colcon.colcon_core.environment:create_file_with_runtime_dependencies(/home/rafael/ROS2Dev/robot_examen2025_ws/install/scorbot_bringup/share/colcon-core/packages/scorbot_bringup)
[12.870s] DEBUG:colcon.colcon_parallel_executor.executor.parallel:closing loop
[12.871s] DEBUG:colcon.colcon_parallel_executor.executor.parallel:loop closed
[12.871s] DEBUG:colcon.colcon_parallel_executor.executor.parallel:run_until_complete finished with '0'
[12.872s] DEBUG:colcon.colcon_core.event_reactor:joining thread
[13.014s] INFO:colcon.colcon_core.plugin_system:Skipping extension 'colcon_notification.desktop_notification.terminal_notifier': Not used on non-Darwin systems
[13.015s] INFO:colcon.colcon_core.plugin_system:Skipping extension 'colcon_notification.desktop_notification.win32': Not used on non-Windows systems
[13.016s] INFO:colcon.colcon_notification.desktop_notification:Sending desktop notification using 'notify2'
[13.157s] DEBUG:colcon.colcon_core.event_reactor:joined thread
[13.158s] INFO:colcon.colcon_core.shell:Creating prefix script '/home/rafael/ROS2Dev/robot_examen2025_ws/install/local_setup.ps1'
[13.185s] INFO:colcon.colcon_core.shell:Creating prefix util module '/home/rafael/ROS2Dev/robot_examen2025_ws/install/_local_setup_util_ps1.py'
[13.201s] INFO:colcon.colcon_core.shell:Creating prefix chain script '/home/rafael/ROS2Dev/robot_examen2025_ws/install/setup.ps1'
[13.211s] INFO:colcon.colcon_core.shell:Creating prefix script '/home/rafael/ROS2Dev/robot_examen2025_ws/install/local_setup.sh'
[13.214s] INFO:colcon.colcon_core.shell:Creating prefix util module '/home/rafael/ROS2Dev/robot_examen2025_ws/install/_local_setup_util_sh.py'
[13.217s] INFO:colcon.colcon_core.shell:Creating prefix chain script '/home/rafael/ROS2Dev/robot_examen2025_ws/install/setup.sh'
[13.226s] INFO:colcon.colcon_core.shell:Creating prefix script '/home/rafael/ROS2Dev/robot_examen2025_ws/install/local_setup.bash'
[13.250s] INFO:colcon.colcon_core.shell:Creating prefix chain script '/home/rafael/ROS2Dev/robot_examen2025_ws/install/setup.bash'
[13.260s] INFO:colcon.colcon_core.shell:Creating prefix script '/home/rafael/ROS2Dev/robot_examen2025_ws/install/local_setup.zsh'
[13.267s] INFO:colcon.colcon_core.shell:Creating prefix chain script '/home/rafael/ROS2Dev/robot_examen2025_ws/install/setup.zsh'
