[0.802s] DEBUG:colcon:Command line arguments: ['/usr/bin/colcon', 'build']
[0.803s] DEBUG:colcon:Parsed command line arguments: Namespace(log_base=None, log_level=None, verb_name='build', build_base='build', install_base='install', merge_install=False, symlink_install=False, test_result_base=None, continue_on_error=False, executor='parallel', parallel_workers=2, event_handlers=None, ignore_user_meta=False, metas=['./colcon.meta'], base_paths=['.'], packages_ignore=None, packages_ignore_regex=None, paths=None, packages_up_to=None, packages_up_to_regex=None, packages_above=None, packages_above_and_dependencies=None, packages_above_depth=None, packages_select_by_dep=None, packages_skip_by_dep=None, packages_skip_up_to=None, packages_select_build_failed=False, packages_skip_build_finished=False, packages_select_test_failures=False, packages_skip_test_passed=False, packages_select=None, packages_skip=None, packages_select_regex=None, packages_skip_regex=None, packages_start=None, packages_end=None, allow_overriding=[], cmake_args=None, cmake_target=None, cmake_target_skip_unavailable=False, cmake_clean_cache=False, cmake_clean_first=False, cmake_force_configure=False, ament_cmake_args=None, catkin_cmake_args=None, catkin_skip_building_tests=False, mixin_files=None, mixin=None, verb_parser=<colcon_mixin.mixin.mixin_argument.MixinArgumentDecorator object at 0x7e2d8ecb0340>, verb_extension=<colcon_core.verb.build.BuildVerb object at 0x7e2d8eda5090>, main=<bound method BuildVerb.main of <colcon_core.verb.build.BuildVerb object at 0x7e2d8eda5090>>, mixin_verb=('build',))
[2.522s] Level 1:colcon.colcon_core.package_discovery:discover_packages(colcon_meta) check parameters
[2.522s] Level 1:colcon.colcon_core.package_discovery:discover_packages(recursive) check parameters
[2.522s] Level 1:colcon.colcon_core.package_discovery:discover_packages(ignore) check parameters
[2.523s] Level 1:colcon.colcon_core.package_discovery:discover_packages(path) check parameters
[2.523s] Level 1:colcon.colcon_core.package_discovery:discover_packages(colcon_meta) discover
[2.523s] Level 1:colcon.colcon_core.package_discovery:discover_packages(recursive) discover
[2.523s] INFO:colcon.colcon_core.package_discovery:Crawling recursively for packages in '/home/rafael/ROS2Dev/robot_examen2025_ws'
[2.524s] Level 1:colcon.colcon_core.package_identification:_identify(.) by extensions ['ignore', 'ignore_ament_install']
[2.525s] Level 1:colcon.colcon_core.package_identification:_identify(.) by extension 'ignore'
[2.525s] Level 1:colcon.colcon_core.package_identification:_identify(.) by extension 'ignore_ament_install'
[2.525s] Level 1:colcon.colcon_core.package_identification:_identify(.) by extensions ['colcon_pkg']
[2.526s] Level 1:colcon.colcon_core.package_identification:_identify(.) by extension 'colcon_pkg'
[2.526s] Level 1:colcon.colcon_core.package_identification:_identify(.) by extensions ['colcon_meta']
[2.526s] Level 1:colcon.colcon_core.package_identification:_identify(.) by extension 'colcon_meta'
[2.526s] Level 1:colcon.colcon_core.package_identification:_identify(.) by extensions ['ros']
[2.527s] Level 1:colcon.colcon_core.package_identification:_identify(.) by extension 'ros'
[2.643s] Level 1:colcon.colcon_core.package_identification:_identify(.) by extensions ['cmake', 'python']
[2.643s] Level 1:colcon.colcon_core.package_identification:_identify(.) by extension 'cmake'
[2.643s] Level 1:colcon.colcon_core.package_identification:_identify(.) by extension 'python'
[2.644s] Level 1:colcon.colcon_core.package_identification:_identify(.) by extensions ['python_setup_py']
[2.644s] Level 1:colcon.colcon_core.package_identification:_identify(.) by extension 'python_setup_py'
[2.644s] Level 1:colcon.colcon_core.package_identification:_identify(build) by extensions ['ignore', 'ignore_ament_install']
[2.645s] Level 1:colcon.colcon_core.package_identification:_identify(build) by extension 'ignore'
[2.645s] Level 1:colcon.colcon_core.package_identification:_identify(build) ignored
[2.646s] Level 1:colcon.colcon_core.package_identification:_identify(install) by extensions ['ignore', 'ignore_ament_install']
[2.647s] Level 1:colcon.colcon_core.package_identification:_identify(install) by extension 'ignore'
[2.647s] Level 1:colcon.colcon_core.package_identification:_identify(install) ignored
[2.648s] Level 1:colcon.colcon_core.package_identification:_identify(log) by extensions ['ignore', 'ignore_ament_install']
[2.648s] Level 1:colcon.colcon_core.package_identification:_identify(log) by extension 'ignore'
[2.649s] Level 1:colcon.colcon_core.package_identification:_identify(log) ignored
[2.649s] Level 1:colcon.colcon_core.package_identification:_identify(src) by extensions ['ignore', 'ignore_ament_install']
[2.650s] Level 1:colcon.colcon_core.package_identification:_identify(src) by extension 'ignore'
[2.650s] Level 1:colcon.colcon_core.package_identification:_identify(src) by extension 'ignore_ament_install'
[2.650s] Level 1:colcon.colcon_core.package_identification:_identify(src) by extensions ['colcon_pkg']
[2.651s] Level 1:colcon.colcon_core.package_identification:_identify(src) by extension 'colcon_pkg'
[2.651s] Level 1:colcon.colcon_core.package_identification:_identify(src) by extensions ['colcon_meta']
[2.651s] Level 1:colcon.colcon_core.package_identification:_identify(src) by extension 'colcon_meta'
[2.651s] Level 1:colcon.colcon_core.package_identification:_identify(src) by extensions ['ros']
[2.652s] Level 1:colcon.colcon_core.package_identification:_identify(src) by extension 'ros'
[2.652s] Level 1:colcon.colcon_core.package_identification:_identify(src) by extensions ['cmake', 'python']
[2.652s] Level 1:colcon.colcon_core.package_identification:_identify(src) by extension 'cmake'
[2.653s] Level 1:colcon.colcon_core.package_identification:_identify(src) by extension 'python'
[2.653s] Level 1:colcon.colcon_core.package_identification:_identify(src) by extensions ['python_setup_py']
[2.653s] Level 1:colcon.colcon_core.package_identification:_identify(src) by extension 'python_setup_py'
[2.654s] Level 1:colcon.colcon_core.package_identification:_identify(src/scorbot_bringup) by extensions ['ignore', 'ignore_ament_install']
[2.654s] Level 1:colcon.colcon_core.package_identification:_identify(src/scorbot_bringup) by extension 'ignore'
[2.655s] Level 1:colcon.colcon_core.package_identification:_identify(src/scorbot_bringup) by extension 'ignore_ament_install'
[2.655s] Level 1:colcon.colcon_core.package_identification:_identify(src/scorbot_bringup) by extensions ['colcon_pkg']
[2.655s] Level 1:colcon.colcon_core.package_identification:_identify(src/scorbot_bringup) by extension 'colcon_pkg'
[2.656s] Level 1:colcon.colcon_core.package_identification:_identify(src/scorbot_bringup) by extensions ['colcon_meta']
[2.656s] Level 1:colcon.colcon_core.package_identification:_identify(src/scorbot_bringup) by extension 'colcon_meta'
[2.656s] Level 1:colcon.colcon_core.package_identification:_identify(src/scorbot_bringup) by extensions ['ros']
[2.657s] Level 1:colcon.colcon_core.package_identification:_identify(src/scorbot_bringup) by extension 'ros'
[2.670s] DEBUG:colcon.colcon_core.package_identification:Package 'src/scorbot_bringup' with type 'ros.ament_cmake' and name 'scorbot_bringup'
[2.671s] Level 1:colcon.colcon_core.package_identification:_identify(src/scorbot_description) by extensions ['ignore', 'ignore_ament_install']
[2.672s] Level 1:colcon.colcon_core.package_identification:_identify(src/scorbot_description) by extension 'ignore'
[2.672s] Level 1:colcon.colcon_core.package_identification:_identify(src/scorbot_description) by extension 'ignore_ament_install'
[2.673s] Level 1:colcon.colcon_core.package_identification:_identify(src/scorbot_description) by extensions ['colcon_pkg']
[2.673s] Level 1:colcon.colcon_core.package_identification:_identify(src/scorbot_description) by extension 'colcon_pkg'
[2.673s] Level 1:colcon.colcon_core.package_identification:_identify(src/scorbot_description) by extensions ['colcon_meta']
[2.673s] Level 1:colcon.colcon_core.package_identification:_identify(src/scorbot_description) by extension 'colcon_meta'
[2.674s] Level 1:colcon.colcon_core.package_identification:_identify(src/scorbot_description) by extensions ['ros']
[2.674s] Level 1:colcon.colcon_core.package_identification:_identify(src/scorbot_description) by extension 'ros'
[2.677s] DEBUG:colcon.colcon_core.package_identification:Package 'src/scorbot_description' with type 'ros.ament_cmake' and name 'scorbot_description'
[2.678s] Level 1:colcon.colcon_core.package_discovery:discover_packages(recursive) using defaults
[2.678s] Level 1:colcon.colcon_core.package_discovery:discover_packages(ignore) discover
[2.678s] Level 1:colcon.colcon_core.package_discovery:discover_packages(ignore) using defaults
[2.678s] Level 1:colcon.colcon_core.package_discovery:discover_packages(path) discover
[2.679s] Level 1:colcon.colcon_core.package_discovery:discover_packages(path) using defaults
[2.803s] Level 1:colcon.colcon_core.package_discovery:discover_packages(prefix_path) check parameters
[2.803s] Level 1:colcon.colcon_core.package_discovery:discover_packages(prefix_path) discover
[2.816s] DEBUG:colcon.colcon_installed_package_information.package_discovery:Found 2 installed packages in /home/rafael/ROS2Dev/robot_examen2025_ws/install
[2.821s] DEBUG:colcon.colcon_installed_package_information.package_discovery:Found 7 installed packages in /home/rafael/ROS2Dev/robot_2025_ws/install
[2.835s] DEBUG:colcon.colcon_installed_package_information.package_discovery:Found 333 installed packages in /opt/ros/humble
[2.852s] Level 1:colcon.colcon_core.package_discovery:discover_packages(prefix_path) using defaults
[3.195s] Level 5:colcon.colcon_core.verb:set package 'scorbot_bringup' build argument 'cmake_args' from command line to 'None'
[3.196s] Level 5:colcon.colcon_core.verb:set package 'scorbot_bringup' build argument 'cmake_target' from command line to 'None'
[3.196s] Level 5:colcon.colcon_core.verb:set package 'scorbot_bringup' build argument 'cmake_target_skip_unavailable' from command line to 'False'
[3.196s] Level 5:colcon.colcon_core.verb:set package 'scorbot_bringup' build argument 'cmake_clean_cache' from command line to 'False'
[3.196s] Level 5:colcon.colcon_core.verb:set package 'scorbot_bringup' build argument 'cmake_clean_first' from command line to 'False'
[3.196s] Level 5:colcon.colcon_core.verb:set package 'scorbot_bringup' build argument 'cmake_force_configure' from command line to 'False'
[3.197s] Level 5:colcon.colcon_core.verb:set package 'scorbot_bringup' build argument 'ament_cmake_args' from command line to 'None'
[3.197s] Level 5:colcon.colcon_core.verb:set package 'scorbot_bringup' build argument 'catkin_cmake_args' from command line to 'None'
[3.197s] Level 5:colcon.colcon_core.verb:set package 'scorbot_bringup' build argument 'catkin_skip_building_tests' from command line to 'False'
[3.197s] DEBUG:colcon.colcon_core.verb:Building package 'scorbot_bringup' with the following arguments: {'ament_cmake_args': None, 'build_base': '/home/rafael/ROS2Dev/robot_examen2025_ws/build/scorbot_bringup', 'catkin_cmake_args': None, 'catkin_skip_building_tests': False, 'cmake_args': None, 'cmake_clean_cache': False, 'cmake_clean_first': False, 'cmake_force_configure': False, 'cmake_target': None, 'cmake_target_skip_unavailable': False, 'install_base': '/home/rafael/ROS2Dev/robot_examen2025_ws/install/scorbot_bringup', 'merge_install': False, 'path': '/home/rafael/ROS2Dev/robot_examen2025_ws/src/scorbot_bringup', 'symlink_install': False, 'test_result_base': None}
[3.200s] Level 5:colcon.colcon_core.verb:set package 'scorbot_description' build argument 'cmake_args' from command line to 'None'
[3.200s] Level 5:colcon.colcon_core.verb:set package 'scorbot_description' build argument 'cmake_target' from command line to 'None'
[3.200s] Level 5:colcon.colcon_core.verb:set package 'scorbot_description' build argument 'cmake_target_skip_unavailable' from command line to 'False'
[3.201s] Level 5:colcon.colcon_core.verb:set package 'scorbot_description' build argument 'cmake_clean_cache' from command line to 'False'
[3.201s] Level 5:colcon.colcon_core.verb:set package 'scorbot_description' build argument 'cmake_clean_first' from command line to 'False'
[3.201s] Level 5:colcon.colcon_core.verb:set package 'scorbot_description' build argument 'cmake_force_configure' from command line to 'False'
[3.201s] Level 5:colcon.colcon_core.verb:set package 'scorbot_description' build argument 'ament_cmake_args' from command line to 'None'
[3.201s] Level 5:colcon.colcon_core.verb:set package 'scorbot_description' build argument 'catkin_cmake_args' from command line to 'None'
[3.201s] Level 5:colcon.colcon_core.verb:set package 'scorbot_description' build argument 'catkin_skip_building_tests' from command line to 'False'
[3.202s] DEBUG:colcon.colcon_core.verb:Building package 'scorbot_description' with the following arguments: {'ament_cmake_args': None, 'build_base': '/home/rafael/ROS2Dev/robot_examen2025_ws/build/scorbot_description', 'catkin_cmake_args': None, 'catkin_skip_building_tests': False, 'cmake_args': None, 'cmake_clean_cache': False, 'cmake_clean_first': False, 'cmake_force_configure': False, 'cmake_target': None, 'cmake_target_skip_unavailable': False, 'install_base': '/home/rafael/ROS2Dev/robot_examen2025_ws/install/scorbot_description', 'merge_install': False, 'path': '/home/rafael/ROS2Dev/robot_examen2025_ws/src/scorbot_description', 'symlink_install': False, 'test_result_base': None}
[3.203s] INFO:colcon.colcon_core.executor:Executing jobs using 'parallel' executor
[3.208s] DEBUG:colcon.colcon_parallel_executor.executor.parallel:run_until_complete
[3.209s] INFO:colcon.colcon_ros.task.ament_cmake.build:Building ROS package in '/home/rafael/ROS2Dev/robot_examen2025_ws/src/scorbot_bringup' with build type 'ament_cmake'
[3.210s] INFO:colcon.colcon_cmake.task.cmake.build:Building CMake package in '/home/rafael/ROS2Dev/robot_examen2025_ws/src/scorbot_bringup'
[3.223s] INFO:colcon.colcon_core.plugin_system:Skipping extension 'colcon_core.shell.bat': Not used on non-Windows systems
[3.225s] INFO:colcon.colcon_core.shell:Skip shell extension 'powershell' for command environment: Not usable outside of PowerShell
[3.225s] DEBUG:colcon.colcon_core.shell:Skip shell extension 'dsv' for command environment
[3.260s] INFO:colcon.colcon_ros.task.ament_cmake.build:Building ROS package in '/home/rafael/ROS2Dev/robot_examen2025_ws/src/scorbot_description' with build type 'ament_cmake'
[3.261s] INFO:colcon.colcon_cmake.task.cmake.build:Building CMake package in '/home/rafael/ROS2Dev/robot_examen2025_ws/src/scorbot_description'
[3.266s] INFO:colcon.colcon_core.shell:Skip shell extension 'powershell' for command environment: Not usable outside of PowerShell
[3.266s] DEBUG:colcon.colcon_core.shell:Skip shell extension 'dsv' for command environment
[3.330s] DEBUG:colcon.colcon_core.event_handler.log_command:Invoking command in '/home/rafael/ROS2Dev/robot_examen2025_ws/build/scorbot_bringup': CMAKE_PREFIX_PATH=${CMAKE_PREFIX_PATH}:/opt/ros/humble /usr/bin/cmake --build /home/rafael/ROS2Dev/robot_examen2025_ws/build/scorbot_bringup -- -j2 -l2
[3.384s] DEBUG:colcon.colcon_core.event_handler.log_command:Invoking command in '/home/rafael/ROS2Dev/robot_examen2025_ws/build/scorbot_description': CMAKE_PREFIX_PATH=${CMAKE_PREFIX_PATH}:/opt/ros/humble /usr/bin/cmake --build /home/rafael/ROS2Dev/robot_examen2025_ws/build/scorbot_description -- -j2 -l2
[3.576s] DEBUG:colcon.colcon_core.event_handler.log_command:Invoked command in '/home/rafael/ROS2Dev/robot_examen2025_ws/build/scorbot_description' returned '0': CMAKE_PREFIX_PATH=${CMAKE_PREFIX_PATH}:/opt/ros/humble /usr/bin/cmake --build /home/rafael/ROS2Dev/robot_examen2025_ws/build/scorbot_description -- -j2 -l2
[3.753s] DEBUG:colcon.colcon_core.event_handler.log_command:Invoking command in '/home/rafael/ROS2Dev/robot_examen2025_ws/build/scorbot_description': CMAKE_PREFIX_PATH=${CMAKE_PREFIX_PATH}:/opt/ros/humble /usr/bin/cmake --install /home/rafael/ROS2Dev/robot_examen2025_ws/build/scorbot_description
[3.841s] Level 1:colcon.colcon_core.environment:create_environment_scripts_only(scorbot_description)
[3.874s] DEBUG:colcon.colcon_core.event_handler.log_command:Invoked command in '/home/rafael/ROS2Dev/robot_examen2025_ws/build/scorbot_description' returned '0': CMAKE_PREFIX_PATH=${CMAKE_PREFIX_PATH}:/opt/ros/humble /usr/bin/cmake --install /home/rafael/ROS2Dev/robot_examen2025_ws/build/scorbot_description
[3.878s] Level 1:colcon.colcon_core.environment:checking '/home/rafael/ROS2Dev/robot_examen2025_ws/install/scorbot_description' for CMake module files
[3.881s] Level 1:colcon.colcon_core.environment:checking '/home/rafael/ROS2Dev/robot_examen2025_ws/install/scorbot_description' for CMake config files
[3.883s] Level 1:colcon.colcon_core.shell:create_environment_hook('scorbot_description', 'cmake_prefix_path')
[3.884s] INFO:colcon.colcon_core.shell:Creating environment hook '/home/rafael/ROS2Dev/robot_examen2025_ws/install/scorbot_description/share/scorbot_description/hook/cmake_prefix_path.ps1'
[3.888s] INFO:colcon.colcon_core.shell:Creating environment descriptor '/home/rafael/ROS2Dev/robot_examen2025_ws/install/scorbot_description/share/scorbot_description/hook/cmake_prefix_path.dsv'
[3.890s] INFO:colcon.colcon_core.shell:Creating environment hook '/home/rafael/ROS2Dev/robot_examen2025_ws/install/scorbot_description/share/scorbot_description/hook/cmake_prefix_path.sh'
[3.895s] Level 1:colcon.colcon_core.environment:checking '/home/rafael/ROS2Dev/robot_examen2025_ws/install/scorbot_description/bin'
[3.896s] Level 1:colcon.colcon_core.environment:checking '/home/rafael/ROS2Dev/robot_examen2025_ws/install/scorbot_description/lib/pkgconfig/scorbot_description.pc'
[3.897s] Level 1:colcon.colcon_core.environment:checking '/home/rafael/ROS2Dev/robot_examen2025_ws/install/scorbot_description/lib/python3.10/site-packages'
[3.898s] Level 1:colcon.colcon_core.environment:checking '/home/rafael/ROS2Dev/robot_examen2025_ws/install/scorbot_description/bin'
[3.900s] INFO:colcon.colcon_core.shell:Creating package script '/home/rafael/ROS2Dev/robot_examen2025_ws/install/scorbot_description/share/scorbot_description/package.ps1'
[3.905s] INFO:colcon.colcon_core.shell:Creating package descriptor '/home/rafael/ROS2Dev/robot_examen2025_ws/install/scorbot_description/share/scorbot_description/package.dsv'
[3.908s] INFO:colcon.colcon_core.shell:Creating package script '/home/rafael/ROS2Dev/robot_examen2025_ws/install/scorbot_description/share/scorbot_description/package.sh'
[3.912s] INFO:colcon.colcon_core.shell:Creating package script '/home/rafael/ROS2Dev/robot_examen2025_ws/install/scorbot_description/share/scorbot_description/package.bash'
[3.918s] INFO:colcon.colcon_core.shell:Creating package script '/home/rafael/ROS2Dev/robot_examen2025_ws/install/scorbot_description/share/scorbot_description/package.zsh'
[3.923s] Level 1:colcon.colcon_core.environment:create_file_with_runtime_dependencies(/home/rafael/ROS2Dev/robot_examen2025_ws/install/scorbot_description/share/colcon-core/packages/scorbot_description)
[4.055s] Level 1:colcon.colcon_core.environment:create_environment_scripts_only(scorbot_description)
[4.057s] Level 1:colcon.colcon_core.environment:checking '/home/rafael/ROS2Dev/robot_examen2025_ws/install/scorbot_description' for CMake module files
[4.061s] Level 1:colcon.colcon_core.environment:checking '/home/rafael/ROS2Dev/robot_examen2025_ws/install/scorbot_description' for CMake config files
[4.062s] Level 1:colcon.colcon_core.shell:create_environment_hook('scorbot_description', 'cmake_prefix_path')
[4.064s] INFO:colcon.colcon_core.shell:Creating environment hook '/home/rafael/ROS2Dev/robot_examen2025_ws/install/scorbot_description/share/scorbot_description/hook/cmake_prefix_path.ps1'
[4.066s] INFO:colcon.colcon_core.shell:Creating environment descriptor '/home/rafael/ROS2Dev/robot_examen2025_ws/install/scorbot_description/share/scorbot_description/hook/cmake_prefix_path.dsv'
[4.068s] INFO:colcon.colcon_core.shell:Creating environment hook '/home/rafael/ROS2Dev/robot_examen2025_ws/install/scorbot_description/share/scorbot_description/hook/cmake_prefix_path.sh'
[4.071s] Level 1:colcon.colcon_core.environment:checking '/home/rafael/ROS2Dev/robot_examen2025_ws/install/scorbot_description/bin'
[4.072s] Level 1:colcon.colcon_core.environment:checking '/home/rafael/ROS2Dev/robot_examen2025_ws/install/scorbot_description/lib/pkgconfig/scorbot_description.pc'
[4.074s] Level 1:colcon.colcon_core.environment:checking '/home/rafael/ROS2Dev/robot_examen2025_ws/install/scorbot_description/lib/python3.10/site-packages'
[4.075s] Level 1:colcon.colcon_core.environment:checking '/home/rafael/ROS2Dev/robot_examen2025_ws/install/scorbot_description/bin'
[4.078s] INFO:colcon.colcon_core.shell:Creating package script '/home/rafael/ROS2Dev/robot_examen2025_ws/install/scorbot_description/share/scorbot_description/package.ps1'
[4.082s] INFO:colcon.colcon_core.shell:Creating package descriptor '/home/rafael/ROS2Dev/robot_examen2025_ws/install/scorbot_description/share/scorbot_description/package.dsv'
[4.085s] INFO:colcon.colcon_core.shell:Creating package script '/home/rafael/ROS2Dev/robot_examen2025_ws/install/scorbot_description/share/scorbot_description/package.sh'
[4.088s] INFO:colcon.colcon_core.shell:Creating package script '/home/rafael/ROS2Dev/robot_examen2025_ws/install/scorbot_description/share/scorbot_description/package.bash'
[4.099s] INFO:colcon.colcon_core.shell:Creating package script '/home/rafael/ROS2Dev/robot_examen2025_ws/install/scorbot_description/share/scorbot_description/package.zsh'
[4.107s] Level 1:colcon.colcon_core.environment:create_file_with_runtime_dependencies(/home/rafael/ROS2Dev/robot_examen2025_ws/install/scorbot_description/share/colcon-core/packages/scorbot_description)
[6.212s] DEBUG:colcon.colcon_core.event_handler.log_command:Invoked command in '/home/rafael/ROS2Dev/robot_examen2025_ws/build/scorbot_bringup' returned '0': CMAKE_PREFIX_PATH=${CMAKE_PREFIX_PATH}:/opt/ros/humble /usr/bin/cmake --build /home/rafael/ROS2Dev/robot_examen2025_ws/build/scorbot_bringup -- -j2 -l2
[6.357s] DEBUG:colcon.colcon_core.event_handler.log_command:Invoking command in '/home/rafael/ROS2Dev/robot_examen2025_ws/build/scorbot_bringup': CMAKE_PREFIX_PATH=${CMAKE_PREFIX_PATH}:/opt/ros/humble /usr/bin/cmake --install /home/rafael/ROS2Dev/robot_examen2025_ws/build/scorbot_bringup
[6.632s] Level 1:colcon.colcon_core.environment:create_environment_scripts_only(scorbot_bringup)
[6.634s] Level 1:colcon.colcon_core.environment:checking '/home/rafael/ROS2Dev/robot_examen2025_ws/install/scorbot_bringup' for CMake module files
[6.647s] DEBUG:colcon.colcon_core.event_handler.log_command:Invoked command in '/home/rafael/ROS2Dev/robot_examen2025_ws/build/scorbot_bringup' returned '0': CMAKE_PREFIX_PATH=${CMAKE_PREFIX_PATH}:/opt/ros/humble /usr/bin/cmake --install /home/rafael/ROS2Dev/robot_examen2025_ws/build/scorbot_bringup
[6.649s] Level 1:colcon.colcon_core.environment:checking '/home/rafael/ROS2Dev/robot_examen2025_ws/install/scorbot_bringup' for CMake config files
[6.650s] Level 1:colcon.colcon_core.shell:create_environment_hook('scorbot_bringup', 'cmake_prefix_path')
[6.652s] INFO:colcon.colcon_core.shell:Creating environment hook '/home/rafael/ROS2Dev/robot_examen2025_ws/install/scorbot_bringup/share/scorbot_bringup/hook/cmake_prefix_path.ps1'
[6.654s] INFO:colcon.colcon_core.shell:Creating environment descriptor '/home/rafael/ROS2Dev/robot_examen2025_ws/install/scorbot_bringup/share/scorbot_bringup/hook/cmake_prefix_path.dsv'
[6.656s] INFO:colcon.colcon_core.shell:Creating environment hook '/home/rafael/ROS2Dev/robot_examen2025_ws/install/scorbot_bringup/share/scorbot_bringup/hook/cmake_prefix_path.sh'
[6.660s] Level 1:colcon.colcon_core.environment:checking '/home/rafael/ROS2Dev/robot_examen2025_ws/install/scorbot_bringup/lib'
[6.662s] Level 1:colcon.colcon_core.environment:checking '/home/rafael/ROS2Dev/robot_examen2025_ws/install/scorbot_bringup/bin'
[6.662s] Level 1:colcon.colcon_core.environment:checking '/home/rafael/ROS2Dev/robot_examen2025_ws/install/scorbot_bringup/lib/pkgconfig/scorbot_bringup.pc'
[6.664s] Level 1:colcon.colcon_core.environment:checking '/home/rafael/ROS2Dev/robot_examen2025_ws/install/scorbot_bringup/lib/python3.10/site-packages'
[6.665s] Level 1:colcon.colcon_core.environment:checking '/home/rafael/ROS2Dev/robot_examen2025_ws/install/scorbot_bringup/bin'
[6.667s] INFO:colcon.colcon_core.shell:Creating package script '/home/rafael/ROS2Dev/robot_examen2025_ws/install/scorbot_bringup/share/scorbot_bringup/package.ps1'
[6.670s] INFO:colcon.colcon_core.shell:Creating package descriptor '/home/rafael/ROS2Dev/robot_examen2025_ws/install/scorbot_bringup/share/scorbot_bringup/package.dsv'
[6.672s] INFO:colcon.colcon_core.shell:Creating package script '/home/rafael/ROS2Dev/robot_examen2025_ws/install/scorbot_bringup/share/scorbot_bringup/package.sh'
[6.674s] INFO:colcon.colcon_core.shell:Creating package script '/home/rafael/ROS2Dev/robot_examen2025_ws/install/scorbot_bringup/share/scorbot_bringup/package.bash'
[6.677s] INFO:colcon.colcon_core.shell:Creating package script '/home/rafael/ROS2Dev/robot_examen2025_ws/install/scorbot_bringup/share/scorbot_bringup/package.zsh'
[6.679s] Level 1:colcon.colcon_core.environment:create_file_with_runtime_dependencies(/home/rafael/ROS2Dev/robot_examen2025_ws/install/scorbot_bringup/share/colcon-core/packages/scorbot_bringup)
[6.803s] Level 1:colcon.colcon_core.environment:create_environment_scripts_only(scorbot_bringup)
[6.805s] Level 1:colcon.colcon_core.environment:checking '/home/rafael/ROS2Dev/robot_examen2025_ws/install/scorbot_bringup' for CMake module files
[6.810s] Level 1:colcon.colcon_core.environment:checking '/home/rafael/ROS2Dev/robot_examen2025_ws/install/scorbot_bringup' for CMake config files
[6.811s] Level 1:colcon.colcon_core.shell:create_environment_hook('scorbot_bringup', 'cmake_prefix_path')
[6.813s] INFO:colcon.colcon_core.shell:Creating environment hook '/home/rafael/ROS2Dev/robot_examen2025_ws/install/scorbot_bringup/share/scorbot_bringup/hook/cmake_prefix_path.ps1'
[6.815s] INFO:colcon.colcon_core.shell:Creating environment descriptor '/home/rafael/ROS2Dev/robot_examen2025_ws/install/scorbot_bringup/share/scorbot_bringup/hook/cmake_prefix_path.dsv'
[6.817s] INFO:colcon.colcon_core.shell:Creating environment hook '/home/rafael/ROS2Dev/robot_examen2025_ws/install/scorbot_bringup/share/scorbot_bringup/hook/cmake_prefix_path.sh'
[6.820s] Level 1:colcon.colcon_core.environment:checking '/home/rafael/ROS2Dev/robot_examen2025_ws/install/scorbot_bringup/lib'
[6.821s] Level 1:colcon.colcon_core.environment:checking '/home/rafael/ROS2Dev/robot_examen2025_ws/install/scorbot_bringup/bin'
[6.821s] Level 1:colcon.colcon_core.environment:checking '/home/rafael/ROS2Dev/robot_examen2025_ws/install/scorbot_bringup/lib/pkgconfig/scorbot_bringup.pc'
[6.822s] Level 1:colcon.colcon_core.environment:checking '/home/rafael/ROS2Dev/robot_examen2025_ws/install/scorbot_bringup/lib/python3.10/site-packages'
[6.824s] Level 1:colcon.colcon_core.environment:checking '/home/rafael/ROS2Dev/robot_examen2025_ws/install/scorbot_bringup/bin'
[6.826s] INFO:colcon.colcon_core.shell:Creating package script '/home/rafael/ROS2Dev/robot_examen2025_ws/install/scorbot_bringup/share/scorbot_bringup/package.ps1'
[6.829s] INFO:colcon.colcon_core.shell:Creating package descriptor '/home/rafael/ROS2Dev/robot_examen2025_ws/install/scorbot_bringup/share/scorbot_bringup/package.dsv'
[6.832s] INFO:colcon.colcon_core.shell:Creating package script '/home/rafael/ROS2Dev/robot_examen2025_ws/install/scorbot_bringup/share/scorbot_bringup/package.sh'
[6.835s] INFO:colcon.colcon_core.shell:Creating package script '/home/rafael/ROS2Dev/robot_examen2025_ws/install/scorbot_bringup/share/scorbot_bringup/package.bash'
[6.837s] INFO:colcon.colcon_core.shell:Creating package script '/home/rafael/ROS2Dev/robot_examen2025_ws/install/scorbot_bringup/share/scorbot_bringup/package.zsh'
[6.840s] Level 1:colcon.colcon_core.environment:create_file_with_runtime_dependencies(/home/rafael/ROS2Dev/robot_examen2025_ws/install/scorbot_bringup/share/colcon-core/packages/scorbot_bringup)
[6.841s] DEBUG:colcon.colcon_parallel_executor.executor.parallel:closing loop
[6.842s] DEBUG:colcon.colcon_parallel_executor.executor.parallel:loop closed
[6.842s] DEBUG:colcon.colcon_parallel_executor.executor.parallel:run_until_complete finished with '0'
[6.843s] DEBUG:colcon.colcon_core.event_reactor:joining thread
[6.887s] INFO:colcon.colcon_core.plugin_system:Skipping extension 'colcon_notification.desktop_notification.terminal_notifier': Not used on non-Darwin systems
[6.888s] INFO:colcon.colcon_core.plugin_system:Skipping extension 'colcon_notification.desktop_notification.win32': Not used on non-Windows systems
[6.888s] INFO:colcon.colcon_notification.desktop_notification:Sending desktop notification using 'notify2'
[6.962s] DEBUG:colcon.colcon_core.event_reactor:joined thread
[6.964s] INFO:colcon.colcon_core.shell:Creating prefix script '/home/rafael/ROS2Dev/robot_examen2025_ws/install/local_setup.ps1'
[6.970s] INFO:colcon.colcon_core.shell:Creating prefix util module '/home/rafael/ROS2Dev/robot_examen2025_ws/install/_local_setup_util_ps1.py'
[6.979s] INFO:colcon.colcon_core.shell:Creating prefix chain script '/home/rafael/ROS2Dev/robot_examen2025_ws/install/setup.ps1'
[6.987s] INFO:colcon.colcon_core.shell:Creating prefix script '/home/rafael/ROS2Dev/robot_examen2025_ws/install/local_setup.sh'
[6.991s] INFO:colcon.colcon_core.shell:Creating prefix util module '/home/rafael/ROS2Dev/robot_examen2025_ws/install/_local_setup_util_sh.py'
[6.995s] INFO:colcon.colcon_core.shell:Creating prefix chain script '/home/rafael/ROS2Dev/robot_examen2025_ws/install/setup.sh'
[7.003s] INFO:colcon.colcon_core.shell:Creating prefix script '/home/rafael/ROS2Dev/robot_examen2025_ws/install/local_setup.bash'
[7.007s] INFO:colcon.colcon_core.shell:Creating prefix chain script '/home/rafael/ROS2Dev/robot_examen2025_ws/install/setup.bash'
[7.016s] INFO:colcon.colcon_core.shell:Creating prefix script '/home/rafael/ROS2Dev/robot_examen2025_ws/install/local_setup.zsh'
[7.020s] INFO:colcon.colcon_core.shell:Creating prefix chain script '/home/rafael/ROS2Dev/robot_examen2025_ws/install/setup.zsh'
