[0.343s] Invoking command in '/home/rafael/ROS2Dev/robot_examen2025_ws/build/scorbot_description': CMAKE_PREFIX_PATH=${CMAKE_PREFIX_PATH}:/opt/ros/humble /usr/bin/cmake --build /home/rafael/ROS2Dev/robot_examen2025_ws/build/scorbot_description -- -j2 -l2
[0.928s] Invoked command in '/home/rafael/ROS2Dev/robot_examen2025_ws/build/scorbot_description' returned '0': CMAKE_PREFIX_PATH=${CMAKE_PREFIX_PATH}:/opt/ros/humble /usr/bin/cmake --build /home/rafael/ROS2Dev/robot_examen2025_ws/build/scorbot_description -- -j2 -l2
[1.245s] Invoking command in '/home/rafael/ROS2Dev/robot_examen2025_ws/build/scorbot_description': CMAKE_PREFIX_PATH=${CMAKE_PREFIX_PATH}:/opt/ros/humble /usr/bin/cmake --install /home/rafael/ROS2Dev/robot_examen2025_ws/build/scorbot_description
[1.323s] -- Install configuration: ""
[1.323s] -- Up-to-date: /home/rafael/ROS2Dev/robot_examen2025_ws/install/scorbot_description/share/scorbot_description//urdf
[1.327s] -- Up-to-date: /home/rafael/ROS2Dev/robot_examen2025_ws/install/scorbot_description/share/scorbot_description//urdf/scorbot_position_controller.xacro
[1.327s] -- Installing: /home/rafael/ROS2Dev/robot_examen2025_ws/install/scorbot_description/share/scorbot_description//urdf/scorbot_urdf.xacro
[1.327s] -- Installing: /home/rafael/ROS2Dev/robot_examen2025_ws/install/scorbot_description/share/scorbot_description//urdf/trajectory_controller.xacro
[1.330s] -- Installing: /home/rafael/ROS2Dev/robot_examen2025_ws/install/scorbot_description/share/scorbot_description//urdf/scorbot.urdf
[1.331s] -- Installing: /home/rafael/ROS2Dev/robot_examen2025_ws/install/scorbot_description/share/scorbot_description//urdf/scorbot_gz_properties.xacro
[1.346s] -- Up-to-date: /home/rafael/ROS2Dev/robot_examen2025_ws/install/scorbot_description/share/scorbot_description//urdf/position_controller.xacro
[1.350s] -- Up-to-date: /home/rafael/ROS2Dev/robot_examen2025_ws/install/scorbot_description/share/scorbot_description//urdf/scorbot_trajectory_controller.xacro
[1.350s] -- Up-to-date: /home/rafael/ROS2Dev/robot_examen2025_ws/install/scorbot_description/share/scorbot_description//launch
[1.354s] -- Up-to-date: /home/rafael/ROS2Dev/robot_examen2025_ws/install/scorbot_description/share/scorbot_description//launch/scorbot_display.launch.xml
[1.354s] -- Up-to-date: /home/rafael/ROS2Dev/robot_examen2025_ws/install/scorbot_description/share/scorbot_description//rviz
[1.356s] -- Up-to-date: /home/rafael/ROS2Dev/robot_examen2025_ws/install/scorbot_description/share/scorbot_description//rviz/scorbot_rviz.rviz
[1.357s] -- Up-to-date: /home/rafael/ROS2Dev/robot_examen2025_ws/install/scorbot_description/share/scorbot_description//rviz/urdf.rviz
[1.358s] -- Up-to-date: /home/rafael/ROS2Dev/robot_examen2025_ws/install/scorbot_description/share/scorbot_description//config
[1.359s] -- Installing: /home/rafael/ROS2Dev/robot_examen2025_ws/install/scorbot_description/share/scorbot_description//config/scorbot_trajectory_controller.yaml
[1.360s] -- Up-to-date: /home/rafael/ROS2Dev/robot_examen2025_ws/install/scorbot_description/share/scorbot_description//config/scorbot_position_controller.yaml
[1.360s] -- Up-to-date: /home/rafael/ROS2Dev/robot_examen2025_ws/install/scorbot_description/share/scorbot_description//meshes
[1.360s] -- Up-to-date: /home/rafael/ROS2Dev/robot_examen2025_ws/install/scorbot_description/share/scorbot_description//meshes/Link_1.STL
[1.364s] -- Up-to-date: /home/rafael/ROS2Dev/robot_examen2025_ws/install/scorbot_description/share/scorbot_description//meshes/Link_2.STL
[1.366s] -- Up-to-date: /home/rafael/ROS2Dev/robot_examen2025_ws/install/scorbot_description/share/scorbot_description//meshes/Link_4.STL
[1.366s] -- Up-to-date: /home/rafael/ROS2Dev/robot_examen2025_ws/install/scorbot_description/share/scorbot_description//meshes/base_link.STL
[1.368s] -- Up-to-date: /home/rafael/ROS2Dev/robot_examen2025_ws/install/scorbot_description/share/scorbot_description//meshes/Link_3.STL
[1.370s] -- Up-to-date: /home/rafael/ROS2Dev/robot_examen2025_ws/install/scorbot_description/share/ament_index/resource_index/package_run_dependencies/scorbot_description
[1.370s] -- Up-to-date: /home/rafael/ROS2Dev/robot_examen2025_ws/install/scorbot_description/share/ament_index/resource_index/parent_prefix_path/scorbot_description
[1.370s] -- Up-to-date: /home/rafael/ROS2Dev/robot_examen2025_ws/install/scorbot_description/share/scorbot_description/environment/ament_prefix_path.sh
[1.374s] -- Up-to-date: /home/rafael/ROS2Dev/robot_examen2025_ws/install/scorbot_description/share/scorbot_description/environment/ament_prefix_path.dsv
[1.376s] -- Up-to-date: /home/rafael/ROS2Dev/robot_examen2025_ws/install/scorbot_description/share/scorbot_description/environment/path.sh
[1.377s] -- Up-to-date: /home/rafael/ROS2Dev/robot_examen2025_ws/install/scorbot_description/share/scorbot_description/environment/path.dsv
[1.377s] -- Up-to-date: /home/rafael/ROS2Dev/robot_examen2025_ws/install/scorbot_description/share/scorbot_description/local_setup.bash
[1.377s] -- Up-to-date: /home/rafael/ROS2Dev/robot_examen2025_ws/install/scorbot_description/share/scorbot_description/local_setup.sh
[1.378s] -- Up-to-date: /home/rafael/ROS2Dev/robot_examen2025_ws/install/scorbot_description/share/scorbot_description/local_setup.zsh
[1.378s] -- Up-to-date: /home/rafael/ROS2Dev/robot_examen2025_ws/install/scorbot_description/share/scorbot_description/local_setup.dsv
[1.384s] -- Installing: /home/rafael/ROS2Dev/robot_examen2025_ws/install/scorbot_description/share/scorbot_description/package.dsv
[1.384s] -- Up-to-date: /home/rafael/ROS2Dev/robot_examen2025_ws/install/scorbot_description/share/ament_index/resource_index/packages/scorbot_description
[1.387s] -- Up-to-date: /home/rafael/ROS2Dev/robot_examen2025_ws/install/scorbot_description/share/scorbot_description/cmake/scorbot_descriptionConfig.cmake
[1.388s] -- Up-to-date: /home/rafael/ROS2Dev/robot_examen2025_ws/install/scorbot_description/share/scorbot_description/cmake/scorbot_descriptionConfig-version.cmake
[1.388s] -- Up-to-date: /home/rafael/ROS2Dev/robot_examen2025_ws/install/scorbot_description/share/scorbot_description/package.xml
[1.422s] Invoked command in '/home/rafael/ROS2Dev/robot_examen2025_ws/build/scorbot_description' returned '0': CMAKE_PREFIX_PATH=${CMAKE_PREFIX_PATH}:/opt/ros/humble /usr/bin/cmake --install /home/rafael/ROS2Dev/robot_examen2025_ws/build/scorbot_description
