[0.896s] DEBUG:colcon:Command line arguments: ['/usr/bin/colcon', 'build']
[0.896s] DEBUG:colcon:Parsed command line arguments: Namespace(log_base=None, log_level=None, verb_name='build', build_base='build', install_base='install', merge_install=False, symlink_install=False, test_result_base=None, continue_on_error=False, executor='parallel', parallel_workers=2, event_handlers=None, ignore_user_meta=False, metas=['./colcon.meta'], base_paths=['.'], packages_ignore=None, packages_ignore_regex=None, paths=None, packages_up_to=None, packages_up_to_regex=None, packages_above=None, packages_above_and_dependencies=None, packages_above_depth=None, packages_select_by_dep=None, packages_skip_by_dep=None, packages_skip_up_to=None, packages_select_build_failed=False, packages_skip_build_finished=False, packages_select_test_failures=False, packages_skip_test_passed=False, packages_select=None, packages_skip=None, packages_select_regex=None, packages_skip_regex=None, packages_start=None, packages_end=None, allow_overriding=[], cmake_args=None, cmake_target=None, cmake_target_skip_unavailable=False, cmake_clean_cache=False, cmake_clean_first=False, cmake_force_configure=False, ament_cmake_args=None, catkin_cmake_args=None, catkin_skip_building_tests=False, mixin_files=None, mixin=None, verb_parser=<colcon_mixin.mixin.mixin_argument.MixinArgumentDecorator object at 0x7a17a589c340>, verb_extension=<colcon_core.verb.build.BuildVerb object at 0x7a17a5995090>, main=<bound method BuildVerb.main of <colcon_core.verb.build.BuildVerb object at 0x7a17a5995090>>, mixin_verb=('build',))
[2.673s] Level 1:colcon.colcon_core.package_discovery:discover_packages(colcon_meta) check parameters
[2.673s] Level 1:colcon.colcon_core.package_discovery:discover_packages(recursive) check parameters
[2.673s] Level 1:colcon.colcon_core.package_discovery:discover_packages(ignore) check parameters
[2.673s] Level 1:colcon.colcon_core.package_discovery:discover_packages(path) check parameters
[2.674s] Level 1:colcon.colcon_core.package_discovery:discover_packages(colcon_meta) discover
[2.674s] Level 1:colcon.colcon_core.package_discovery:discover_packages(recursive) discover
[2.674s] INFO:colcon.colcon_core.package_discovery:Crawling recursively for packages in '/home/rafael/ROS2Dev/robot_examen2025_ws'
[2.675s] Level 1:colcon.colcon_core.package_identification:_identify(.) by extensions ['ignore', 'ignore_ament_install']
[2.675s] Level 1:colcon.colcon_core.package_identification:_identify(.) by extension 'ignore'
[2.676s] Level 1:colcon.colcon_core.package_identification:_identify(.) by extension 'ignore_ament_install'
[2.676s] Level 1:colcon.colcon_core.package_identification:_identify(.) by extensions ['colcon_pkg']
[2.677s] Level 1:colcon.colcon_core.package_identification:_identify(.) by extension 'colcon_pkg'
[2.677s] Level 1:colcon.colcon_core.package_identification:_identify(.) by extensions ['colcon_meta']
[2.677s] Level 1:colcon.colcon_core.package_identification:_identify(.) by extension 'colcon_meta'
[2.677s] Level 1:colcon.colcon_core.package_identification:_identify(.) by extensions ['ros']
[2.677s] Level 1:colcon.colcon_core.package_identification:_identify(.) by extension 'ros'
[2.786s] Level 1:colcon.colcon_core.package_identification:_identify(.) by extensions ['cmake', 'python']
[2.786s] Level 1:colcon.colcon_core.package_identification:_identify(.) by extension 'cmake'
[2.786s] Level 1:colcon.colcon_core.package_identification:_identify(.) by extension 'python'
[2.787s] Level 1:colcon.colcon_core.package_identification:_identify(.) by extensions ['python_setup_py']
[2.787s] Level 1:colcon.colcon_core.package_identification:_identify(.) by extension 'python_setup_py'
[2.787s] Level 1:colcon.colcon_core.package_identification:_identify(build) by extensions ['ignore', 'ignore_ament_install']
[2.788s] Level 1:colcon.colcon_core.package_identification:_identify(build) by extension 'ignore'
[2.788s] Level 1:colcon.colcon_core.package_identification:_identify(build) ignored
[2.789s] Level 1:colcon.colcon_core.package_identification:_identify(install) by extensions ['ignore', 'ignore_ament_install']
[2.789s] Level 1:colcon.colcon_core.package_identification:_identify(install) by extension 'ignore'
[2.790s] Level 1:colcon.colcon_core.package_identification:_identify(install) ignored
[2.790s] Level 1:colcon.colcon_core.package_identification:_identify(log) by extensions ['ignore', 'ignore_ament_install']
[2.791s] Level 1:colcon.colcon_core.package_identification:_identify(log) by extension 'ignore'
[2.791s] Level 1:colcon.colcon_core.package_identification:_identify(log) ignored
[2.791s] Level 1:colcon.colcon_core.package_identification:_identify(src) by extensions ['ignore', 'ignore_ament_install']
[2.792s] Level 1:colcon.colcon_core.package_identification:_identify(src) by extension 'ignore'
[2.793s] Level 1:colcon.colcon_core.package_identification:_identify(src) by extension 'ignore_ament_install'
[2.794s] Level 1:colcon.colcon_core.package_identification:_identify(src) by extensions ['colcon_pkg']
[2.794s] Level 1:colcon.colcon_core.package_identification:_identify(src) by extension 'colcon_pkg'
[2.794s] Level 1:colcon.colcon_core.package_identification:_identify(src) by extensions ['colcon_meta']
[2.794s] Level 1:colcon.colcon_core.package_identification:_identify(src) by extension 'colcon_meta'
[2.795s] Level 1:colcon.colcon_core.package_identification:_identify(src) by extensions ['ros']
[2.795s] Level 1:colcon.colcon_core.package_identification:_identify(src) by extension 'ros'
[2.795s] Level 1:colcon.colcon_core.package_identification:_identify(src) by extensions ['cmake', 'python']
[2.796s] Level 1:colcon.colcon_core.package_identification:_identify(src) by extension 'cmake'
[2.796s] Level 1:colcon.colcon_core.package_identification:_identify(src) by extension 'python'
[2.796s] Level 1:colcon.colcon_core.package_identification:_identify(src) by extensions ['python_setup_py']
[2.796s] Level 1:colcon.colcon_core.package_identification:_identify(src) by extension 'python_setup_py'
[2.797s] Level 1:colcon.colcon_core.package_identification:_identify(src/scorbot_bringup) by extensions ['ignore', 'ignore_ament_install']
[2.798s] Level 1:colcon.colcon_core.package_identification:_identify(src/scorbot_bringup) by extension 'ignore'
[2.798s] Level 1:colcon.colcon_core.package_identification:_identify(src/scorbot_bringup) by extension 'ignore_ament_install'
[2.799s] Level 1:colcon.colcon_core.package_identification:_identify(src/scorbot_bringup) by extensions ['colcon_pkg']
[2.799s] Level 1:colcon.colcon_core.package_identification:_identify(src/scorbot_bringup) by extension 'colcon_pkg'
[2.799s] Level 1:colcon.colcon_core.package_identification:_identify(src/scorbot_bringup) by extensions ['colcon_meta']
[2.799s] Level 1:colcon.colcon_core.package_identification:_identify(src/scorbot_bringup) by extension 'colcon_meta'
[2.800s] Level 1:colcon.colcon_core.package_identification:_identify(src/scorbot_bringup) by extensions ['ros']
[2.800s] Level 1:colcon.colcon_core.package_identification:_identify(src/scorbot_bringup) by extension 'ros'
[2.815s] DEBUG:colcon.colcon_core.package_identification:Package 'src/scorbot_bringup' with type 'ros.ament_cmake' and name 'scorbot_bringup'
[2.815s] Level 1:colcon.colcon_core.package_identification:_identify(src/scorbot_description) by extensions ['ignore', 'ignore_ament_install']
[2.816s] Level 1:colcon.colcon_core.package_identification:_identify(src/scorbot_description) by extension 'ignore'
[2.816s] Level 1:colcon.colcon_core.package_identification:_identify(src/scorbot_description) by extension 'ignore_ament_install'
[2.816s] Level 1:colcon.colcon_core.package_identification:_identify(src/scorbot_description) by extensions ['colcon_pkg']
[2.817s] Level 1:colcon.colcon_core.package_identification:_identify(src/scorbot_description) by extension 'colcon_pkg'
[2.817s] Level 1:colcon.colcon_core.package_identification:_identify(src/scorbot_description) by extensions ['colcon_meta']
[2.817s] Level 1:colcon.colcon_core.package_identification:_identify(src/scorbot_description) by extension 'colcon_meta'
[2.817s] Level 1:colcon.colcon_core.package_identification:_identify(src/scorbot_description) by extensions ['ros']
[2.818s] Level 1:colcon.colcon_core.package_identification:_identify(src/scorbot_description) by extension 'ros'
[2.821s] DEBUG:colcon.colcon_core.package_identification:Package 'src/scorbot_description' with type 'ros.ament_cmake' and name 'scorbot_description'
[2.822s] Level 1:colcon.colcon_core.package_discovery:discover_packages(recursive) using defaults
[2.822s] Level 1:colcon.colcon_core.package_discovery:discover_packages(ignore) discover
[2.822s] Level 1:colcon.colcon_core.package_discovery:discover_packages(ignore) using defaults
[2.822s] Level 1:colcon.colcon_core.package_discovery:discover_packages(path) discover
[2.822s] Level 1:colcon.colcon_core.package_discovery:discover_packages(path) using defaults
[2.950s] Level 1:colcon.colcon_core.package_discovery:discover_packages(prefix_path) check parameters
[2.951s] Level 1:colcon.colcon_core.package_discovery:discover_packages(prefix_path) discover
[2.965s] DEBUG:colcon.colcon_installed_package_information.package_discovery:Found 2 installed packages in /home/rafael/ROS2Dev/robot_examen2025_ws/install
[2.969s] DEBUG:colcon.colcon_installed_package_information.package_discovery:Found 7 installed packages in /home/rafael/ROS2Dev/robot_2025_ws/install
[2.982s] DEBUG:colcon.colcon_installed_package_information.package_discovery:Found 333 installed packages in /opt/ros/humble
[2.997s] Level 1:colcon.colcon_core.package_discovery:discover_packages(prefix_path) using defaults
[3.388s] Level 5:colcon.colcon_core.verb:set package 'scorbot_bringup' build argument 'cmake_args' from command line to 'None'
[3.388s] Level 5:colcon.colcon_core.verb:set package 'scorbot_bringup' build argument 'cmake_target' from command line to 'None'
[3.388s] Level 5:colcon.colcon_core.verb:set package 'scorbot_bringup' build argument 'cmake_target_skip_unavailable' from command line to 'False'
[3.389s] Level 5:colcon.colcon_core.verb:set package 'scorbot_bringup' build argument 'cmake_clean_cache' from command line to 'False'
[3.390s] Level 5:colcon.colcon_core.verb:set package 'scorbot_bringup' build argument 'cmake_clean_first' from command line to 'False'
[3.390s] Level 5:colcon.colcon_core.verb:set package 'scorbot_bringup' build argument 'cmake_force_configure' from command line to 'False'
[3.390s] Level 5:colcon.colcon_core.verb:set package 'scorbot_bringup' build argument 'ament_cmake_args' from command line to 'None'
[3.390s] Level 5:colcon.colcon_core.verb:set package 'scorbot_bringup' build argument 'catkin_cmake_args' from command line to 'None'
[3.390s] Level 5:colcon.colcon_core.verb:set package 'scorbot_bringup' build argument 'catkin_skip_building_tests' from command line to 'False'
[3.391s] DEBUG:colcon.colcon_core.verb:Building package 'scorbot_bringup' with the following arguments: {'ament_cmake_args': None, 'build_base': '/home/rafael/ROS2Dev/robot_examen2025_ws/build/scorbot_bringup', 'catkin_cmake_args': None, 'catkin_skip_building_tests': False, 'cmake_args': None, 'cmake_clean_cache': False, 'cmake_clean_first': False, 'cmake_force_configure': False, 'cmake_target': None, 'cmake_target_skip_unavailable': False, 'install_base': '/home/rafael/ROS2Dev/robot_examen2025_ws/install/scorbot_bringup', 'merge_install': False, 'path': '/home/rafael/ROS2Dev/robot_examen2025_ws/src/scorbot_bringup', 'symlink_install': False, 'test_result_base': None}
[3.393s] Level 5:colcon.colcon_core.verb:set package 'scorbot_description' build argument 'cmake_args' from command line to 'None'
[3.393s] Level 5:colcon.colcon_core.verb:set package 'scorbot_description' build argument 'cmake_target' from command line to 'None'
[3.394s] Level 5:colcon.colcon_core.verb:set package 'scorbot_description' build argument 'cmake_target_skip_unavailable' from command line to 'False'
[3.395s] Level 5:colcon.colcon_core.verb:set package 'scorbot_description' build argument 'cmake_clean_cache' from command line to 'False'
[3.395s] Level 5:colcon.colcon_core.verb:set package 'scorbot_description' build argument 'cmake_clean_first' from command line to 'False'
[3.395s] Level 5:colcon.colcon_core.verb:set package 'scorbot_description' build argument 'cmake_force_configure' from command line to 'False'
[3.395s] Level 5:colcon.colcon_core.verb:set package 'scorbot_description' build argument 'ament_cmake_args' from command line to 'None'
[3.395s] Level 5:colcon.colcon_core.verb:set package 'scorbot_description' build argument 'catkin_cmake_args' from command line to 'None'
[3.396s] Level 5:colcon.colcon_core.verb:set package 'scorbot_description' build argument 'catkin_skip_building_tests' from command line to 'False'
[3.396s] DEBUG:colcon.colcon_core.verb:Building package 'scorbot_description' with the following arguments: {'ament_cmake_args': None, 'build_base': '/home/rafael/ROS2Dev/robot_examen2025_ws/build/scorbot_description', 'catkin_cmake_args': None, 'catkin_skip_building_tests': False, 'cmake_args': None, 'cmake_clean_cache': False, 'cmake_clean_first': False, 'cmake_force_configure': False, 'cmake_target': None, 'cmake_target_skip_unavailable': False, 'install_base': '/home/rafael/ROS2Dev/robot_examen2025_ws/install/scorbot_description', 'merge_install': False, 'path': '/home/rafael/ROS2Dev/robot_examen2025_ws/src/scorbot_description', 'symlink_install': False, 'test_result_base': None}
[3.397s] INFO:colcon.colcon_core.executor:Executing jobs using 'parallel' executor
[3.404s] DEBUG:colcon.colcon_parallel_executor.executor.parallel:run_until_complete
[3.406s] INFO:colcon.colcon_ros.task.ament_cmake.build:Building ROS package in '/home/rafael/ROS2Dev/robot_examen2025_ws/src/scorbot_bringup' with build type 'ament_cmake'
[3.408s] INFO:colcon.colcon_cmake.task.cmake.build:Building CMake package in '/home/rafael/ROS2Dev/robot_examen2025_ws/src/scorbot_bringup'
[3.432s] INFO:colcon.colcon_core.plugin_system:Skipping extension 'colcon_core.shell.bat': Not used on non-Windows systems
[3.436s] INFO:colcon.colcon_core.shell:Skip shell extension 'powershell' for command environment: Not usable outside of PowerShell
[3.436s] DEBUG:colcon.colcon_core.shell:Skip shell extension 'dsv' for command environment
[3.477s] INFO:colcon.colcon_ros.task.ament_cmake.build:Building ROS package in '/home/rafael/ROS2Dev/robot_examen2025_ws/src/scorbot_description' with build type 'ament_cmake'
[3.478s] INFO:colcon.colcon_cmake.task.cmake.build:Building CMake package in '/home/rafael/ROS2Dev/robot_examen2025_ws/src/scorbot_description'
[3.479s] INFO:colcon.colcon_core.shell:Skip shell extension 'powershell' for command environment: Not usable outside of PowerShell
[3.482s] DEBUG:colcon.colcon_core.shell:Skip shell extension 'dsv' for command environment
[3.565s] DEBUG:colcon.colcon_core.event_handler.log_command:Invoking command in '/home/rafael/ROS2Dev/robot_examen2025_ws/build/scorbot_bringup': CMAKE_PREFIX_PATH=${CMAKE_PREFIX_PATH}:/opt/ros/humble /usr/bin/cmake --build /home/rafael/ROS2Dev/robot_examen2025_ws/build/scorbot_bringup -- -j2 -l2
[3.671s] DEBUG:colcon.colcon_core.event_handler.log_command:Invoking command in '/home/rafael/ROS2Dev/robot_examen2025_ws/build/scorbot_description': CMAKE_PREFIX_PATH=${CMAKE_PREFIX_PATH}:/opt/ros/humble /usr/bin/cmake --build /home/rafael/ROS2Dev/robot_examen2025_ws/build/scorbot_description -- -j2 -l2
[4.175s] DEBUG:colcon.colcon_core.event_handler.log_command:Invoked command in '/home/rafael/ROS2Dev/robot_examen2025_ws/build/scorbot_description' returned '0': CMAKE_PREFIX_PATH=${CMAKE_PREFIX_PATH}:/opt/ros/humble /usr/bin/cmake --build /home/rafael/ROS2Dev/robot_examen2025_ws/build/scorbot_description -- -j2 -l2
[4.497s] DEBUG:colcon.colcon_core.event_handler.log_command:Invoking command in '/home/rafael/ROS2Dev/robot_examen2025_ws/build/scorbot_description': CMAKE_PREFIX_PATH=${CMAKE_PREFIX_PATH}:/opt/ros/humble /usr/bin/cmake --install /home/rafael/ROS2Dev/robot_examen2025_ws/build/scorbot_description
[4.703s] Level 1:colcon.colcon_core.environment:create_environment_scripts_only(scorbot_description)
[4.728s] DEBUG:colcon.colcon_core.event_handler.log_command:Invoked command in '/home/rafael/ROS2Dev/robot_examen2025_ws/build/scorbot_description' returned '0': CMAKE_PREFIX_PATH=${CMAKE_PREFIX_PATH}:/opt/ros/humble /usr/bin/cmake --install /home/rafael/ROS2Dev/robot_examen2025_ws/build/scorbot_description
[4.768s] Level 1:colcon.colcon_core.environment:checking '/home/rafael/ROS2Dev/robot_examen2025_ws/install/scorbot_description' for CMake module files
[4.781s] Level 1:colcon.colcon_core.environment:checking '/home/rafael/ROS2Dev/robot_examen2025_ws/install/scorbot_description' for CMake config files
[4.787s] Level 1:colcon.colcon_core.shell:create_environment_hook('scorbot_description', 'cmake_prefix_path')
[4.791s] INFO:colcon.colcon_core.shell:Creating environment hook '/home/rafael/ROS2Dev/robot_examen2025_ws/install/scorbot_description/share/scorbot_description/hook/cmake_prefix_path.ps1'
[4.801s] INFO:colcon.colcon_core.shell:Creating environment descriptor '/home/rafael/ROS2Dev/robot_examen2025_ws/install/scorbot_description/share/scorbot_description/hook/cmake_prefix_path.dsv'
[4.812s] INFO:colcon.colcon_core.shell:Creating environment hook '/home/rafael/ROS2Dev/robot_examen2025_ws/install/scorbot_description/share/scorbot_description/hook/cmake_prefix_path.sh'
[4.829s] Level 1:colcon.colcon_core.environment:checking '/home/rafael/ROS2Dev/robot_examen2025_ws/install/scorbot_description/bin'
[4.830s] Level 1:colcon.colcon_core.environment:checking '/home/rafael/ROS2Dev/robot_examen2025_ws/install/scorbot_description/lib/pkgconfig/scorbot_description.pc'
[4.836s] Level 1:colcon.colcon_core.environment:checking '/home/rafael/ROS2Dev/robot_examen2025_ws/install/scorbot_description/lib/python3.10/site-packages'
[4.839s] Level 1:colcon.colcon_core.environment:checking '/home/rafael/ROS2Dev/robot_examen2025_ws/install/scorbot_description/bin'
[4.842s] INFO:colcon.colcon_core.shell:Creating package script '/home/rafael/ROS2Dev/robot_examen2025_ws/install/scorbot_description/share/scorbot_description/package.ps1'
[4.860s] INFO:colcon.colcon_core.shell:Creating package descriptor '/home/rafael/ROS2Dev/robot_examen2025_ws/install/scorbot_description/share/scorbot_description/package.dsv'
[4.871s] INFO:colcon.colcon_core.shell:Creating package script '/home/rafael/ROS2Dev/robot_examen2025_ws/install/scorbot_description/share/scorbot_description/package.sh'
[4.884s] INFO:colcon.colcon_core.shell:Creating package script '/home/rafael/ROS2Dev/robot_examen2025_ws/install/scorbot_description/share/scorbot_description/package.bash'
[4.895s] INFO:colcon.colcon_core.shell:Creating package script '/home/rafael/ROS2Dev/robot_examen2025_ws/install/scorbot_description/share/scorbot_description/package.zsh'
[4.908s] Level 1:colcon.colcon_core.environment:create_file_with_runtime_dependencies(/home/rafael/ROS2Dev/robot_examen2025_ws/install/scorbot_description/share/colcon-core/packages/scorbot_description)
[5.221s] Level 1:colcon.colcon_core.environment:create_environment_scripts_only(scorbot_description)
[5.230s] Level 1:colcon.colcon_core.environment:checking '/home/rafael/ROS2Dev/robot_examen2025_ws/install/scorbot_description' for CMake module files
[5.238s] Level 1:colcon.colcon_core.environment:checking '/home/rafael/ROS2Dev/robot_examen2025_ws/install/scorbot_description' for CMake config files
[5.244s] Level 1:colcon.colcon_core.shell:create_environment_hook('scorbot_description', 'cmake_prefix_path')
[5.249s] INFO:colcon.colcon_core.shell:Creating environment hook '/home/rafael/ROS2Dev/robot_examen2025_ws/install/scorbot_description/share/scorbot_description/hook/cmake_prefix_path.ps1'
[5.254s] INFO:colcon.colcon_core.shell:Creating environment descriptor '/home/rafael/ROS2Dev/robot_examen2025_ws/install/scorbot_description/share/scorbot_description/hook/cmake_prefix_path.dsv'
[5.260s] INFO:colcon.colcon_core.shell:Creating environment hook '/home/rafael/ROS2Dev/robot_examen2025_ws/install/scorbot_description/share/scorbot_description/hook/cmake_prefix_path.sh'
[5.279s] Level 1:colcon.colcon_core.environment:checking '/home/rafael/ROS2Dev/robot_examen2025_ws/install/scorbot_description/bin'
[5.287s] Level 1:colcon.colcon_core.environment:checking '/home/rafael/ROS2Dev/robot_examen2025_ws/install/scorbot_description/lib/pkgconfig/scorbot_description.pc'
[5.291s] Level 1:colcon.colcon_core.environment:checking '/home/rafael/ROS2Dev/robot_examen2025_ws/install/scorbot_description/lib/python3.10/site-packages'
[5.295s] Level 1:colcon.colcon_core.environment:checking '/home/rafael/ROS2Dev/robot_examen2025_ws/install/scorbot_description/bin'
[5.300s] INFO:colcon.colcon_core.shell:Creating package script '/home/rafael/ROS2Dev/robot_examen2025_ws/install/scorbot_description/share/scorbot_description/package.ps1'
[5.310s] INFO:colcon.colcon_core.shell:Creating package descriptor '/home/rafael/ROS2Dev/robot_examen2025_ws/install/scorbot_description/share/scorbot_description/package.dsv'
[5.319s] INFO:colcon.colcon_core.shell:Creating package script '/home/rafael/ROS2Dev/robot_examen2025_ws/install/scorbot_description/share/scorbot_description/package.sh'
[5.327s] INFO:colcon.colcon_core.shell:Creating package script '/home/rafael/ROS2Dev/robot_examen2025_ws/install/scorbot_description/share/scorbot_description/package.bash'
[5.335s] INFO:colcon.colcon_core.shell:Creating package script '/home/rafael/ROS2Dev/robot_examen2025_ws/install/scorbot_description/share/scorbot_description/package.zsh'
[5.342s] Level 1:colcon.colcon_core.environment:create_file_with_runtime_dependencies(/home/rafael/ROS2Dev/robot_examen2025_ws/install/scorbot_description/share/colcon-core/packages/scorbot_description)
[7.811s] DEBUG:colcon.colcon_core.event_handler.log_command:Invoked command in '/home/rafael/ROS2Dev/robot_examen2025_ws/build/scorbot_bringup' returned '0': CMAKE_PREFIX_PATH=${CMAKE_PREFIX_PATH}:/opt/ros/humble /usr/bin/cmake --build /home/rafael/ROS2Dev/robot_examen2025_ws/build/scorbot_bringup -- -j2 -l2
[8.045s] DEBUG:colcon.colcon_core.event_handler.log_command:Invoking command in '/home/rafael/ROS2Dev/robot_examen2025_ws/build/scorbot_bringup': CMAKE_PREFIX_PATH=${CMAKE_PREFIX_PATH}:/opt/ros/humble /usr/bin/cmake --install /home/rafael/ROS2Dev/robot_examen2025_ws/build/scorbot_bringup
[8.431s] Level 1:colcon.colcon_core.environment:create_environment_scripts_only(scorbot_bringup)
[8.437s] Level 1:colcon.colcon_core.environment:checking '/home/rafael/ROS2Dev/robot_examen2025_ws/install/scorbot_bringup' for CMake module files
[8.453s] Level 1:colcon.colcon_core.environment:checking '/home/rafael/ROS2Dev/robot_examen2025_ws/install/scorbot_bringup' for CMake config files
[8.455s] Level 1:colcon.colcon_core.shell:create_environment_hook('scorbot_bringup', 'cmake_prefix_path')
[8.457s] DEBUG:colcon.colcon_core.event_handler.log_command:Invoked command in '/home/rafael/ROS2Dev/robot_examen2025_ws/build/scorbot_bringup' returned '0': CMAKE_PREFIX_PATH=${CMAKE_PREFIX_PATH}:/opt/ros/humble /usr/bin/cmake --install /home/rafael/ROS2Dev/robot_examen2025_ws/build/scorbot_bringup
[8.460s] INFO:colcon.colcon_core.shell:Creating environment hook '/home/rafael/ROS2Dev/robot_examen2025_ws/install/scorbot_bringup/share/scorbot_bringup/hook/cmake_prefix_path.ps1'
[8.466s] INFO:colcon.colcon_core.shell:Creating environment descriptor '/home/rafael/ROS2Dev/robot_examen2025_ws/install/scorbot_bringup/share/scorbot_bringup/hook/cmake_prefix_path.dsv'
[8.469s] INFO:colcon.colcon_core.shell:Creating environment hook '/home/rafael/ROS2Dev/robot_examen2025_ws/install/scorbot_bringup/share/scorbot_bringup/hook/cmake_prefix_path.sh'
[8.477s] Level 1:colcon.colcon_core.environment:checking '/home/rafael/ROS2Dev/robot_examen2025_ws/install/scorbot_bringup/lib'
[8.480s] Level 1:colcon.colcon_core.environment:checking '/home/rafael/ROS2Dev/robot_examen2025_ws/install/scorbot_bringup/bin'
[8.481s] Level 1:colcon.colcon_core.environment:checking '/home/rafael/ROS2Dev/robot_examen2025_ws/install/scorbot_bringup/lib/pkgconfig/scorbot_bringup.pc'
[8.484s] Level 1:colcon.colcon_core.environment:checking '/home/rafael/ROS2Dev/robot_examen2025_ws/install/scorbot_bringup/lib/python3.10/site-packages'
[8.487s] Level 1:colcon.colcon_core.environment:checking '/home/rafael/ROS2Dev/robot_examen2025_ws/install/scorbot_bringup/bin'
[8.490s] INFO:colcon.colcon_core.shell:Creating package script '/home/rafael/ROS2Dev/robot_examen2025_ws/install/scorbot_bringup/share/scorbot_bringup/package.ps1'
[8.494s] INFO:colcon.colcon_core.shell:Creating package descriptor '/home/rafael/ROS2Dev/robot_examen2025_ws/install/scorbot_bringup/share/scorbot_bringup/package.dsv'
[8.499s] INFO:colcon.colcon_core.shell:Creating package script '/home/rafael/ROS2Dev/robot_examen2025_ws/install/scorbot_bringup/share/scorbot_bringup/package.sh'
[8.502s] INFO:colcon.colcon_core.shell:Creating package script '/home/rafael/ROS2Dev/robot_examen2025_ws/install/scorbot_bringup/share/scorbot_bringup/package.bash'
[8.507s] INFO:colcon.colcon_core.shell:Creating package script '/home/rafael/ROS2Dev/robot_examen2025_ws/install/scorbot_bringup/share/scorbot_bringup/package.zsh'
[8.511s] Level 1:colcon.colcon_core.environment:create_file_with_runtime_dependencies(/home/rafael/ROS2Dev/robot_examen2025_ws/install/scorbot_bringup/share/colcon-core/packages/scorbot_bringup)
[8.777s] Level 1:colcon.colcon_core.environment:create_environment_scripts_only(scorbot_bringup)
[8.779s] Level 1:colcon.colcon_core.environment:checking '/home/rafael/ROS2Dev/robot_examen2025_ws/install/scorbot_bringup' for CMake module files
[8.787s] Level 1:colcon.colcon_core.environment:checking '/home/rafael/ROS2Dev/robot_examen2025_ws/install/scorbot_bringup' for CMake config files
[8.790s] Level 1:colcon.colcon_core.shell:create_environment_hook('scorbot_bringup', 'cmake_prefix_path')
[8.792s] INFO:colcon.colcon_core.shell:Creating environment hook '/home/rafael/ROS2Dev/robot_examen2025_ws/install/scorbot_bringup/share/scorbot_bringup/hook/cmake_prefix_path.ps1'
[8.797s] INFO:colcon.colcon_core.shell:Creating environment descriptor '/home/rafael/ROS2Dev/robot_examen2025_ws/install/scorbot_bringup/share/scorbot_bringup/hook/cmake_prefix_path.dsv'
[8.802s] INFO:colcon.colcon_core.shell:Creating environment hook '/home/rafael/ROS2Dev/robot_examen2025_ws/install/scorbot_bringup/share/scorbot_bringup/hook/cmake_prefix_path.sh'
[8.808s] Level 1:colcon.colcon_core.environment:checking '/home/rafael/ROS2Dev/robot_examen2025_ws/install/scorbot_bringup/lib'
[8.809s] Level 1:colcon.colcon_core.environment:checking '/home/rafael/ROS2Dev/robot_examen2025_ws/install/scorbot_bringup/bin'
[8.809s] Level 1:colcon.colcon_core.environment:checking '/home/rafael/ROS2Dev/robot_examen2025_ws/install/scorbot_bringup/lib/pkgconfig/scorbot_bringup.pc'
[8.812s] Level 1:colcon.colcon_core.environment:checking '/home/rafael/ROS2Dev/robot_examen2025_ws/install/scorbot_bringup/lib/python3.10/site-packages'
[8.816s] Level 1:colcon.colcon_core.environment:checking '/home/rafael/ROS2Dev/robot_examen2025_ws/install/scorbot_bringup/bin'
[8.820s] INFO:colcon.colcon_core.shell:Creating package script '/home/rafael/ROS2Dev/robot_examen2025_ws/install/scorbot_bringup/share/scorbot_bringup/package.ps1'
[8.825s] INFO:colcon.colcon_core.shell:Creating package descriptor '/home/rafael/ROS2Dev/robot_examen2025_ws/install/scorbot_bringup/share/scorbot_bringup/package.dsv'
[8.832s] INFO:colcon.colcon_core.shell:Creating package script '/home/rafael/ROS2Dev/robot_examen2025_ws/install/scorbot_bringup/share/scorbot_bringup/package.sh'
[8.837s] INFO:colcon.colcon_core.shell:Creating package script '/home/rafael/ROS2Dev/robot_examen2025_ws/install/scorbot_bringup/share/scorbot_bringup/package.bash'
[8.841s] INFO:colcon.colcon_core.shell:Creating package script '/home/rafael/ROS2Dev/robot_examen2025_ws/install/scorbot_bringup/share/scorbot_bringup/package.zsh'
[8.844s] Level 1:colcon.colcon_core.environment:create_file_with_runtime_dependencies(/home/rafael/ROS2Dev/robot_examen2025_ws/install/scorbot_bringup/share/colcon-core/packages/scorbot_bringup)
[8.847s] DEBUG:colcon.colcon_parallel_executor.executor.parallel:closing loop
[8.849s] DEBUG:colcon.colcon_parallel_executor.executor.parallel:loop closed
[8.850s] DEBUG:colcon.colcon_parallel_executor.executor.parallel:run_until_complete finished with '0'
[8.852s] DEBUG:colcon.colcon_core.event_reactor:joining thread
[8.890s] INFO:colcon.colcon_core.plugin_system:Skipping extension 'colcon_notification.desktop_notification.terminal_notifier': Not used on non-Darwin systems
[8.890s] INFO:colcon.colcon_core.plugin_system:Skipping extension 'colcon_notification.desktop_notification.win32': Not used on non-Windows systems
[8.891s] INFO:colcon.colcon_notification.desktop_notification:Sending desktop notification using 'notify2'
[9.043s] DEBUG:colcon.colcon_core.event_reactor:joined thread
[9.045s] INFO:colcon.colcon_core.shell:Creating prefix script '/home/rafael/ROS2Dev/robot_examen2025_ws/install/local_setup.ps1'
[9.055s] INFO:colcon.colcon_core.shell:Creating prefix util module '/home/rafael/ROS2Dev/robot_examen2025_ws/install/_local_setup_util_ps1.py'
[9.064s] INFO:colcon.colcon_core.shell:Creating prefix chain script '/home/rafael/ROS2Dev/robot_examen2025_ws/install/setup.ps1'
[9.073s] INFO:colcon.colcon_core.shell:Creating prefix script '/home/rafael/ROS2Dev/robot_examen2025_ws/install/local_setup.sh'
[9.080s] INFO:colcon.colcon_core.shell:Creating prefix util module '/home/rafael/ROS2Dev/robot_examen2025_ws/install/_local_setup_util_sh.py'
[9.085s] INFO:colcon.colcon_core.shell:Creating prefix chain script '/home/rafael/ROS2Dev/robot_examen2025_ws/install/setup.sh'
[9.099s] INFO:colcon.colcon_core.shell:Creating prefix script '/home/rafael/ROS2Dev/robot_examen2025_ws/install/local_setup.bash'
[9.105s] INFO:colcon.colcon_core.shell:Creating prefix chain script '/home/rafael/ROS2Dev/robot_examen2025_ws/install/setup.bash'
[9.116s] INFO:colcon.colcon_core.shell:Creating prefix script '/home/rafael/ROS2Dev/robot_examen2025_ws/install/local_setup.zsh'
[9.121s] INFO:colcon.colcon_core.shell:Creating prefix chain script '/home/rafael/ROS2Dev/robot_examen2025_ws/install/setup.zsh'
