[0.266s] Invoking command in '/home/rafael/ROS2Dev/robot_examen2025_ws/build/scorbot_description': CMAKE_PREFIX_PATH=${CMAKE_PREFIX_PATH}:/opt/ros/humble /usr/bin/cmake --build /home/rafael/ROS2Dev/robot_examen2025_ws/build/scorbot_description -- -j2 -l2
[1.601s] Invoked command in '/home/rafael/ROS2Dev/robot_examen2025_ws/build/scorbot_description' returned '0': CMAKE_PREFIX_PATH=${CMAKE_PREFIX_PATH}:/opt/ros/humble /usr/bin/cmake --build /home/rafael/ROS2Dev/robot_examen2025_ws/build/scorbot_description -- -j2 -l2
[2.044s] Invoking command in '/home/rafael/ROS2Dev/robot_examen2025_ws/build/scorbot_description': CMAKE_PREFIX_PATH=${CMAKE_PREFIX_PATH}:/opt/ros/humble /usr/bin/cmake --install /home/rafael/ROS2Dev/robot_examen2025_ws/build/scorbot_description
[2.131s] -- Install configuration: ""
[2.154s] -- Up-to-date: /home/rafael/ROS2Dev/robot_examen2025_ws/install/scorbot_description/share/scorbot_description//urdf
[2.160s] -- Up-to-date: /home/rafael/ROS2Dev/robot_examen2025_ws/install/scorbot_description/share/scorbot_description//urdf/scorbot_position_controller.xacro
[2.161s] -- Installing: /home/rafael/ROS2Dev/robot_examen2025_ws/install/scorbot_description/share/scorbot_description//urdf/scorbot_urdf.xacro
[2.162s] -- Installing: /home/rafael/ROS2Dev/robot_examen2025_ws/install/scorbot_description/share/scorbot_description//urdf/trajectory_controller.xacro
[2.164s] -- Up-to-date: /home/rafael/ROS2Dev/robot_examen2025_ws/install/scorbot_description/share/scorbot_description//urdf/scorbot.urdf
[2.167s] -- Up-to-date: /home/rafael/ROS2Dev/robot_examen2025_ws/install/scorbot_description/share/scorbot_description//urdf/scorbot_gz_properties.xacro
[2.167s] -- Up-to-date: /home/rafael/ROS2Dev/robot_examen2025_ws/install/scorbot_description/share/scorbot_description//urdf/position_controller.xacro
[2.167s] -- Up-to-date: /home/rafael/ROS2Dev/robot_examen2025_ws/install/scorbot_description/share/scorbot_description//urdf/scorbot_trajectory_controller.xacro
[2.168s] -- Up-to-date: /home/rafael/ROS2Dev/robot_examen2025_ws/install/scorbot_description/share/scorbot_description//launch
[2.173s] -- Up-to-date: /home/rafael/ROS2Dev/robot_examen2025_ws/install/scorbot_description/share/scorbot_description//launch/scorbot_display.launch.xml
[2.177s] -- Up-to-date: /home/rafael/ROS2Dev/robot_examen2025_ws/install/scorbot_description/share/scorbot_description//rviz
[2.179s] -- Up-to-date: /home/rafael/ROS2Dev/robot_examen2025_ws/install/scorbot_description/share/scorbot_description//rviz/scorbot_rviz.rviz
[2.180s] -- Up-to-date: /home/rafael/ROS2Dev/robot_examen2025_ws/install/scorbot_description/share/scorbot_description//rviz/urdf.rviz
[2.180s] -- Up-to-date: /home/rafael/ROS2Dev/robot_examen2025_ws/install/scorbot_description/share/scorbot_description//config
[2.180s] -- Installing: /home/rafael/ROS2Dev/robot_examen2025_ws/install/scorbot_description/share/scorbot_description//config/scorbot_trajectory_controller.yaml
[2.181s] -- Up-to-date: /home/rafael/ROS2Dev/robot_examen2025_ws/install/scorbot_description/share/scorbot_description//config/scorbot_position_controller.yaml
[2.182s] -- Up-to-date: /home/rafael/ROS2Dev/robot_examen2025_ws/install/scorbot_description/share/scorbot_description//meshes
[2.183s] -- Up-to-date: /home/rafael/ROS2Dev/robot_examen2025_ws/install/scorbot_description/share/scorbot_description//meshes/Link_1.STL
[2.186s] -- Up-to-date: /home/rafael/ROS2Dev/robot_examen2025_ws/install/scorbot_description/share/scorbot_description//meshes/Link_2.STL
[2.189s] -- Up-to-date: /home/rafael/ROS2Dev/robot_examen2025_ws/install/scorbot_description/share/scorbot_description//meshes/Link_4.STL
[2.189s] -- Up-to-date: /home/rafael/ROS2Dev/robot_examen2025_ws/install/scorbot_description/share/scorbot_description//meshes/base_link.STL
[2.189s] -- Up-to-date: /home/rafael/ROS2Dev/robot_examen2025_ws/install/scorbot_description/share/scorbot_description//meshes/Link_3.STL
[2.190s] -- Up-to-date: /home/rafael/ROS2Dev/robot_examen2025_ws/install/scorbot_description/share/ament_index/resource_index/package_run_dependencies/scorbot_description
[2.195s] -- Up-to-date: /home/rafael/ROS2Dev/robot_examen2025_ws/install/scorbot_description/share/ament_index/resource_index/parent_prefix_path/scorbot_description
[2.198s] -- Up-to-date: /home/rafael/ROS2Dev/robot_examen2025_ws/install/scorbot_description/share/scorbot_description/environment/ament_prefix_path.sh
[2.199s] -- Up-to-date: /home/rafael/ROS2Dev/robot_examen2025_ws/install/scorbot_description/share/scorbot_description/environment/ament_prefix_path.dsv
[2.203s] -- Up-to-date: /home/rafael/ROS2Dev/robot_examen2025_ws/install/scorbot_description/share/scorbot_description/environment/path.sh
[2.207s] -- Up-to-date: /home/rafael/ROS2Dev/robot_examen2025_ws/install/scorbot_description/share/scorbot_description/environment/path.dsv
[2.208s] -- Up-to-date: /home/rafael/ROS2Dev/robot_examen2025_ws/install/scorbot_description/share/scorbot_description/local_setup.bash
[2.212s] -- Up-to-date: /home/rafael/ROS2Dev/robot_examen2025_ws/install/scorbot_description/share/scorbot_description/local_setup.sh
[2.215s] -- Up-to-date: /home/rafael/ROS2Dev/robot_examen2025_ws/install/scorbot_description/share/scorbot_description/local_setup.zsh
[2.215s] -- Up-to-date: /home/rafael/ROS2Dev/robot_examen2025_ws/install/scorbot_description/share/scorbot_description/local_setup.dsv
[2.216s] -- Installing: /home/rafael/ROS2Dev/robot_examen2025_ws/install/scorbot_description/share/scorbot_description/package.dsv
[2.218s] -- Up-to-date: /home/rafael/ROS2Dev/robot_examen2025_ws/install/scorbot_description/share/ament_index/resource_index/packages/scorbot_description
[2.219s] -- Up-to-date: /home/rafael/ROS2Dev/robot_examen2025_ws/install/scorbot_description/share/scorbot_description/cmake/scorbot_descriptionConfig.cmake
[2.219s] -- Up-to-date: /home/rafael/ROS2Dev/robot_examen2025_ws/install/scorbot_description/share/scorbot_description/cmake/scorbot_descriptionConfig-version.cmake
[2.221s] -- Up-to-date: /home/rafael/ROS2Dev/robot_examen2025_ws/install/scorbot_description/share/scorbot_description/package.xml
[2.230s] Invoked command in '/home/rafael/ROS2Dev/robot_examen2025_ws/build/scorbot_description' returned '0': CMAKE_PREFIX_PATH=${CMAKE_PREFIX_PATH}:/opt/ros/humble /usr/bin/cmake --install /home/rafael/ROS2Dev/robot_examen2025_ws/build/scorbot_description
