[0.187s] Invoking command in '/home/rafael/ROS2Dev/robot_examen2025_ws/build/scorbot_bringup': CMAKE_PREFIX_PATH=${CMAKE_PREFIX_PATH}:/opt/ros/humble /usr/bin/cmake --build /home/rafael/ROS2Dev/robot_examen2025_ws/build/scorbot_bringup -- -j2 -l2
[0.874s] Built target ament_cmake_python_copy_scorbot_bringup
[3.474s] running egg_info
[3.477s] writing scorbot_bringup.egg-info/PKG-INFO
[3.478s] writing dependency_links to scorbot_bringup.egg-info/dependency_links.txt
[3.479s] writing top-level names to scorbot_bringup.egg-info/top_level.txt
[3.493s] reading manifest file 'scorbot_bringup.egg-info/SOURCES.txt'
[3.493s] writing manifest file 'scorbot_bringup.egg-info/SOURCES.txt'
[3.696s] Built target ament_cmake_python_build_scorbot_bringup_egg
[3.756s] Invoked command in '/home/rafael/ROS2Dev/robot_examen2025_ws/build/scorbot_bringup' returned '0': CMAKE_PREFIX_PATH=${CMAKE_PREFIX_PATH}:/opt/ros/humble /usr/bin/cmake --build /home/rafael/ROS2Dev/robot_examen2025_ws/build/scorbot_bringup -- -j2 -l2
[3.973s] Invoking command in '/home/rafael/ROS2Dev/robot_examen2025_ws/build/scorbot_bringup': CMAKE_PREFIX_PATH=${CMAKE_PREFIX_PATH}:/opt/ros/humble /usr/bin/cmake --install /home/rafael/ROS2Dev/robot_examen2025_ws/build/scorbot_bringup
[4.052s] -- Install configuration: ""
[4.055s] -- Up-to-date: /home/rafael/ROS2Dev/robot_examen2025_ws/install/scorbot_bringup/share/scorbot_bringup//launch
[4.055s] -- Up-to-date: /home/rafael/ROS2Dev/robot_examen2025_ws/install/scorbot_bringup/share/scorbot_bringup//launch/position_controller_scorbot.launch.py
[4.056s] -- Up-to-date: /home/rafael/ROS2Dev/robot_examen2025_ws/install/scorbot_bringup/share/scorbot_bringup//launch/trajectory_controller_scorbot.launch.py
[4.056s] -- Up-to-date: /home/rafael/ROS2Dev/robot_examen2025_ws/install/scorbot_bringup/share/scorbot_bringup//rviz
[4.056s] -- Up-to-date: /home/rafael/ROS2Dev/robot_examen2025_ws/install/scorbot_bringup/share/scorbot_bringup//rviz/scorbot_trajectory_controller_rviz.rviz
[4.060s] -- Up-to-date: /home/rafael/ROS2Dev/robot_examen2025_ws/install/scorbot_bringup/share/scorbot_bringup//world
[4.061s] -- Up-to-date: /home/rafael/ROS2Dev/robot_examen2025_ws/install/scorbot_bringup/share/scorbot_bringup//src
[4.062s] -- Up-to-date: /home/rafael/ROS2Dev/robot_examen2025_ws/install/scorbot_bringup/share/scorbot_bringup//src/position_test.py
[4.062s] -- Up-to-date: /home/rafael/ROS2Dev/robot_examen2025_ws/install/scorbot_bringup/share/scorbot_bringup//src/trajectory_test.py
[4.062s] -- Up-to-date: /home/rafael/ROS2Dev/robot_examen2025_ws/install/scorbot_bringup/share/scorbot_bringup/environment/pythonpath.sh
[4.067s] -- Up-to-date: /home/rafael/ROS2Dev/robot_examen2025_ws/install/scorbot_bringup/share/scorbot_bringup/environment/pythonpath.dsv
[4.067s] -- Up-to-date: /home/rafael/ROS2Dev/robot_examen2025_ws/install/scorbot_bringup/local/lib/python3.10/dist-packages/scorbot_bringup-0.0.0-py3.10.egg-info
[4.071s] -- Installing: /home/rafael/ROS2Dev/robot_examen2025_ws/install/scorbot_bringup/local/lib/python3.10/dist-packages/scorbot_bringup-0.0.0-py3.10.egg-info/top_level.txt
[4.071s] -- Installing: /home/rafael/ROS2Dev/robot_examen2025_ws/install/scorbot_bringup/local/lib/python3.10/dist-packages/scorbot_bringup-0.0.0-py3.10.egg-info/PKG-INFO
[4.073s] -- Installing: /home/rafael/ROS2Dev/robot_examen2025_ws/install/scorbot_bringup/local/lib/python3.10/dist-packages/scorbot_bringup-0.0.0-py3.10.egg-info/dependency_links.txt
[4.076s] -- Installing: /home/rafael/ROS2Dev/robot_examen2025_ws/install/scorbot_bringup/local/lib/python3.10/dist-packages/scorbot_bringup-0.0.0-py3.10.egg-info/SOURCES.txt
[4.078s] -- Up-to-date: /home/rafael/ROS2Dev/robot_examen2025_ws/install/scorbot_bringup/local/lib/python3.10/dist-packages/scorbot_bringup
[4.078s] -- Up-to-date: /home/rafael/ROS2Dev/robot_examen2025_ws/install/scorbot_bringup/local/lib/python3.10/dist-packages/scorbot_bringup/__init__.py
[4.290s] Listing '/home/rafael/ROS2Dev/robot_examen2025_ws/install/scorbot_bringup/local/lib/python3.10/dist-packages/scorbot_bringup'...
[4.319s] -- Up-to-date: /home/rafael/ROS2Dev/robot_examen2025_ws/install/scorbot_bringup/lib/scorbot_bringup/position_test.py
[4.321s] -- Up-to-date: /home/rafael/ROS2Dev/robot_examen2025_ws/install/scorbot_bringup/lib/scorbot_bringup/trajectory_test.py
[4.325s] -- Up-to-date: /home/rafael/ROS2Dev/robot_examen2025_ws/install/scorbot_bringup/share/ament_index/resource_index/package_run_dependencies/scorbot_bringup
[4.327s] -- Up-to-date: /home/rafael/ROS2Dev/robot_examen2025_ws/install/scorbot_bringup/share/ament_index/resource_index/parent_prefix_path/scorbot_bringup
[4.330s] -- Up-to-date: /home/rafael/ROS2Dev/robot_examen2025_ws/install/scorbot_bringup/share/scorbot_bringup/environment/ament_prefix_path.sh
[4.331s] -- Up-to-date: /home/rafael/ROS2Dev/robot_examen2025_ws/install/scorbot_bringup/share/scorbot_bringup/environment/ament_prefix_path.dsv
[4.332s] -- Up-to-date: /home/rafael/ROS2Dev/robot_examen2025_ws/install/scorbot_bringup/share/scorbot_bringup/environment/path.sh
[4.334s] -- Up-to-date: /home/rafael/ROS2Dev/robot_examen2025_ws/install/scorbot_bringup/share/scorbot_bringup/environment/path.dsv
[4.334s] -- Up-to-date: /home/rafael/ROS2Dev/robot_examen2025_ws/install/scorbot_bringup/share/scorbot_bringup/local_setup.bash
[4.335s] -- Up-to-date: /home/rafael/ROS2Dev/robot_examen2025_ws/install/scorbot_bringup/share/scorbot_bringup/local_setup.sh
[4.336s] -- Up-to-date: /home/rafael/ROS2Dev/robot_examen2025_ws/install/scorbot_bringup/share/scorbot_bringup/local_setup.zsh
[4.338s] -- Up-to-date: /home/rafael/ROS2Dev/robot_examen2025_ws/install/scorbot_bringup/share/scorbot_bringup/local_setup.dsv
[4.338s] -- Installing: /home/rafael/ROS2Dev/robot_examen2025_ws/install/scorbot_bringup/share/scorbot_bringup/package.dsv
[4.343s] -- Up-to-date: /home/rafael/ROS2Dev/robot_examen2025_ws/install/scorbot_bringup/share/ament_index/resource_index/packages/scorbot_bringup
[4.343s] -- Up-to-date: /home/rafael/ROS2Dev/robot_examen2025_ws/install/scorbot_bringup/share/scorbot_bringup/cmake/scorbot_bringupConfig.cmake
[4.344s] -- Up-to-date: /home/rafael/ROS2Dev/robot_examen2025_ws/install/scorbot_bringup/share/scorbot_bringup/cmake/scorbot_bringupConfig-version.cmake
[4.346s] -- Up-to-date: /home/rafael/ROS2Dev/robot_examen2025_ws/install/scorbot_bringup/share/scorbot_bringup/package.xml
[4.358s] Invoked command in '/home/rafael/ROS2Dev/robot_examen2025_ws/build/scorbot_bringup' returned '0': CMAKE_PREFIX_PATH=${CMAKE_PREFIX_PATH}:/opt/ros/humble /usr/bin/cmake --install /home/rafael/ROS2Dev/robot_examen2025_ws/build/scorbot_bringup
