[0.793s] DEBUG:colcon:Command line arguments: ['/usr/bin/colcon', 'build']
[0.794s] DEBUG:colcon:Parsed command line arguments: Namespace(log_base=None, log_level=None, verb_name='build', build_base='build', install_base='install', merge_install=False, symlink_install=False, test_result_base=None, continue_on_error=False, executor='parallel', parallel_workers=2, event_handlers=None, ignore_user_meta=False, metas=['./colcon.meta'], base_paths=['.'], packages_ignore=None, packages_ignore_regex=None, paths=None, packages_up_to=None, packages_up_to_regex=None, packages_above=None, packages_above_and_dependencies=None, packages_above_depth=None, packages_select_by_dep=None, packages_skip_by_dep=None, packages_skip_up_to=None, packages_select_build_failed=False, packages_skip_build_finished=False, packages_select_test_failures=False, packages_skip_test_passed=False, packages_select=None, packages_skip=None, packages_select_regex=None, packages_skip_regex=None, packages_start=None, packages_end=None, allow_overriding=[], cmake_args=None, cmake_target=None, cmake_target_skip_unavailable=False, cmake_clean_cache=False, cmake_clean_first=False, cmake_force_configure=False, ament_cmake_args=None, catkin_cmake_args=None, catkin_skip_building_tests=False, mixin_files=None, mixin=None, verb_parser=<colcon_mixin.mixin.mixin_argument.MixinArgumentDecorator object at 0x75d1be594340>, verb_extension=<colcon_core.verb.build.BuildVerb object at 0x75d1be689090>, main=<bound method BuildVerb.main of <colcon_core.verb.build.BuildVerb object at 0x75d1be689090>>, mixin_verb=('build',))
[1.879s] Level 1:colcon.colcon_core.package_discovery:discover_packages(colcon_meta) check parameters
[1.879s] Level 1:colcon.colcon_core.package_discovery:discover_packages(recursive) check parameters
[1.880s] Level 1:colcon.colcon_core.package_discovery:discover_packages(ignore) check parameters
[1.880s] Level 1:colcon.colcon_core.package_discovery:discover_packages(path) check parameters
[1.880s] Level 1:colcon.colcon_core.package_discovery:discover_packages(colcon_meta) discover
[1.880s] Level 1:colcon.colcon_core.package_discovery:discover_packages(recursive) discover
[1.880s] INFO:colcon.colcon_core.package_discovery:Crawling recursively for packages in '/home/rafael/ROS2Dev/robot_examen2025_ws'
[1.881s] Level 1:colcon.colcon_core.package_identification:_identify(.) by extensions ['ignore', 'ignore_ament_install']
[1.881s] Level 1:colcon.colcon_core.package_identification:_identify(.) by extension 'ignore'
[1.881s] Level 1:colcon.colcon_core.package_identification:_identify(.) by extension 'ignore_ament_install'
[1.882s] Level 1:colcon.colcon_core.package_identification:_identify(.) by extensions ['colcon_pkg']
[1.882s] Level 1:colcon.colcon_core.package_identification:_identify(.) by extension 'colcon_pkg'
[1.882s] Level 1:colcon.colcon_core.package_identification:_identify(.) by extensions ['colcon_meta']
[1.882s] Level 1:colcon.colcon_core.package_identification:_identify(.) by extension 'colcon_meta'
[1.882s] Level 1:colcon.colcon_core.package_identification:_identify(.) by extensions ['ros']
[1.882s] Level 1:colcon.colcon_core.package_identification:_identify(.) by extension 'ros'
[1.984s] Level 1:colcon.colcon_core.package_identification:_identify(.) by extensions ['cmake', 'python']
[1.985s] Level 1:colcon.colcon_core.package_identification:_identify(.) by extension 'cmake'
[1.985s] Level 1:colcon.colcon_core.package_identification:_identify(.) by extension 'python'
[1.985s] Level 1:colcon.colcon_core.package_identification:_identify(.) by extensions ['python_setup_py']
[1.985s] Level 1:colcon.colcon_core.package_identification:_identify(.) by extension 'python_setup_py'
[1.986s] Level 1:colcon.colcon_core.package_identification:_identify(build) by extensions ['ignore', 'ignore_ament_install']
[1.986s] Level 1:colcon.colcon_core.package_identification:_identify(build) by extension 'ignore'
[1.986s] Level 1:colcon.colcon_core.package_identification:_identify(build) ignored
[1.987s] Level 1:colcon.colcon_core.package_identification:_identify(install) by extensions ['ignore', 'ignore_ament_install']
[1.987s] Level 1:colcon.colcon_core.package_identification:_identify(install) by extension 'ignore'
[1.988s] Level 1:colcon.colcon_core.package_identification:_identify(install) ignored
[1.988s] Level 1:colcon.colcon_core.package_identification:_identify(log) by extensions ['ignore', 'ignore_ament_install']
[1.988s] Level 1:colcon.colcon_core.package_identification:_identify(log) by extension 'ignore'
[1.989s] Level 1:colcon.colcon_core.package_identification:_identify(log) ignored
[1.989s] Level 1:colcon.colcon_core.package_identification:_identify(src) by extensions ['ignore', 'ignore_ament_install']
[1.989s] Level 1:colcon.colcon_core.package_identification:_identify(src) by extension 'ignore'
[1.990s] Level 1:colcon.colcon_core.package_identification:_identify(src) by extension 'ignore_ament_install'
[1.990s] Level 1:colcon.colcon_core.package_identification:_identify(src) by extensions ['colcon_pkg']
[1.990s] Level 1:colcon.colcon_core.package_identification:_identify(src) by extension 'colcon_pkg'
[1.990s] Level 1:colcon.colcon_core.package_identification:_identify(src) by extensions ['colcon_meta']
[1.990s] Level 1:colcon.colcon_core.package_identification:_identify(src) by extension 'colcon_meta'
[1.991s] Level 1:colcon.colcon_core.package_identification:_identify(src) by extensions ['ros']
[1.991s] Level 1:colcon.colcon_core.package_identification:_identify(src) by extension 'ros'
[1.991s] Level 1:colcon.colcon_core.package_identification:_identify(src) by extensions ['cmake', 'python']
[1.991s] Level 1:colcon.colcon_core.package_identification:_identify(src) by extension 'cmake'
[1.991s] Level 1:colcon.colcon_core.package_identification:_identify(src) by extension 'python'
[1.992s] Level 1:colcon.colcon_core.package_identification:_identify(src) by extensions ['python_setup_py']
[1.992s] Level 1:colcon.colcon_core.package_identification:_identify(src) by extension 'python_setup_py'
[1.992s] Level 1:colcon.colcon_core.package_identification:_identify(src/scorbot_bringup) by extensions ['ignore', 'ignore_ament_install']
[1.993s] Level 1:colcon.colcon_core.package_identification:_identify(src/scorbot_bringup) by extension 'ignore'
[1.993s] Level 1:colcon.colcon_core.package_identification:_identify(src/scorbot_bringup) by extension 'ignore_ament_install'
[1.993s] Level 1:colcon.colcon_core.package_identification:_identify(src/scorbot_bringup) by extensions ['colcon_pkg']
[1.993s] Level 1:colcon.colcon_core.package_identification:_identify(src/scorbot_bringup) by extension 'colcon_pkg'
[1.993s] Level 1:colcon.colcon_core.package_identification:_identify(src/scorbot_bringup) by extensions ['colcon_meta']
[1.994s] Level 1:colcon.colcon_core.package_identification:_identify(src/scorbot_bringup) by extension 'colcon_meta'
[1.994s] Level 1:colcon.colcon_core.package_identification:_identify(src/scorbot_bringup) by extensions ['ros']
[1.994s] Level 1:colcon.colcon_core.package_identification:_identify(src/scorbot_bringup) by extension 'ros'
[2.003s] DEBUG:colcon.colcon_core.package_identification:Package 'src/scorbot_bringup' with type 'ros.ament_cmake' and name 'scorbot_bringup'
[2.003s] Level 1:colcon.colcon_core.package_identification:_identify(src/scorbot_description) by extensions ['ignore', 'ignore_ament_install']
[2.004s] Level 1:colcon.colcon_core.package_identification:_identify(src/scorbot_description) by extension 'ignore'
[2.004s] Level 1:colcon.colcon_core.package_identification:_identify(src/scorbot_description) by extension 'ignore_ament_install'
[2.004s] Level 1:colcon.colcon_core.package_identification:_identify(src/scorbot_description) by extensions ['colcon_pkg']
[2.005s] Level 1:colcon.colcon_core.package_identification:_identify(src/scorbot_description) by extension 'colcon_pkg'
[2.005s] Level 1:colcon.colcon_core.package_identification:_identify(src/scorbot_description) by extensions ['colcon_meta']
[2.005s] Level 1:colcon.colcon_core.package_identification:_identify(src/scorbot_description) by extension 'colcon_meta'
[2.005s] Level 1:colcon.colcon_core.package_identification:_identify(src/scorbot_description) by extensions ['ros']
[2.005s] Level 1:colcon.colcon_core.package_identification:_identify(src/scorbot_description) by extension 'ros'
[2.007s] DEBUG:colcon.colcon_core.package_identification:Package 'src/scorbot_description' with type 'ros.ament_cmake' and name 'scorbot_description'
[2.008s] Level 1:colcon.colcon_core.package_discovery:discover_packages(recursive) using defaults
[2.008s] Level 1:colcon.colcon_core.package_discovery:discover_packages(ignore) discover
[2.008s] Level 1:colcon.colcon_core.package_discovery:discover_packages(ignore) using defaults
[2.008s] Level 1:colcon.colcon_core.package_discovery:discover_packages(path) discover
[2.008s] Level 1:colcon.colcon_core.package_discovery:discover_packages(path) using defaults
[2.139s] Level 1:colcon.colcon_core.package_discovery:discover_packages(prefix_path) check parameters
[2.139s] Level 1:colcon.colcon_core.package_discovery:discover_packages(prefix_path) discover
[2.166s] DEBUG:colcon.colcon_installed_package_information.package_discovery:Found 2 installed packages in /home/rafael/ROS2Dev/robot_examen2025_ws/install
[2.169s] DEBUG:colcon.colcon_installed_package_information.package_discovery:Found 7 installed packages in /home/rafael/ROS2Dev/robot_2025_ws/install
[2.178s] DEBUG:colcon.colcon_installed_package_information.package_discovery:Found 333 installed packages in /opt/ros/humble
[2.189s] Level 1:colcon.colcon_core.package_discovery:discover_packages(prefix_path) using defaults
[2.425s] Level 5:colcon.colcon_core.verb:set package 'scorbot_bringup' build argument 'cmake_args' from command line to 'None'
[2.425s] Level 5:colcon.colcon_core.verb:set package 'scorbot_bringup' build argument 'cmake_target' from command line to 'None'
[2.425s] Level 5:colcon.colcon_core.verb:set package 'scorbot_bringup' build argument 'cmake_target_skip_unavailable' from command line to 'False'
[2.425s] Level 5:colcon.colcon_core.verb:set package 'scorbot_bringup' build argument 'cmake_clean_cache' from command line to 'False'
[2.425s] Level 5:colcon.colcon_core.verb:set package 'scorbot_bringup' build argument 'cmake_clean_first' from command line to 'False'
[2.426s] Level 5:colcon.colcon_core.verb:set package 'scorbot_bringup' build argument 'cmake_force_configure' from command line to 'False'
[2.426s] Level 5:colcon.colcon_core.verb:set package 'scorbot_bringup' build argument 'ament_cmake_args' from command line to 'None'
[2.426s] Level 5:colcon.colcon_core.verb:set package 'scorbot_bringup' build argument 'catkin_cmake_args' from command line to 'None'
[2.426s] Level 5:colcon.colcon_core.verb:set package 'scorbot_bringup' build argument 'catkin_skip_building_tests' from command line to 'False'
[2.426s] DEBUG:colcon.colcon_core.verb:Building package 'scorbot_bringup' with the following arguments: {'ament_cmake_args': None, 'build_base': '/home/rafael/ROS2Dev/robot_examen2025_ws/build/scorbot_bringup', 'catkin_cmake_args': None, 'catkin_skip_building_tests': False, 'cmake_args': None, 'cmake_clean_cache': False, 'cmake_clean_first': False, 'cmake_force_configure': False, 'cmake_target': None, 'cmake_target_skip_unavailable': False, 'install_base': '/home/rafael/ROS2Dev/robot_examen2025_ws/install/scorbot_bringup', 'merge_install': False, 'path': '/home/rafael/ROS2Dev/robot_examen2025_ws/src/scorbot_bringup', 'symlink_install': False, 'test_result_base': None}
[2.428s] Level 5:colcon.colcon_core.verb:set package 'scorbot_description' build argument 'cmake_args' from command line to 'None'
[2.428s] Level 5:colcon.colcon_core.verb:set package 'scorbot_description' build argument 'cmake_target' from command line to 'None'
[2.428s] Level 5:colcon.colcon_core.verb:set package 'scorbot_description' build argument 'cmake_target_skip_unavailable' from command line to 'False'
[2.428s] Level 5:colcon.colcon_core.verb:set package 'scorbot_description' build argument 'cmake_clean_cache' from command line to 'False'
[2.428s] Level 5:colcon.colcon_core.verb:set package 'scorbot_description' build argument 'cmake_clean_first' from command line to 'False'
[2.428s] Level 5:colcon.colcon_core.verb:set package 'scorbot_description' build argument 'cmake_force_configure' from command line to 'False'
[2.429s] Level 5:colcon.colcon_core.verb:set package 'scorbot_description' build argument 'ament_cmake_args' from command line to 'None'
[2.429s] Level 5:colcon.colcon_core.verb:set package 'scorbot_description' build argument 'catkin_cmake_args' from command line to 'None'
[2.429s] Level 5:colcon.colcon_core.verb:set package 'scorbot_description' build argument 'catkin_skip_building_tests' from command line to 'False'
[2.429s] DEBUG:colcon.colcon_core.verb:Building package 'scorbot_description' with the following arguments: {'ament_cmake_args': None, 'build_base': '/home/rafael/ROS2Dev/robot_examen2025_ws/build/scorbot_description', 'catkin_cmake_args': None, 'catkin_skip_building_tests': False, 'cmake_args': None, 'cmake_clean_cache': False, 'cmake_clean_first': False, 'cmake_force_configure': False, 'cmake_target': None, 'cmake_target_skip_unavailable': False, 'install_base': '/home/rafael/ROS2Dev/robot_examen2025_ws/install/scorbot_description', 'merge_install': False, 'path': '/home/rafael/ROS2Dev/robot_examen2025_ws/src/scorbot_description', 'symlink_install': False, 'test_result_base': None}
[2.429s] INFO:colcon.colcon_core.executor:Executing jobs using 'parallel' executor
[2.434s] DEBUG:colcon.colcon_parallel_executor.executor.parallel:run_until_complete
[2.435s] INFO:colcon.colcon_ros.task.ament_cmake.build:Building ROS package in '/home/rafael/ROS2Dev/robot_examen2025_ws/src/scorbot_bringup' with build type 'ament_cmake'
[2.437s] INFO:colcon.colcon_cmake.task.cmake.build:Building CMake package in '/home/rafael/ROS2Dev/robot_examen2025_ws/src/scorbot_bringup'
[2.447s] INFO:colcon.colcon_core.plugin_system:Skipping extension 'colcon_core.shell.bat': Not used on non-Windows systems
[2.448s] INFO:colcon.colcon_core.shell:Skip shell extension 'powershell' for command environment: Not usable outside of PowerShell
[2.448s] DEBUG:colcon.colcon_core.shell:Skip shell extension 'dsv' for command environment
[2.472s] INFO:colcon.colcon_ros.task.ament_cmake.build:Building ROS package in '/home/rafael/ROS2Dev/robot_examen2025_ws/src/scorbot_description' with build type 'ament_cmake'
[2.474s] INFO:colcon.colcon_cmake.task.cmake.build:Building CMake package in '/home/rafael/ROS2Dev/robot_examen2025_ws/src/scorbot_description'
[2.475s] INFO:colcon.colcon_core.shell:Skip shell extension 'powershell' for command environment: Not usable outside of PowerShell
[2.476s] DEBUG:colcon.colcon_core.shell:Skip shell extension 'dsv' for command environment
[2.515s] DEBUG:colcon.colcon_core.event_handler.log_command:Invoking command in '/home/rafael/ROS2Dev/robot_examen2025_ws/build/scorbot_bringup': CMAKE_PREFIX_PATH=${CMAKE_PREFIX_PATH}:/opt/ros/humble /usr/bin/cmake --build /home/rafael/ROS2Dev/robot_examen2025_ws/build/scorbot_bringup -- -j2 -l2
[2.577s] DEBUG:colcon.colcon_core.event_handler.log_command:Invoking command in '/home/rafael/ROS2Dev/robot_examen2025_ws/build/scorbot_description': CMAKE_PREFIX_PATH=${CMAKE_PREFIX_PATH}:/opt/ros/humble /usr/bin/cmake --build /home/rafael/ROS2Dev/robot_examen2025_ws/build/scorbot_description -- -j2 -l2
[2.720s] DEBUG:colcon.colcon_core.event_handler.log_command:Invoked command in '/home/rafael/ROS2Dev/robot_examen2025_ws/build/scorbot_description' returned '0': CMAKE_PREFIX_PATH=${CMAKE_PREFIX_PATH}:/opt/ros/humble /usr/bin/cmake --build /home/rafael/ROS2Dev/robot_examen2025_ws/build/scorbot_description -- -j2 -l2
[2.846s] DEBUG:colcon.colcon_core.event_handler.log_command:Invoking command in '/home/rafael/ROS2Dev/robot_examen2025_ws/build/scorbot_description': CMAKE_PREFIX_PATH=${CMAKE_PREFIX_PATH}:/opt/ros/humble /usr/bin/cmake --install /home/rafael/ROS2Dev/robot_examen2025_ws/build/scorbot_description
[2.897s] Level 1:colcon.colcon_core.environment:create_environment_scripts_only(scorbot_description)
[2.910s] DEBUG:colcon.colcon_core.event_handler.log_command:Invoked command in '/home/rafael/ROS2Dev/robot_examen2025_ws/build/scorbot_description' returned '0': CMAKE_PREFIX_PATH=${CMAKE_PREFIX_PATH}:/opt/ros/humble /usr/bin/cmake --install /home/rafael/ROS2Dev/robot_examen2025_ws/build/scorbot_description
[2.916s] Level 1:colcon.colcon_core.environment:checking '/home/rafael/ROS2Dev/robot_examen2025_ws/install/scorbot_description' for CMake module files
[2.918s] Level 1:colcon.colcon_core.environment:checking '/home/rafael/ROS2Dev/robot_examen2025_ws/install/scorbot_description' for CMake config files
[2.919s] Level 1:colcon.colcon_core.shell:create_environment_hook('scorbot_description', 'cmake_prefix_path')
[2.920s] INFO:colcon.colcon_core.shell:Creating environment hook '/home/rafael/ROS2Dev/robot_examen2025_ws/install/scorbot_description/share/scorbot_description/hook/cmake_prefix_path.ps1'
[2.923s] INFO:colcon.colcon_core.shell:Creating environment descriptor '/home/rafael/ROS2Dev/robot_examen2025_ws/install/scorbot_description/share/scorbot_description/hook/cmake_prefix_path.dsv'
[2.925s] INFO:colcon.colcon_core.shell:Creating environment hook '/home/rafael/ROS2Dev/robot_examen2025_ws/install/scorbot_description/share/scorbot_description/hook/cmake_prefix_path.sh'
[2.928s] Level 1:colcon.colcon_core.environment:checking '/home/rafael/ROS2Dev/robot_examen2025_ws/install/scorbot_description/bin'
[2.929s] Level 1:colcon.colcon_core.environment:checking '/home/rafael/ROS2Dev/robot_examen2025_ws/install/scorbot_description/lib/pkgconfig/scorbot_description.pc'
[2.930s] Level 1:colcon.colcon_core.environment:checking '/home/rafael/ROS2Dev/robot_examen2025_ws/install/scorbot_description/lib/python3.10/site-packages'
[2.931s] Level 1:colcon.colcon_core.environment:checking '/home/rafael/ROS2Dev/robot_examen2025_ws/install/scorbot_description/bin'
[2.932s] INFO:colcon.colcon_core.shell:Creating package script '/home/rafael/ROS2Dev/robot_examen2025_ws/install/scorbot_description/share/scorbot_description/package.ps1'
[2.935s] INFO:colcon.colcon_core.shell:Creating package descriptor '/home/rafael/ROS2Dev/robot_examen2025_ws/install/scorbot_description/share/scorbot_description/package.dsv'
[2.938s] INFO:colcon.colcon_core.shell:Creating package script '/home/rafael/ROS2Dev/robot_examen2025_ws/install/scorbot_description/share/scorbot_description/package.sh'
[2.941s] INFO:colcon.colcon_core.shell:Creating package script '/home/rafael/ROS2Dev/robot_examen2025_ws/install/scorbot_description/share/scorbot_description/package.bash'
[2.945s] INFO:colcon.colcon_core.shell:Creating package script '/home/rafael/ROS2Dev/robot_examen2025_ws/install/scorbot_description/share/scorbot_description/package.zsh'
[2.948s] Level 1:colcon.colcon_core.environment:create_file_with_runtime_dependencies(/home/rafael/ROS2Dev/robot_examen2025_ws/install/scorbot_description/share/colcon-core/packages/scorbot_description)
[3.039s] Level 1:colcon.colcon_core.environment:create_environment_scripts_only(scorbot_description)
[3.041s] Level 1:colcon.colcon_core.environment:checking '/home/rafael/ROS2Dev/robot_examen2025_ws/install/scorbot_description' for CMake module files
[3.044s] Level 1:colcon.colcon_core.environment:checking '/home/rafael/ROS2Dev/robot_examen2025_ws/install/scorbot_description' for CMake config files
[3.045s] Level 1:colcon.colcon_core.shell:create_environment_hook('scorbot_description', 'cmake_prefix_path')
[3.046s] INFO:colcon.colcon_core.shell:Creating environment hook '/home/rafael/ROS2Dev/robot_examen2025_ws/install/scorbot_description/share/scorbot_description/hook/cmake_prefix_path.ps1'
[3.048s] INFO:colcon.colcon_core.shell:Creating environment descriptor '/home/rafael/ROS2Dev/robot_examen2025_ws/install/scorbot_description/share/scorbot_description/hook/cmake_prefix_path.dsv'
[3.050s] INFO:colcon.colcon_core.shell:Creating environment hook '/home/rafael/ROS2Dev/robot_examen2025_ws/install/scorbot_description/share/scorbot_description/hook/cmake_prefix_path.sh'
[3.052s] Level 1:colcon.colcon_core.environment:checking '/home/rafael/ROS2Dev/robot_examen2025_ws/install/scorbot_description/bin'
[3.053s] Level 1:colcon.colcon_core.environment:checking '/home/rafael/ROS2Dev/robot_examen2025_ws/install/scorbot_description/lib/pkgconfig/scorbot_description.pc'
[3.054s] Level 1:colcon.colcon_core.environment:checking '/home/rafael/ROS2Dev/robot_examen2025_ws/install/scorbot_description/lib/python3.10/site-packages'
[3.054s] Level 1:colcon.colcon_core.environment:checking '/home/rafael/ROS2Dev/robot_examen2025_ws/install/scorbot_description/bin'
[3.056s] INFO:colcon.colcon_core.shell:Creating package script '/home/rafael/ROS2Dev/robot_examen2025_ws/install/scorbot_description/share/scorbot_description/package.ps1'
[3.058s] INFO:colcon.colcon_core.shell:Creating package descriptor '/home/rafael/ROS2Dev/robot_examen2025_ws/install/scorbot_description/share/scorbot_description/package.dsv'
[3.060s] INFO:colcon.colcon_core.shell:Creating package script '/home/rafael/ROS2Dev/robot_examen2025_ws/install/scorbot_description/share/scorbot_description/package.sh'
[3.062s] INFO:colcon.colcon_core.shell:Creating package script '/home/rafael/ROS2Dev/robot_examen2025_ws/install/scorbot_description/share/scorbot_description/package.bash'
[3.064s] INFO:colcon.colcon_core.shell:Creating package script '/home/rafael/ROS2Dev/robot_examen2025_ws/install/scorbot_description/share/scorbot_description/package.zsh'
[3.066s] Level 1:colcon.colcon_core.environment:create_file_with_runtime_dependencies(/home/rafael/ROS2Dev/robot_examen2025_ws/install/scorbot_description/share/colcon-core/packages/scorbot_description)
[4.428s] DEBUG:colcon.colcon_core.event_handler.log_command:Invoked command in '/home/rafael/ROS2Dev/robot_examen2025_ws/build/scorbot_bringup' returned '0': CMAKE_PREFIX_PATH=${CMAKE_PREFIX_PATH}:/opt/ros/humble /usr/bin/cmake --build /home/rafael/ROS2Dev/robot_examen2025_ws/build/scorbot_bringup -- -j2 -l2
[4.515s] DEBUG:colcon.colcon_core.event_handler.log_command:Invoking command in '/home/rafael/ROS2Dev/robot_examen2025_ws/build/scorbot_bringup': CMAKE_PREFIX_PATH=${CMAKE_PREFIX_PATH}:/opt/ros/humble /usr/bin/cmake --install /home/rafael/ROS2Dev/robot_examen2025_ws/build/scorbot_bringup
[4.713s] Level 1:colcon.colcon_core.environment:create_environment_scripts_only(scorbot_bringup)
[4.714s] Level 1:colcon.colcon_core.environment:checking '/home/rafael/ROS2Dev/robot_examen2025_ws/install/scorbot_bringup' for CMake module files
[4.720s] Level 1:colcon.colcon_core.environment:checking '/home/rafael/ROS2Dev/robot_examen2025_ws/install/scorbot_bringup' for CMake config files
[4.724s] DEBUG:colcon.colcon_core.event_handler.log_command:Invoked command in '/home/rafael/ROS2Dev/robot_examen2025_ws/build/scorbot_bringup' returned '0': CMAKE_PREFIX_PATH=${CMAKE_PREFIX_PATH}:/opt/ros/humble /usr/bin/cmake --install /home/rafael/ROS2Dev/robot_examen2025_ws/build/scorbot_bringup
[4.725s] Level 1:colcon.colcon_core.shell:create_environment_hook('scorbot_bringup', 'cmake_prefix_path')
[4.726s] INFO:colcon.colcon_core.shell:Creating environment hook '/home/rafael/ROS2Dev/robot_examen2025_ws/install/scorbot_bringup/share/scorbot_bringup/hook/cmake_prefix_path.ps1'
[4.728s] INFO:colcon.colcon_core.shell:Creating environment descriptor '/home/rafael/ROS2Dev/robot_examen2025_ws/install/scorbot_bringup/share/scorbot_bringup/hook/cmake_prefix_path.dsv'
[4.729s] INFO:colcon.colcon_core.shell:Creating environment hook '/home/rafael/ROS2Dev/robot_examen2025_ws/install/scorbot_bringup/share/scorbot_bringup/hook/cmake_prefix_path.sh'
[4.732s] Level 1:colcon.colcon_core.environment:checking '/home/rafael/ROS2Dev/robot_examen2025_ws/install/scorbot_bringup/lib'
[4.733s] Level 1:colcon.colcon_core.environment:checking '/home/rafael/ROS2Dev/robot_examen2025_ws/install/scorbot_bringup/bin'
[4.733s] Level 1:colcon.colcon_core.environment:checking '/home/rafael/ROS2Dev/robot_examen2025_ws/install/scorbot_bringup/lib/pkgconfig/scorbot_bringup.pc'
[4.734s] Level 1:colcon.colcon_core.environment:checking '/home/rafael/ROS2Dev/robot_examen2025_ws/install/scorbot_bringup/lib/python3.10/site-packages'
[4.735s] Level 1:colcon.colcon_core.environment:checking '/home/rafael/ROS2Dev/robot_examen2025_ws/install/scorbot_bringup/bin'
[4.736s] INFO:colcon.colcon_core.shell:Creating package script '/home/rafael/ROS2Dev/robot_examen2025_ws/install/scorbot_bringup/share/scorbot_bringup/package.ps1'
[4.738s] INFO:colcon.colcon_core.shell:Creating package descriptor '/home/rafael/ROS2Dev/robot_examen2025_ws/install/scorbot_bringup/share/scorbot_bringup/package.dsv'
[4.740s] INFO:colcon.colcon_core.shell:Creating package script '/home/rafael/ROS2Dev/robot_examen2025_ws/install/scorbot_bringup/share/scorbot_bringup/package.sh'
[4.742s] INFO:colcon.colcon_core.shell:Creating package script '/home/rafael/ROS2Dev/robot_examen2025_ws/install/scorbot_bringup/share/scorbot_bringup/package.bash'
[4.743s] INFO:colcon.colcon_core.shell:Creating package script '/home/rafael/ROS2Dev/robot_examen2025_ws/install/scorbot_bringup/share/scorbot_bringup/package.zsh'
[4.745s] Level 1:colcon.colcon_core.environment:create_file_with_runtime_dependencies(/home/rafael/ROS2Dev/robot_examen2025_ws/install/scorbot_bringup/share/colcon-core/packages/scorbot_bringup)
[4.832s] Level 1:colcon.colcon_core.environment:create_environment_scripts_only(scorbot_bringup)
[4.833s] Level 1:colcon.colcon_core.environment:checking '/home/rafael/ROS2Dev/robot_examen2025_ws/install/scorbot_bringup' for CMake module files
[4.836s] Level 1:colcon.colcon_core.environment:checking '/home/rafael/ROS2Dev/robot_examen2025_ws/install/scorbot_bringup' for CMake config files
[4.837s] Level 1:colcon.colcon_core.shell:create_environment_hook('scorbot_bringup', 'cmake_prefix_path')
[4.838s] INFO:colcon.colcon_core.shell:Creating environment hook '/home/rafael/ROS2Dev/robot_examen2025_ws/install/scorbot_bringup/share/scorbot_bringup/hook/cmake_prefix_path.ps1'
[4.840s] INFO:colcon.colcon_core.shell:Creating environment descriptor '/home/rafael/ROS2Dev/robot_examen2025_ws/install/scorbot_bringup/share/scorbot_bringup/hook/cmake_prefix_path.dsv'
[4.841s] INFO:colcon.colcon_core.shell:Creating environment hook '/home/rafael/ROS2Dev/robot_examen2025_ws/install/scorbot_bringup/share/scorbot_bringup/hook/cmake_prefix_path.sh'
[4.843s] Level 1:colcon.colcon_core.environment:checking '/home/rafael/ROS2Dev/robot_examen2025_ws/install/scorbot_bringup/lib'
[4.844s] Level 1:colcon.colcon_core.environment:checking '/home/rafael/ROS2Dev/robot_examen2025_ws/install/scorbot_bringup/bin'
[4.844s] Level 1:colcon.colcon_core.environment:checking '/home/rafael/ROS2Dev/robot_examen2025_ws/install/scorbot_bringup/lib/pkgconfig/scorbot_bringup.pc'
[4.845s] Level 1:colcon.colcon_core.environment:checking '/home/rafael/ROS2Dev/robot_examen2025_ws/install/scorbot_bringup/lib/python3.10/site-packages'
[4.846s] Level 1:colcon.colcon_core.environment:checking '/home/rafael/ROS2Dev/robot_examen2025_ws/install/scorbot_bringup/bin'
[4.847s] INFO:colcon.colcon_core.shell:Creating package script '/home/rafael/ROS2Dev/robot_examen2025_ws/install/scorbot_bringup/share/scorbot_bringup/package.ps1'
[4.849s] INFO:colcon.colcon_core.shell:Creating package descriptor '/home/rafael/ROS2Dev/robot_examen2025_ws/install/scorbot_bringup/share/scorbot_bringup/package.dsv'
[4.851s] INFO:colcon.colcon_core.shell:Creating package script '/home/rafael/ROS2Dev/robot_examen2025_ws/install/scorbot_bringup/share/scorbot_bringup/package.sh'
[4.853s] INFO:colcon.colcon_core.shell:Creating package script '/home/rafael/ROS2Dev/robot_examen2025_ws/install/scorbot_bringup/share/scorbot_bringup/package.bash'
[4.855s] INFO:colcon.colcon_core.shell:Creating package script '/home/rafael/ROS2Dev/robot_examen2025_ws/install/scorbot_bringup/share/scorbot_bringup/package.zsh'
[4.857s] Level 1:colcon.colcon_core.environment:create_file_with_runtime_dependencies(/home/rafael/ROS2Dev/robot_examen2025_ws/install/scorbot_bringup/share/colcon-core/packages/scorbot_bringup)
[4.858s] DEBUG:colcon.colcon_parallel_executor.executor.parallel:closing loop
[4.859s] DEBUG:colcon.colcon_parallel_executor.executor.parallel:loop closed
[4.859s] DEBUG:colcon.colcon_parallel_executor.executor.parallel:run_until_complete finished with '0'
[4.860s] DEBUG:colcon.colcon_core.event_reactor:joining thread
[4.885s] INFO:colcon.colcon_core.plugin_system:Skipping extension 'colcon_notification.desktop_notification.terminal_notifier': Not used on non-Darwin systems
[4.885s] INFO:colcon.colcon_core.plugin_system:Skipping extension 'colcon_notification.desktop_notification.win32': Not used on non-Windows systems
[4.885s] INFO:colcon.colcon_notification.desktop_notification:Sending desktop notification using 'notify2'
[4.956s] DEBUG:colcon.colcon_core.event_reactor:joined thread
[4.958s] INFO:colcon.colcon_core.shell:Creating prefix script '/home/rafael/ROS2Dev/robot_examen2025_ws/install/local_setup.ps1'
[4.963s] INFO:colcon.colcon_core.shell:Creating prefix util module '/home/rafael/ROS2Dev/robot_examen2025_ws/install/_local_setup_util_ps1.py'
[4.968s] INFO:colcon.colcon_core.shell:Creating prefix chain script '/home/rafael/ROS2Dev/robot_examen2025_ws/install/setup.ps1'
[4.974s] INFO:colcon.colcon_core.shell:Creating prefix script '/home/rafael/ROS2Dev/robot_examen2025_ws/install/local_setup.sh'
[4.977s] INFO:colcon.colcon_core.shell:Creating prefix util module '/home/rafael/ROS2Dev/robot_examen2025_ws/install/_local_setup_util_sh.py'
[4.979s] INFO:colcon.colcon_core.shell:Creating prefix chain script '/home/rafael/ROS2Dev/robot_examen2025_ws/install/setup.sh'
[4.985s] INFO:colcon.colcon_core.shell:Creating prefix script '/home/rafael/ROS2Dev/robot_examen2025_ws/install/local_setup.bash'
[4.988s] INFO:colcon.colcon_core.shell:Creating prefix chain script '/home/rafael/ROS2Dev/robot_examen2025_ws/install/setup.bash'
[4.994s] INFO:colcon.colcon_core.shell:Creating prefix script '/home/rafael/ROS2Dev/robot_examen2025_ws/install/local_setup.zsh'
[4.996s] INFO:colcon.colcon_core.shell:Creating prefix chain script '/home/rafael/ROS2Dev/robot_examen2025_ws/install/setup.zsh'
