[0.277s] Invoking command in '/home/rafael/ROS2Dev/robot_examen2025_ws/build/scorbot_bringup': CMAKE_PREFIX_PATH=${CMAKE_PREFIX_PATH}:/opt/ros/humble /usr/bin/cmake --build /home/rafael/ROS2Dev/robot_examen2025_ws/build/scorbot_bringup -- -j2 -l2
[1.255s] Built target ament_cmake_python_copy_scorbot_bringup
[2.737s] running egg_info
[2.739s] writing scorbot_bringup.egg-info/PKG-INFO
[2.740s] writing dependency_links to scorbot_bringup.egg-info/dependency_links.txt
[2.743s] writing top-level names to scorbot_bringup.egg-info/top_level.txt
[2.781s] reading manifest file 'scorbot_bringup.egg-info/SOURCES.txt'
[2.787s] writing manifest file 'scorbot_bringup.egg-info/SOURCES.txt'
[2.904s] Built target ament_cmake_python_build_scorbot_bringup_egg
[2.960s] Invoked command in '/home/rafael/ROS2Dev/robot_examen2025_ws/build/scorbot_bringup' returned '0': CMAKE_PREFIX_PATH=${CMAKE_PREFIX_PATH}:/opt/ros/humble /usr/bin/cmake --build /home/rafael/ROS2Dev/robot_examen2025_ws/build/scorbot_bringup -- -j2 -l2
[3.053s] Invoking command in '/home/rafael/ROS2Dev/robot_examen2025_ws/build/scorbot_bringup': CMAKE_PREFIX_PATH=${CMAKE_PREFIX_PATH}:/opt/ros/humble /usr/bin/cmake --install /home/rafael/ROS2Dev/robot_examen2025_ws/build/scorbot_bringup
[3.085s] -- Install configuration: ""
[3.085s] -- Up-to-date: /home/rafael/ROS2Dev/robot_examen2025_ws/install/scorbot_bringup/share/scorbot_bringup//launch
[3.086s] -- Up-to-date: /home/rafael/ROS2Dev/robot_examen2025_ws/install/scorbot_bringup/share/scorbot_bringup//launch/trajectory_controller_scorbot.launch.py
[3.086s] -- Up-to-date: /home/rafael/ROS2Dev/robot_examen2025_ws/install/scorbot_bringup/share/scorbot_bringup//rviz
[3.087s] -- Up-to-date: /home/rafael/ROS2Dev/robot_examen2025_ws/install/scorbot_bringup/share/scorbot_bringup//rviz/scorbot_trajectory_controller_rviz.rviz
[3.088s] -- Up-to-date: /home/rafael/ROS2Dev/robot_examen2025_ws/install/scorbot_bringup/share/scorbot_bringup//world
[3.088s] -- Up-to-date: /home/rafael/ROS2Dev/robot_examen2025_ws/install/scorbot_bringup/share/scorbot_bringup//src
[3.089s] -- Installing: /home/rafael/ROS2Dev/robot_examen2025_ws/install/scorbot_bringup/share/scorbot_bringup//src/trajectory_test.py
[3.090s] -- Up-to-date: /home/rafael/ROS2Dev/robot_examen2025_ws/install/scorbot_bringup/share/scorbot_bringup/environment/pythonpath.sh
[3.090s] -- Up-to-date: /home/rafael/ROS2Dev/robot_examen2025_ws/install/scorbot_bringup/share/scorbot_bringup/environment/pythonpath.dsv
[3.090s] -- Up-to-date: /home/rafael/ROS2Dev/robot_examen2025_ws/install/scorbot_bringup/local/lib/python3.10/dist-packages/scorbot_bringup-0.0.0-py3.10.egg-info
[3.091s] -- Installing: /home/rafael/ROS2Dev/robot_examen2025_ws/install/scorbot_bringup/local/lib/python3.10/dist-packages/scorbot_bringup-0.0.0-py3.10.egg-info/top_level.txt
[3.091s] -- Installing: /home/rafael/ROS2Dev/robot_examen2025_ws/install/scorbot_bringup/local/lib/python3.10/dist-packages/scorbot_bringup-0.0.0-py3.10.egg-info/PKG-INFO
[3.092s] -- Installing: /home/rafael/ROS2Dev/robot_examen2025_ws/install/scorbot_bringup/local/lib/python3.10/dist-packages/scorbot_bringup-0.0.0-py3.10.egg-info/dependency_links.txt
[3.092s] -- Installing: /home/rafael/ROS2Dev/robot_examen2025_ws/install/scorbot_bringup/local/lib/python3.10/dist-packages/scorbot_bringup-0.0.0-py3.10.egg-info/SOURCES.txt
[3.093s] -- Up-to-date: /home/rafael/ROS2Dev/robot_examen2025_ws/install/scorbot_bringup/local/lib/python3.10/dist-packages/scorbot_bringup
[3.093s] -- Up-to-date: /home/rafael/ROS2Dev/robot_examen2025_ws/install/scorbot_bringup/local/lib/python3.10/dist-packages/scorbot_bringup/__init__.py
[3.263s] Listing '/home/rafael/ROS2Dev/robot_examen2025_ws/install/scorbot_bringup/local/lib/python3.10/dist-packages/scorbot_bringup'...
[3.306s] -- Installing: /home/rafael/ROS2Dev/robot_examen2025_ws/install/scorbot_bringup/lib/scorbot_bringup/trajectory_test.py
[3.309s] -- Up-to-date: /home/rafael/ROS2Dev/robot_examen2025_ws/install/scorbot_bringup/share/ament_index/resource_index/package_run_dependencies/scorbot_bringup
[3.311s] -- Up-to-date: /home/rafael/ROS2Dev/robot_examen2025_ws/install/scorbot_bringup/share/ament_index/resource_index/parent_prefix_path/scorbot_bringup
[3.313s] -- Up-to-date: /home/rafael/ROS2Dev/robot_examen2025_ws/install/scorbot_bringup/share/scorbot_bringup/environment/ament_prefix_path.sh
[3.315s] -- Up-to-date: /home/rafael/ROS2Dev/robot_examen2025_ws/install/scorbot_bringup/share/scorbot_bringup/environment/ament_prefix_path.dsv
[3.317s] -- Up-to-date: /home/rafael/ROS2Dev/robot_examen2025_ws/install/scorbot_bringup/share/scorbot_bringup/environment/path.sh
[3.319s] -- Up-to-date: /home/rafael/ROS2Dev/robot_examen2025_ws/install/scorbot_bringup/share/scorbot_bringup/environment/path.dsv
[3.320s] -- Up-to-date: /home/rafael/ROS2Dev/robot_examen2025_ws/install/scorbot_bringup/share/scorbot_bringup/local_setup.bash
[3.322s] -- Up-to-date: /home/rafael/ROS2Dev/robot_examen2025_ws/install/scorbot_bringup/share/scorbot_bringup/local_setup.sh
[3.324s] -- Up-to-date: /home/rafael/ROS2Dev/robot_examen2025_ws/install/scorbot_bringup/share/scorbot_bringup/local_setup.zsh
[3.333s] -- Up-to-date: /home/rafael/ROS2Dev/robot_examen2025_ws/install/scorbot_bringup/share/scorbot_bringup/local_setup.dsv
[3.335s] -- Installing: /home/rafael/ROS2Dev/robot_examen2025_ws/install/scorbot_bringup/share/scorbot_bringup/package.dsv
[3.337s] -- Up-to-date: /home/rafael/ROS2Dev/robot_examen2025_ws/install/scorbot_bringup/share/ament_index/resource_index/packages/scorbot_bringup
[3.339s] -- Up-to-date: /home/rafael/ROS2Dev/robot_examen2025_ws/install/scorbot_bringup/share/scorbot_bringup/cmake/scorbot_bringupConfig.cmake
[3.343s] -- Up-to-date: /home/rafael/ROS2Dev/robot_examen2025_ws/install/scorbot_bringup/share/scorbot_bringup/cmake/scorbot_bringupConfig-version.cmake
[3.347s] -- Up-to-date: /home/rafael/ROS2Dev/robot_examen2025_ws/install/scorbot_bringup/share/scorbot_bringup/package.xml
[3.350s] Invoked command in '/home/rafael/ROS2Dev/robot_examen2025_ws/build/scorbot_bringup' returned '0': CMAKE_PREFIX_PATH=${CMAKE_PREFIX_PATH}:/opt/ros/humble /usr/bin/cmake --install /home/rafael/ROS2Dev/robot_examen2025_ws/build/scorbot_bringup
